2024.02.01 11:35:01 INFO  Started: Metals version 1.2.0 in folders '/home/ysyx/Project/chisel_gen' for client Visual Studio Code 1.81.1.
2024.02.01 11:35:02 WARN  Build server is not auto-connectable.
2024.02.01 11:35:02 WARN  no build target for: /home/ysyx/Project/chisel_gen/src/main/scala/btb.scala
2024.02.01 11:35:12 INFO  no build target found for /home/ysyx/Project/chisel_gen/src/main/scala/btb.scala. Using presentation compiler with project's scala-library version: 3.3.1
2024.02.01 11:35:14 INFO  time: code lens generation in 11s
Feb 01, 2024 11:35:30 AM org.eclipse.lsp4j.jsonrpc.services.GenericEndpoint notify
INFO: Unsupported notification method: $/setTrace
2024.02.01 15:57:09 WARN  no build target for: /home/ysyx/Project/chisel_gen/src/main/scala/datacache.scala
Feb 01, 2024 3:57:11 PM org.eclipse.lsp4j.jsonrpc.RemoteEndpoint handleCancellation
WARNING: Unmatched cancel notification for request id 16
2024.02.01 21:24:33 WARN  no build target for: /home/ysyx/Project/chisel_gen/src/main/scala/control.scala
2024.02.01 23:00:52 ERROR Failed to tokenize input for semantic tokens for /home/ysyx/Project/chisel_gen/src/main/scala/control.scala
scala.meta.tokenizers.TokenizeException: <input>:113: error: illegal character '\uff0c'
    "b0010111".U -> 1.Uï¼Œ
                       ^
	at scala.meta.internal.tokenizers.Reporter.syntaxError(Reporter.scala:23)
	at scala.meta.internal.tokenizers.Reporter.syntaxError$(Reporter.scala:23)
	at scala.meta.internal.tokenizers.Reporter$$anon$1.syntaxError(Reporter.scala:33)
	at scala.meta.internal.tokenizers.Reporter.syntaxError(Reporter.scala:25)
	at scala.meta.internal.tokenizers.Reporter.syntaxError$(Reporter.scala:25)
	at scala.meta.internal.tokenizers.Reporter$$anon$1.syntaxError(Reporter.scala:33)
	at scala.meta.internal.tokenizers.LegacyScanner.fetchOther$1(LegacyScanner.scala:469)
	at scala.meta.internal.tokenizers.LegacyScanner.fetchToken(LegacyScanner.scala:474)
	at scala.meta.internal.tokenizers.LegacyScanner.nextToken(LegacyScanner.scala:211)
	at scala.meta.internal.tokenizers.LegacyScanner.foreach(LegacyScanner.scala:1011)
	at scala.meta.internal.tokenizers.ScalametaTokenizer.uncachedTokenize(ScalametaTokenizer.scala:24)
	at scala.meta.internal.tokenizers.ScalametaTokenizer.$anonfun$tokenize$1(ScalametaTokenizer.scala:17)
	at scala.collection.concurrent.TrieMap.getOrElseUpdate(TrieMap.scala:962)
	at scala.meta.internal.tokenizers.ScalametaTokenizer.tokenize(ScalametaTokenizer.scala:17)
	at scala.meta.internal.tokenizers.ScalametaTokenizer$$anon$2.apply(ScalametaTokenizer.scala:332)
	at scala.meta.tokenizers.Api$XtensionTokenizeDialectInput.tokenize(Api.scala:25)
	at scala.meta.tokenizers.Api$XtensionTokenizeInputLike.tokenize(Api.scala:14)
	at scala.meta.internal.metals.SemanticTokensProvider$.getTokens(SemanticTokensProvider.scala:28)
	at scala.meta.internal.metals.SemanticTokensProvider$.provide(SemanticTokensProvider.scala:89)
	at scala.meta.internal.metals.Compilers.$anonfun$semanticTokens$3(Compilers.scala:541)
	at scala.concurrent.impl.Promise$Transformation.run(Promise.scala:467)
	at java.util.concurrent.ThreadPoolExecutor.runWorker(ThreadPoolExecutor.java:1149)
	at java.util.concurrent.ThreadPoolExecutor$Worker.run(ThreadPoolExecutor.java:624)
	at java.lang.Thread.run(Thread.java:748)

2024.02.01 23:01:45 WARN  no build target for: /home/ysyx/Project/chisel_gen/src/main/scala/control.scala
2024.02.01 23:06:05 WARN  no build target for: /home/ysyx/Project/chisel_gen/src/main/scala/regfile.scala
2024.02.01 23:06:07 WARN  no build target for: /home/ysyx/Project/chisel_gen/src/main/scala/regfile.scala
2024.02.01 23:06:22 WARN  no build target for: /home/ysyx/Project/chisel_gen/src/main/scala/immgen.scala
2024.02.02 00:04:55 WARN  no build target for: /home/ysyx/Project/chisel_gen/src/main/scala/decode.scala
2024.02.02 00:04:55 WARN  Could not find semantic tokens for: file:///home/ysyx/Project/chisel_gen/src/main/scala/decode.scala
2024.02.02 00:04:56 WARN  Could not find semantic tokens for: file:///home/ysyx/Project/chisel_gen/src/main/scala/decode.scala
2024.02.02 00:06:04 WARN  no build target for: /home/ysyx/Project/chisel_gen/src/main/scala/decode.scala
2024.02.02 00:11:06 WARN  no build target for: /home/ysyx/Project/chisel_gen/src/main/scala/fetch.scala
2024.02.02 01:10:00 WARN  no build target for: /home/ysyx/Project/chisel_gen/src/main/scala/decode.scala
Feb 02, 2024 1:10:00 AM org.eclipse.lsp4j.jsonrpc.RemoteEndpoint handleCancellation
WARNING: Unmatched cancel notification for request id 1509
2024.02.02 01:10:00 WARN  no build target for: /home/ysyx/Project/chisel_gen/src/main/scala/decode.scala
2024.02.02 01:11:12 WARN  no build target for: /home/ysyx/Project/chisel_gen/src/main/scala/decode.scala
2024.02.02 01:11:29 WARN  no build target for: /home/ysyx/Project/chisel_gen/src/main/scala/decode.scala
2024.02.02 01:14:17 WARN  no build target for: /home/ysyx/Project/chisel_gen/src/main/scala/decode.scala
2024.02.02 01:14:17 WARN  Using indexes to guess the definition of id_ex_isbranch_reg
2024.02.02 01:14:17 WARN  Using indexes to guess the definition of id_ex_immsrc_reg
2024.02.02 01:14:54 WARN  no build target for: /home/ysyx/Project/chisel_gen/src/main/scala/decode.scala
2024.02.02 01:15:06 WARN  no build target for: /home/ysyx/Project/chisel_gen/src/main/scala/fetch.scala
2024.02.02 01:15:08 INFO  Shutting down server
2024.02.02 01:15:08 INFO  shutting down Metals
2024.02.02 01:15:08 ERROR Unexpected error initializing server: 
org.eclipse.lsp4j.jsonrpc.ResponseErrorException: Request window/showMessageRequest failed with message: Canceled
	at org.eclipse.lsp4j.jsonrpc.RemoteEndpoint.handleResponse(RemoteEndpoint.java:209)
	at org.eclipse.lsp4j.jsonrpc.RemoteEndpoint.consume(RemoteEndpoint.java:193)
	at org.eclipse.lsp4j.jsonrpc.json.StreamMessageProducer.handleMessage(StreamMessageProducer.java:194)
	at org.eclipse.lsp4j.jsonrpc.json.StreamMessageProducer.listen(StreamMessageProducer.java:94)
	at org.eclipse.lsp4j.jsonrpc.json.ConcurrentMessageProcessor.run(ConcurrentMessageProcessor.java:113)
	at java.util.concurrent.Executors$RunnableAdapter.call(Executors.java:511)
	at java.util.concurrent.FutureTask.run(FutureTask.java:266)
	at java.util.concurrent.ThreadPoolExecutor.runWorker(ThreadPoolExecutor.java:1149)
	at java.util.concurrent.ThreadPoolExecutor$Worker.run(ThreadPoolExecutor.java:624)
	at java.lang.Thread.run(Thread.java:748)

2024.02.02 01:15:08 INFO  Exiting server
2024.02.02 10:15:11 INFO  Started: Metals version 1.2.0 in folders '/home/ysyx/Project/chisel_gen' for client Visual Studio Code 1.81.1.
2024.02.02 10:15:12 WARN  Build server is not auto-connectable.
2024.02.02 10:15:12 WARN  no build target for: /home/ysyx/Project/chisel_gen/src/main/scala/fetch.scala
2024.02.02 10:15:12 WARN  no build target for: /home/ysyx/Project/chisel_gen/src/main/scala/decode.scala
2024.02.02 10:15:20 INFO  no build target found for /home/ysyx/Project/chisel_gen/src/main/scala/decode.scala. Using presentation compiler with project's scala-library version: 3.3.1
2024.02.02 10:15:24 INFO  time: code lens generation in 10s
2024.02.02 10:20:09 INFO  Started: Metals version 1.2.0 in folders '/home/ysyx/Project/chisel_gen' for client Visual Studio Code 1.81.1.
2024.02.02 10:20:13 WARN  Build server is not auto-connectable.
2024.02.02 10:20:13 WARN  no build target for: /home/ysyx/Project/chisel_gen/src/main/scala/decode.scala
2024.02.02 10:20:25 INFO  no build target found for /home/ysyx/Project/chisel_gen/src/main/scala/decode.scala. Using presentation compiler with project's scala-library version: 3.3.1
2024.02.02 10:20:38 INFO  time: code lens generation in 15s
2024.02.02 10:20:38 INFO  time: code lens generation in 5.01s
2024.02.02 10:41:43 ERROR Failed to tokenize input for semantic tokens for /home/ysyx/Project/chisel_gen/src/main/scala/decode.scala
scala.meta.tokenizers.TokenizeException: <input>:166: error: unclosed string literal
  val csrInst = io.inst(6, 0).asUInt === "b1110011
                                         ^
	at scala.meta.internal.tokenizers.Reporter.syntaxError(Reporter.scala:23)
	at scala.meta.internal.tokenizers.Reporter.syntaxError$(Reporter.scala:23)
	at scala.meta.internal.tokenizers.Reporter$$anon$1.syntaxError(Reporter.scala:33)
	at scala.meta.internal.tokenizers.Reporter.syntaxError(Reporter.scala:25)
	at scala.meta.internal.tokenizers.Reporter.syntaxError$(Reporter.scala:25)
	at scala.meta.internal.tokenizers.Reporter$$anon$1.syntaxError(Reporter.scala:33)
	at scala.meta.internal.tokenizers.LegacyScanner.getStringLit(LegacyScanner.scala:553)
	at scala.meta.internal.tokenizers.LegacyScanner.fetchDoubleQuote$1(LegacyScanner.scala:372)
	at scala.meta.internal.tokenizers.LegacyScanner.fetchToken(LegacyScanner.scala:376)
	at scala.meta.internal.tokenizers.LegacyScanner.nextToken(LegacyScanner.scala:211)
	at scala.meta.internal.tokenizers.LegacyScanner.foreach(LegacyScanner.scala:1011)
	at scala.meta.internal.tokenizers.ScalametaTokenizer.uncachedTokenize(ScalametaTokenizer.scala:24)
	at scala.meta.internal.tokenizers.ScalametaTokenizer.$anonfun$tokenize$1(ScalametaTokenizer.scala:17)
	at scala.collection.concurrent.TrieMap.getOrElseUpdate(TrieMap.scala:962)
	at scala.meta.internal.tokenizers.ScalametaTokenizer.tokenize(ScalametaTokenizer.scala:17)
	at scala.meta.internal.tokenizers.ScalametaTokenizer$$anon$2.apply(ScalametaTokenizer.scala:332)
	at scala.meta.tokenizers.Api$XtensionTokenizeDialectInput.tokenize(Api.scala:25)
	at scala.meta.tokenizers.Api$XtensionTokenizeInputLike.tokenize(Api.scala:14)
	at scala.meta.internal.metals.SemanticTokensProvider$.getTokens(SemanticTokensProvider.scala:28)
	at scala.meta.internal.metals.SemanticTokensProvider$.provide(SemanticTokensProvider.scala:89)
	at scala.meta.internal.metals.Compilers.$anonfun$semanticTokens$3(Compilers.scala:541)
	at scala.concurrent.impl.Promise$Transformation.run(Promise.scala:467)
	at java.util.concurrent.ThreadPoolExecutor.runWorker(ThreadPoolExecutor.java:1149)
	at java.util.concurrent.ThreadPoolExecutor$Worker.run(ThreadPoolExecutor.java:624)
	at java.lang.Thread.run(Thread.java:748)

2024.02.02 10:41:50 WARN  no build target for: /home/ysyx/Project/chisel_gen/src/main/scala/fetch.scala
2024.02.02 10:48:25 ERROR Failed to tokenize input for semantic tokens for /home/ysyx/Project/chisel_gen/src/main/scala/decode.scala
scala.meta.tokenizers.TokenizeException: <input>:115: error: Non-zero integral values may not have a leading zero.
  val mert_out = io.inst === 0011000 | 00010 |  00000 | 000 | 00000 | 1110011Control.MERT_INSTRUCTION
                             ^
	at scala.meta.internal.tokenizers.Reporter.syntaxError(Reporter.scala:23)
	at scala.meta.internal.tokenizers.Reporter.syntaxError$(Reporter.scala:23)
	at scala.meta.internal.tokenizers.Reporter$$anon$1.syntaxError(Reporter.scala:33)
	at scala.meta.internal.tokenizers.Reporter.syntaxError(Reporter.scala:25)
	at scala.meta.internal.tokenizers.Reporter.syntaxError$(Reporter.scala:25)
	at scala.meta.internal.tokenizers.Reporter$$anon$1.syntaxError(Reporter.scala:33)
	at scala.meta.internal.tokenizers.LegacyScanner.restOfUncertainToken$1(LegacyScanner.scala:856)
	at scala.meta.internal.tokenizers.LegacyScanner.getNumber(LegacyScanner.scala:872)
	at scala.meta.internal.tokenizers.LegacyScanner.fetchZero$1(LegacyScanner.scala:330)
	at scala.meta.internal.tokenizers.LegacyScanner.fetchToken(LegacyScanner.scala:332)
	at scala.meta.internal.tokenizers.LegacyScanner.nextToken(LegacyScanner.scala:211)
	at scala.meta.internal.tokenizers.LegacyScanner.foreach(LegacyScanner.scala:1011)
	at scala.meta.internal.tokenizers.ScalametaTokenizer.uncachedTokenize(ScalametaTokenizer.scala:24)
	at scala.meta.internal.tokenizers.ScalametaTokenizer.$anonfun$tokenize$1(ScalametaTokenizer.scala:17)
	at scala.collection.concurrent.TrieMap.getOrElseUpdate(TrieMap.scala:962)
	at scala.meta.internal.tokenizers.ScalametaTokenizer.tokenize(ScalametaTokenizer.scala:17)
	at scala.meta.internal.tokenizers.ScalametaTokenizer$$anon$2.apply(ScalametaTokenizer.scala:332)
	at scala.meta.tokenizers.Api$XtensionTokenizeDialectInput.tokenize(Api.scala:25)
	at scala.meta.tokenizers.Api$XtensionTokenizeInputLike.tokenize(Api.scala:14)
	at scala.meta.internal.metals.SemanticTokensProvider$.getTokens(SemanticTokensProvider.scala:28)
	at scala.meta.internal.metals.SemanticTokensProvider$.provide(SemanticTokensProvider.scala:89)
	at scala.meta.internal.metals.Compilers.$anonfun$semanticTokens$3(Compilers.scala:541)
	at scala.concurrent.impl.Promise$Transformation.run(Promise.scala:467)
	at java.util.concurrent.ThreadPoolExecutor.runWorker(ThreadPoolExecutor.java:1149)
	at java.util.concurrent.ThreadPoolExecutor$Worker.run(ThreadPoolExecutor.java:624)
	at java.lang.Thread.run(Thread.java:748)

2024.02.02 10:48:28 ERROR Failed to tokenize input for semantic tokens for /home/ysyx/Project/chisel_gen/src/main/scala/decode.scala
scala.meta.tokenizers.TokenizeException: <input>:115: error: Non-zero integral values may not have a leading zero.
  val mert_out = io.inst === 001100000010 |  00000 | 000 | 00000 | 1110011Control.MERT_INSTRUCTION
                             ^
	at scala.meta.internal.tokenizers.Reporter.syntaxError(Reporter.scala:23)
	at scala.meta.internal.tokenizers.Reporter.syntaxError$(Reporter.scala:23)
	at scala.meta.internal.tokenizers.Reporter$$anon$1.syntaxError(Reporter.scala:33)
	at scala.meta.internal.tokenizers.Reporter.syntaxError(Reporter.scala:25)
	at scala.meta.internal.tokenizers.Reporter.syntaxError$(Reporter.scala:25)
	at scala.meta.internal.tokenizers.Reporter$$anon$1.syntaxError(Reporter.scala:33)
	at scala.meta.internal.tokenizers.LegacyScanner.restOfUncertainToken$1(LegacyScanner.scala:856)
	at scala.meta.internal.tokenizers.LegacyScanner.getNumber(LegacyScanner.scala:872)
	at scala.meta.internal.tokenizers.LegacyScanner.fetchZero$1(LegacyScanner.scala:330)
	at scala.meta.internal.tokenizers.LegacyScanner.fetchToken(LegacyScanner.scala:332)
	at scala.meta.internal.tokenizers.LegacyScanner.nextToken(LegacyScanner.scala:211)
	at scala.meta.internal.tokenizers.LegacyScanner.foreach(LegacyScanner.scala:1011)
	at scala.meta.internal.tokenizers.ScalametaTokenizer.uncachedTokenize(ScalametaTokenizer.scala:24)
	at scala.meta.internal.tokenizers.ScalametaTokenizer.$anonfun$tokenize$1(ScalametaTokenizer.scala:17)
	at scala.collection.concurrent.TrieMap.getOrElseUpdate(TrieMap.scala:962)
	at scala.meta.internal.tokenizers.ScalametaTokenizer.tokenize(ScalametaTokenizer.scala:17)
	at scala.meta.internal.tokenizers.ScalametaTokenizer$$anon$2.apply(ScalametaTokenizer.scala:332)
	at scala.meta.tokenizers.Api$XtensionTokenizeDialectInput.tokenize(Api.scala:25)
	at scala.meta.tokenizers.Api$XtensionTokenizeInputLike.tokenize(Api.scala:14)
	at scala.meta.internal.metals.SemanticTokensProvider$.getTokens(SemanticTokensProvider.scala:28)
	at scala.meta.internal.metals.SemanticTokensProvider$.provide(SemanticTokensProvider.scala:89)
	at scala.meta.internal.metals.Compilers.$anonfun$semanticTokens$3(Compilers.scala:541)
	at scala.concurrent.impl.Promise$Transformation.run(Promise.scala:467)
	at java.util.concurrent.ThreadPoolExecutor.runWorker(ThreadPoolExecutor.java:1149)
	at java.util.concurrent.ThreadPoolExecutor$Worker.run(ThreadPoolExecutor.java:624)
	at java.lang.Thread.run(Thread.java:748)

2024.02.02 10:48:32 ERROR Failed to tokenize input for semantic tokens for /home/ysyx/Project/chisel_gen/src/main/scala/decode.scala
scala.meta.tokenizers.TokenizeException: <input>:115: error: Non-zero integral values may not have a leading zero.
  val mert_out = io.inst === 00110000001000000 | 000 | 00000 | 1110011Control.MERT_INSTRUCTION
                             ^
	at scala.meta.internal.tokenizers.Reporter.syntaxError(Reporter.scala:23)
	at scala.meta.internal.tokenizers.Reporter.syntaxError$(Reporter.scala:23)
	at scala.meta.internal.tokenizers.Reporter$$anon$1.syntaxError(Reporter.scala:33)
	at scala.meta.internal.tokenizers.Reporter.syntaxError(Reporter.scala:25)
	at scala.meta.internal.tokenizers.Reporter.syntaxError$(Reporter.scala:25)
	at scala.meta.internal.tokenizers.Reporter$$anon$1.syntaxError(Reporter.scala:33)
	at scala.meta.internal.tokenizers.LegacyScanner.restOfUncertainToken$1(LegacyScanner.scala:856)
	at scala.meta.internal.tokenizers.LegacyScanner.getNumber(LegacyScanner.scala:872)
	at scala.meta.internal.tokenizers.LegacyScanner.fetchZero$1(LegacyScanner.scala:330)
	at scala.meta.internal.tokenizers.LegacyScanner.fetchToken(LegacyScanner.scala:332)
	at scala.meta.internal.tokenizers.LegacyScanner.nextToken(LegacyScanner.scala:211)
	at scala.meta.internal.tokenizers.LegacyScanner.foreach(LegacyScanner.scala:1011)
	at scala.meta.internal.tokenizers.ScalametaTokenizer.uncachedTokenize(ScalametaTokenizer.scala:24)
	at scala.meta.internal.tokenizers.ScalametaTokenizer.$anonfun$tokenize$1(ScalametaTokenizer.scala:17)
	at scala.collection.concurrent.TrieMap.getOrElseUpdate(TrieMap.scala:962)
	at scala.meta.internal.tokenizers.ScalametaTokenizer.tokenize(ScalametaTokenizer.scala:17)
	at scala.meta.internal.tokenizers.ScalametaTokenizer$$anon$2.apply(ScalametaTokenizer.scala:332)
	at scala.meta.tokenizers.Api$XtensionTokenizeDialectInput.tokenize(Api.scala:25)
	at scala.meta.tokenizers.Api$XtensionTokenizeInputLike.tokenize(Api.scala:14)
	at scala.meta.internal.metals.SemanticTokensProvider$.getTokens(SemanticTokensProvider.scala:28)
	at scala.meta.internal.metals.SemanticTokensProvider$.provide(SemanticTokensProvider.scala:89)
	at scala.meta.internal.metals.Compilers.$anonfun$semanticTokens$3(Compilers.scala:541)
	at scala.concurrent.impl.Promise$Transformation.run(Promise.scala:467)
	at java.util.concurrent.ThreadPoolExecutor.runWorker(ThreadPoolExecutor.java:1149)
	at java.util.concurrent.ThreadPoolExecutor$Worker.run(ThreadPoolExecutor.java:624)
	at java.lang.Thread.run(Thread.java:748)

2024.02.02 10:48:36 ERROR Failed to tokenize input for semantic tokens for /home/ysyx/Project/chisel_gen/src/main/scala/decode.scala
scala.meta.tokenizers.TokenizeException: <input>:115: error: Non-zero integral values may not have a leading zero.
  val mert_out = io.inst === 00110000001000000000 | 00000 | 1110011Control.MERT_INSTRUCTION
                             ^
	at scala.meta.internal.tokenizers.Reporter.syntaxError(Reporter.scala:23)
	at scala.meta.internal.tokenizers.Reporter.syntaxError$(Reporter.scala:23)
	at scala.meta.internal.tokenizers.Reporter$$anon$1.syntaxError(Reporter.scala:33)
	at scala.meta.internal.tokenizers.Reporter.syntaxError(Reporter.scala:25)
	at scala.meta.internal.tokenizers.Reporter.syntaxError$(Reporter.scala:25)
	at scala.meta.internal.tokenizers.Reporter$$anon$1.syntaxError(Reporter.scala:33)
	at scala.meta.internal.tokenizers.LegacyScanner.restOfUncertainToken$1(LegacyScanner.scala:856)
	at scala.meta.internal.tokenizers.LegacyScanner.getNumber(LegacyScanner.scala:872)
	at scala.meta.internal.tokenizers.LegacyScanner.fetchZero$1(LegacyScanner.scala:330)
	at scala.meta.internal.tokenizers.LegacyScanner.fetchToken(LegacyScanner.scala:332)
	at scala.meta.internal.tokenizers.LegacyScanner.nextToken(LegacyScanner.scala:211)
	at scala.meta.internal.tokenizers.LegacyScanner.foreach(LegacyScanner.scala:1011)
	at scala.meta.internal.tokenizers.ScalametaTokenizer.uncachedTokenize(ScalametaTokenizer.scala:24)
	at scala.meta.internal.tokenizers.ScalametaTokenizer.$anonfun$tokenize$1(ScalametaTokenizer.scala:17)
	at scala.collection.concurrent.TrieMap.getOrElseUpdate(TrieMap.scala:962)
	at scala.meta.internal.tokenizers.ScalametaTokenizer.tokenize(ScalametaTokenizer.scala:17)
	at scala.meta.internal.tokenizers.ScalametaTokenizer$$anon$2.apply(ScalametaTokenizer.scala:332)
	at scala.meta.tokenizers.Api$XtensionTokenizeDialectInput.tokenize(Api.scala:25)
	at scala.meta.tokenizers.Api$XtensionTokenizeInputLike.tokenize(Api.scala:14)
	at scala.meta.internal.metals.SemanticTokensProvider$.getTokens(SemanticTokensProvider.scala:28)
	at scala.meta.internal.metals.SemanticTokensProvider$.provide(SemanticTokensProvider.scala:89)
	at scala.meta.internal.metals.Compilers.$anonfun$semanticTokens$3(Compilers.scala:541)
	at scala.concurrent.impl.Promise$Transformation.run(Promise.scala:467)
	at java.util.concurrent.ThreadPoolExecutor.runWorker(ThreadPoolExecutor.java:1149)
	at java.util.concurrent.ThreadPoolExecutor$Worker.run(ThreadPoolExecutor.java:624)
	at java.lang.Thread.run(Thread.java:748)

2024.02.02 10:48:37 ERROR Failed to tokenize input for semantic tokens for /home/ysyx/Project/chisel_gen/src/main/scala/decode.scala
scala.meta.tokenizers.TokenizeException: <input>:115: error: Non-zero integral values may not have a leading zero.
  val mert_out = io.inst === 00110000001000000000 00000 | 1110011Control.MERT_INSTRUCTION
                             ^
	at scala.meta.internal.tokenizers.Reporter.syntaxError(Reporter.scala:23)
	at scala.meta.internal.tokenizers.Reporter.syntaxError$(Reporter.scala:23)
	at scala.meta.internal.tokenizers.Reporter$$anon$1.syntaxError(Reporter.scala:33)
	at scala.meta.internal.tokenizers.Reporter.syntaxError(Reporter.scala:25)
	at scala.meta.internal.tokenizers.Reporter.syntaxError$(Reporter.scala:25)
	at scala.meta.internal.tokenizers.Reporter$$anon$1.syntaxError(Reporter.scala:33)
	at scala.meta.internal.tokenizers.LegacyScanner.restOfUncertainToken$1(LegacyScanner.scala:856)
	at scala.meta.internal.tokenizers.LegacyScanner.getNumber(LegacyScanner.scala:872)
	at scala.meta.internal.tokenizers.LegacyScanner.fetchZero$1(LegacyScanner.scala:330)
	at scala.meta.internal.tokenizers.LegacyScanner.fetchToken(LegacyScanner.scala:332)
	at scala.meta.internal.tokenizers.LegacyScanner.nextToken(LegacyScanner.scala:211)
	at scala.meta.internal.tokenizers.LegacyScanner.foreach(LegacyScanner.scala:1011)
	at scala.meta.internal.tokenizers.ScalametaTokenizer.uncachedTokenize(ScalametaTokenizer.scala:24)
	at scala.meta.internal.tokenizers.ScalametaTokenizer.$anonfun$tokenize$1(ScalametaTokenizer.scala:17)
	at scala.collection.concurrent.TrieMap.getOrElseUpdate(TrieMap.scala:962)
	at scala.meta.internal.tokenizers.ScalametaTokenizer.tokenize(ScalametaTokenizer.scala:17)
	at scala.meta.internal.tokenizers.ScalametaTokenizer$$anon$2.apply(ScalametaTokenizer.scala:332)
	at scala.meta.tokenizers.Api$XtensionTokenizeDialectInput.tokenize(Api.scala:25)
	at scala.meta.tokenizers.Api$XtensionTokenizeInputLike.tokenize(Api.scala:14)
	at scala.meta.internal.metals.SemanticTokensProvider$.getTokens(SemanticTokensProvider.scala:28)
	at scala.meta.internal.metals.SemanticTokensProvider$.provide(SemanticTokensProvider.scala:89)
	at scala.meta.internal.metals.Compilers.$anonfun$semanticTokens$3(Compilers.scala:541)
	at scala.concurrent.impl.Promise$Transformation.run(Promise.scala:467)
	at java.util.concurrent.ThreadPoolExecutor.runWorker(ThreadPoolExecutor.java:1149)
	at java.util.concurrent.ThreadPoolExecutor$Worker.run(ThreadPoolExecutor.java:624)
	at java.lang.Thread.run(Thread.java:748)

2024.02.02 10:48:38 ERROR Failed to tokenize input for semantic tokens for /home/ysyx/Project/chisel_gen/src/main/scala/decode.scala
scala.meta.tokenizers.TokenizeException: <input>:115: error: Non-zero integral values may not have a leading zero.
  val mert_out = io.inst === 0011000000100000000000000 | 1110011Control.MERT_INSTRUCTION
                             ^
	at scala.meta.internal.tokenizers.Reporter.syntaxError(Reporter.scala:23)
	at scala.meta.internal.tokenizers.Reporter.syntaxError$(Reporter.scala:23)
	at scala.meta.internal.tokenizers.Reporter$$anon$1.syntaxError(Reporter.scala:33)
	at scala.meta.internal.tokenizers.Reporter.syntaxError(Reporter.scala:25)
	at scala.meta.internal.tokenizers.Reporter.syntaxError$(Reporter.scala:25)
	at scala.meta.internal.tokenizers.Reporter$$anon$1.syntaxError(Reporter.scala:33)
	at scala.meta.internal.tokenizers.LegacyScanner.restOfUncertainToken$1(LegacyScanner.scala:856)
	at scala.meta.internal.tokenizers.LegacyScanner.getNumber(LegacyScanner.scala:872)
	at scala.meta.internal.tokenizers.LegacyScanner.fetchZero$1(LegacyScanner.scala:330)
	at scala.meta.internal.tokenizers.LegacyScanner.fetchToken(LegacyScanner.scala:332)
	at scala.meta.internal.tokenizers.LegacyScanner.nextToken(LegacyScanner.scala:211)
	at scala.meta.internal.tokenizers.LegacyScanner.foreach(LegacyScanner.scala:1011)
	at scala.meta.internal.tokenizers.ScalametaTokenizer.uncachedTokenize(ScalametaTokenizer.scala:24)
	at scala.meta.internal.tokenizers.ScalametaTokenizer.$anonfun$tokenize$1(ScalametaTokenizer.scala:17)
	at scala.collection.concurrent.TrieMap.getOrElseUpdate(TrieMap.scala:962)
	at scala.meta.internal.tokenizers.ScalametaTokenizer.tokenize(ScalametaTokenizer.scala:17)
	at scala.meta.internal.tokenizers.ScalametaTokenizer$$anon$2.apply(ScalametaTokenizer.scala:332)
	at scala.meta.tokenizers.Api$XtensionTokenizeDialectInput.tokenize(Api.scala:25)
	at scala.meta.tokenizers.Api$XtensionTokenizeInputLike.tokenize(Api.scala:14)
	at scala.meta.internal.metals.SemanticTokensProvider$.getTokens(SemanticTokensProvider.scala:28)
	at scala.meta.internal.metals.SemanticTokensProvider$.provide(SemanticTokensProvider.scala:89)
	at scala.meta.internal.metals.Compilers.$anonfun$semanticTokens$3(Compilers.scala:541)
	at scala.concurrent.impl.Promise$Transformation.run(Promise.scala:467)
	at java.util.concurrent.ThreadPoolExecutor.runWorker(ThreadPoolExecutor.java:1149)
	at java.util.concurrent.ThreadPoolExecutor$Worker.run(ThreadPoolExecutor.java:624)
	at java.lang.Thread.run(Thread.java:748)

2024.02.02 10:48:41 ERROR Failed to tokenize input for semantic tokens for /home/ysyx/Project/chisel_gen/src/main/scala/decode.scala
scala.meta.tokenizers.TokenizeException: <input>:115: error: Non-zero integral values may not have a leading zero.
  val mert_out = io.inst === 00110000001000000000000001110011Control.MERT_INSTRUCTION
                             ^
	at scala.meta.internal.tokenizers.Reporter.syntaxError(Reporter.scala:23)
	at scala.meta.internal.tokenizers.Reporter.syntaxError$(Reporter.scala:23)
	at scala.meta.internal.tokenizers.Reporter$$anon$1.syntaxError(Reporter.scala:33)
	at scala.meta.internal.tokenizers.Reporter.syntaxError(Reporter.scala:25)
	at scala.meta.internal.tokenizers.Reporter.syntaxError$(Reporter.scala:25)
	at scala.meta.internal.tokenizers.Reporter$$anon$1.syntaxError(Reporter.scala:33)
	at scala.meta.internal.tokenizers.LegacyScanner.restOfUncertainToken$1(LegacyScanner.scala:856)
	at scala.meta.internal.tokenizers.LegacyScanner.getNumber(LegacyScanner.scala:872)
	at scala.meta.internal.tokenizers.LegacyScanner.fetchZero$1(LegacyScanner.scala:330)
	at scala.meta.internal.tokenizers.LegacyScanner.fetchToken(LegacyScanner.scala:332)
	at scala.meta.internal.tokenizers.LegacyScanner.nextToken(LegacyScanner.scala:211)
	at scala.meta.internal.tokenizers.LegacyScanner.foreach(LegacyScanner.scala:1011)
	at scala.meta.internal.tokenizers.ScalametaTokenizer.uncachedTokenize(ScalametaTokenizer.scala:24)
	at scala.meta.internal.tokenizers.ScalametaTokenizer.$anonfun$tokenize$1(ScalametaTokenizer.scala:17)
	at scala.collection.concurrent.TrieMap.getOrElseUpdate(TrieMap.scala:962)
	at scala.meta.internal.tokenizers.ScalametaTokenizer.tokenize(ScalametaTokenizer.scala:17)
	at scala.meta.internal.tokenizers.ScalametaTokenizer$$anon$2.apply(ScalametaTokenizer.scala:332)
	at scala.meta.tokenizers.Api$XtensionTokenizeDialectInput.tokenize(Api.scala:25)
	at scala.meta.tokenizers.Api$XtensionTokenizeInputLike.tokenize(Api.scala:14)
	at scala.meta.internal.metals.SemanticTokensProvider$.getTokens(SemanticTokensProvider.scala:28)
	at scala.meta.internal.metals.SemanticTokensProvider$.provide(SemanticTokensProvider.scala:89)
	at scala.meta.internal.metals.Compilers.$anonfun$semanticTokens$3(Compilers.scala:541)
	at scala.concurrent.impl.Promise$Transformation.run(Promise.scala:467)
	at java.util.concurrent.ThreadPoolExecutor.runWorker(ThreadPoolExecutor.java:1149)
	at java.util.concurrent.ThreadPoolExecutor$Worker.run(ThreadPoolExecutor.java:624)
	at java.lang.Thread.run(Thread.java:748)

2024.02.02 10:48:45 ERROR Failed to tokenize input for semantic tokens for /home/ysyx/Project/chisel_gen/src/main/scala/decode.scala
scala.meta.tokenizers.TokenizeException: <input>:115: error: Non-zero integral values may not have a leading zero.
  val mert_out = io.inst === 00110000001000000000000001110011//Control.MERT_INSTRUCTION
                             ^
	at scala.meta.internal.tokenizers.Reporter.syntaxError(Reporter.scala:23)
	at scala.meta.internal.tokenizers.Reporter.syntaxError$(Reporter.scala:23)
	at scala.meta.internal.tokenizers.Reporter$$anon$1.syntaxError(Reporter.scala:33)
	at scala.meta.internal.tokenizers.Reporter.syntaxError(Reporter.scala:25)
	at scala.meta.internal.tokenizers.Reporter.syntaxError$(Reporter.scala:25)
	at scala.meta.internal.tokenizers.Reporter$$anon$1.syntaxError(Reporter.scala:33)
	at scala.meta.internal.tokenizers.LegacyScanner.restOfUncertainToken$1(LegacyScanner.scala:856)
	at scala.meta.internal.tokenizers.LegacyScanner.getNumber(LegacyScanner.scala:872)
	at scala.meta.internal.tokenizers.LegacyScanner.fetchZero$1(LegacyScanner.scala:330)
	at scala.meta.internal.tokenizers.LegacyScanner.fetchToken(LegacyScanner.scala:332)
	at scala.meta.internal.tokenizers.LegacyScanner.nextToken(LegacyScanner.scala:211)
	at scala.meta.internal.tokenizers.LegacyScanner.foreach(LegacyScanner.scala:1011)
	at scala.meta.internal.tokenizers.ScalametaTokenizer.uncachedTokenize(ScalametaTokenizer.scala:24)
	at scala.meta.internal.tokenizers.ScalametaTokenizer.$anonfun$tokenize$1(ScalametaTokenizer.scala:17)
	at scala.collection.concurrent.TrieMap.getOrElseUpdate(TrieMap.scala:962)
	at scala.meta.internal.tokenizers.ScalametaTokenizer.tokenize(ScalametaTokenizer.scala:17)
	at scala.meta.internal.tokenizers.ScalametaTokenizer$$anon$2.apply(ScalametaTokenizer.scala:332)
	at scala.meta.tokenizers.Api$XtensionTokenizeDialectInput.tokenize(Api.scala:25)
	at scala.meta.tokenizers.Api$XtensionTokenizeInputLike.tokenize(Api.scala:14)
	at scala.meta.internal.metals.SemanticTokensProvider$.getTokens(SemanticTokensProvider.scala:28)
	at scala.meta.internal.metals.SemanticTokensProvider$.provide(SemanticTokensProvider.scala:89)
	at scala.meta.internal.metals.Compilers.$anonfun$semanticTokens$3(Compilers.scala:541)
	at scala.concurrent.impl.Promise$Transformation.run(Promise.scala:467)
	at java.util.concurrent.ThreadPoolExecutor.runWorker(ThreadPoolExecutor.java:1149)
	at java.util.concurrent.ThreadPoolExecutor$Worker.run(ThreadPoolExecutor.java:624)
	at java.lang.Thread.run(Thread.java:748)

2024.02.02 10:48:46 ERROR Failed to tokenize input for semantic tokens for /home/ysyx/Project/chisel_gen/src/main/scala/decode.scala
scala.meta.tokenizers.TokenizeException: <input>:115: error: Non-zero integral values may not have a leading zero.
  val mert_out = io.inst === 00110000001000000000000001110011 //Control.MERT_INSTRUCTION
                             ^
	at scala.meta.internal.tokenizers.Reporter.syntaxError(Reporter.scala:23)
	at scala.meta.internal.tokenizers.Reporter.syntaxError$(Reporter.scala:23)
	at scala.meta.internal.tokenizers.Reporter$$anon$1.syntaxError(Reporter.scala:33)
	at scala.meta.internal.tokenizers.Reporter.syntaxError(Reporter.scala:25)
	at scala.meta.internal.tokenizers.Reporter.syntaxError$(Reporter.scala:25)
	at scala.meta.internal.tokenizers.Reporter$$anon$1.syntaxError(Reporter.scala:33)
	at scala.meta.internal.tokenizers.LegacyScanner.restOfUncertainToken$1(LegacyScanner.scala:856)
	at scala.meta.internal.tokenizers.LegacyScanner.getNumber(LegacyScanner.scala:872)
	at scala.meta.internal.tokenizers.LegacyScanner.fetchZero$1(LegacyScanner.scala:330)
	at scala.meta.internal.tokenizers.LegacyScanner.fetchToken(LegacyScanner.scala:332)
	at scala.meta.internal.tokenizers.LegacyScanner.nextToken(LegacyScanner.scala:211)
	at scala.meta.internal.tokenizers.LegacyScanner.foreach(LegacyScanner.scala:1011)
	at scala.meta.internal.tokenizers.ScalametaTokenizer.uncachedTokenize(ScalametaTokenizer.scala:24)
	at scala.meta.internal.tokenizers.ScalametaTokenizer.$anonfun$tokenize$1(ScalametaTokenizer.scala:17)
	at scala.collection.concurrent.TrieMap.getOrElseUpdate(TrieMap.scala:962)
	at scala.meta.internal.tokenizers.ScalametaTokenizer.tokenize(ScalametaTokenizer.scala:17)
	at scala.meta.internal.tokenizers.ScalametaTokenizer$$anon$2.apply(ScalametaTokenizer.scala:332)
	at scala.meta.tokenizers.Api$XtensionTokenizeDialectInput.tokenize(Api.scala:25)
	at scala.meta.tokenizers.Api$XtensionTokenizeInputLike.tokenize(Api.scala:14)
	at scala.meta.internal.metals.SemanticTokensProvider$.getTokens(SemanticTokensProvider.scala:28)
	at scala.meta.internal.metals.SemanticTokensProvider$.provide(SemanticTokensProvider.scala:89)
	at scala.meta.internal.metals.Compilers.$anonfun$semanticTokens$3(Compilers.scala:541)
	at scala.concurrent.impl.Promise$Transformation.run(Promise.scala:467)
	at java.util.concurrent.ThreadPoolExecutor.runWorker(ThreadPoolExecutor.java:1149)
	at java.util.concurrent.ThreadPoolExecutor$Worker.run(ThreadPoolExecutor.java:624)
	at java.lang.Thread.run(Thread.java:748)

2024.02.02 10:48:49 ERROR Failed to tokenize input for semantic tokens for /home/ysyx/Project/chisel_gen/src/main/scala/decode.scala
scala.meta.tokenizers.TokenizeException: <input>:115: error: Non-zero integral values may not have a leading zero.
  val mert_out = io.inst === 00110000001000000000000001110011" //Control.MERT_INSTRUCTION
                             ^
	at scala.meta.internal.tokenizers.Reporter.syntaxError(Reporter.scala:23)
	at scala.meta.internal.tokenizers.Reporter.syntaxError$(Reporter.scala:23)
	at scala.meta.internal.tokenizers.Reporter$$anon$1.syntaxError(Reporter.scala:33)
	at scala.meta.internal.tokenizers.Reporter.syntaxError(Reporter.scala:25)
	at scala.meta.internal.tokenizers.Reporter.syntaxError$(Reporter.scala:25)
	at scala.meta.internal.tokenizers.Reporter$$anon$1.syntaxError(Reporter.scala:33)
	at scala.meta.internal.tokenizers.LegacyScanner.restOfUncertainToken$1(LegacyScanner.scala:856)
	at scala.meta.internal.tokenizers.LegacyScanner.getNumber(LegacyScanner.scala:872)
	at scala.meta.internal.tokenizers.LegacyScanner.fetchZero$1(LegacyScanner.scala:330)
	at scala.meta.internal.tokenizers.LegacyScanner.fetchToken(LegacyScanner.scala:332)
	at scala.meta.internal.tokenizers.LegacyScanner.nextToken(LegacyScanner.scala:211)
	at scala.meta.internal.tokenizers.LegacyScanner.foreach(LegacyScanner.scala:1011)
	at scala.meta.internal.tokenizers.ScalametaTokenizer.uncachedTokenize(ScalametaTokenizer.scala:24)
	at scala.meta.internal.tokenizers.ScalametaTokenizer.$anonfun$tokenize$1(ScalametaTokenizer.scala:17)
	at scala.collection.concurrent.TrieMap.getOrElseUpdate(TrieMap.scala:962)
	at scala.meta.internal.tokenizers.ScalametaTokenizer.tokenize(ScalametaTokenizer.scala:17)
	at scala.meta.internal.tokenizers.ScalametaTokenizer$$anon$2.apply(ScalametaTokenizer.scala:332)
	at scala.meta.tokenizers.Api$XtensionTokenizeDialectInput.tokenize(Api.scala:25)
	at scala.meta.tokenizers.Api$XtensionTokenizeInputLike.tokenize(Api.scala:14)
	at scala.meta.internal.metals.SemanticTokensProvider$.getTokens(SemanticTokensProvider.scala:28)
	at scala.meta.internal.metals.SemanticTokensProvider$.provide(SemanticTokensProvider.scala:89)
	at scala.meta.internal.metals.Compilers.$anonfun$semanticTokens$3(Compilers.scala:541)
	at scala.concurrent.impl.Promise$Transformation.run(Promise.scala:467)
	at java.util.concurrent.ThreadPoolExecutor.runWorker(ThreadPoolExecutor.java:1149)
	at java.util.concurrent.ThreadPoolExecutor$Worker.run(ThreadPoolExecutor.java:624)
	at java.lang.Thread.run(Thread.java:748)

2024.02.02 10:49:24 ERROR Failed to tokenize input for semantic tokens for /home/ysyx/Project/chisel_gen/src/main/scala/decode.scala
scala.meta.tokenizers.TokenizeException: <input>:116: error: Non-zero integral values may not have a leading zero.
  val wfi_out = io.inst === 0011000 | 00010 |  00000 | 000 | 00000 | 1110011 //Control.WFI_INSTRUCTION
                            ^
	at scala.meta.internal.tokenizers.Reporter.syntaxError(Reporter.scala:23)
	at scala.meta.internal.tokenizers.Reporter.syntaxError$(Reporter.scala:23)
	at scala.meta.internal.tokenizers.Reporter$$anon$1.syntaxError(Reporter.scala:33)
	at scala.meta.internal.tokenizers.Reporter.syntaxError(Reporter.scala:25)
	at scala.meta.internal.tokenizers.Reporter.syntaxError$(Reporter.scala:25)
	at scala.meta.internal.tokenizers.Reporter$$anon$1.syntaxError(Reporter.scala:33)
	at scala.meta.internal.tokenizers.LegacyScanner.restOfUncertainToken$1(LegacyScanner.scala:856)
	at scala.meta.internal.tokenizers.LegacyScanner.getNumber(LegacyScanner.scala:872)
	at scala.meta.internal.tokenizers.LegacyScanner.fetchZero$1(LegacyScanner.scala:330)
	at scala.meta.internal.tokenizers.LegacyScanner.fetchToken(LegacyScanner.scala:332)
	at scala.meta.internal.tokenizers.LegacyScanner.nextToken(LegacyScanner.scala:211)
	at scala.meta.internal.tokenizers.LegacyScanner.foreach(LegacyScanner.scala:1011)
	at scala.meta.internal.tokenizers.ScalametaTokenizer.uncachedTokenize(ScalametaTokenizer.scala:24)
	at scala.meta.internal.tokenizers.ScalametaTokenizer.$anonfun$tokenize$1(ScalametaTokenizer.scala:17)
	at scala.collection.concurrent.TrieMap.getOrElseUpdate(TrieMap.scala:962)
	at scala.meta.internal.tokenizers.ScalametaTokenizer.tokenize(ScalametaTokenizer.scala:17)
	at scala.meta.internal.tokenizers.ScalametaTokenizer$$anon$2.apply(ScalametaTokenizer.scala:332)
	at scala.meta.tokenizers.Api$XtensionTokenizeDialectInput.tokenize(Api.scala:25)
	at scala.meta.tokenizers.Api$XtensionTokenizeInputLike.tokenize(Api.scala:14)
	at scala.meta.internal.metals.SemanticTokensProvider$.getTokens(SemanticTokensProvider.scala:28)
	at scala.meta.internal.metals.SemanticTokensProvider$.provide(SemanticTokensProvider.scala:89)
	at scala.meta.internal.metals.Compilers.$anonfun$semanticTokens$3(Compilers.scala:541)
	at scala.concurrent.impl.Promise$Transformation.run(Promise.scala:467)
	at java.util.concurrent.ThreadPoolExecutor.runWorker(ThreadPoolExecutor.java:1149)
	at java.util.concurrent.ThreadPoolExecutor$Worker.run(ThreadPoolExecutor.java:624)
	at java.lang.Thread.run(Thread.java:748)

2024.02.02 10:49:28 ERROR Failed to tokenize input for semantic tokens for /home/ysyx/Project/chisel_gen/src/main/scala/decode.scala
scala.meta.tokenizers.TokenizeException: <input>:116: error: Non-zero integral values may not have a leading zero.
  val wfi_out = io.inst === 001100000010 |  00000 | 000 | 00000 | 1110011 //Control.WFI_INSTRUCTION
                            ^
	at scala.meta.internal.tokenizers.Reporter.syntaxError(Reporter.scala:23)
	at scala.meta.internal.tokenizers.Reporter.syntaxError$(Reporter.scala:23)
	at scala.meta.internal.tokenizers.Reporter$$anon$1.syntaxError(Reporter.scala:33)
	at scala.meta.internal.tokenizers.Reporter.syntaxError(Reporter.scala:25)
	at scala.meta.internal.tokenizers.Reporter.syntaxError$(Reporter.scala:25)
	at scala.meta.internal.tokenizers.Reporter$$anon$1.syntaxError(Reporter.scala:33)
	at scala.meta.internal.tokenizers.LegacyScanner.restOfUncertainToken$1(LegacyScanner.scala:856)
	at scala.meta.internal.tokenizers.LegacyScanner.getNumber(LegacyScanner.scala:872)
	at scala.meta.internal.tokenizers.LegacyScanner.fetchZero$1(LegacyScanner.scala:330)
	at scala.meta.internal.tokenizers.LegacyScanner.fetchToken(LegacyScanner.scala:332)
	at scala.meta.internal.tokenizers.LegacyScanner.nextToken(LegacyScanner.scala:211)
	at scala.meta.internal.tokenizers.LegacyScanner.foreach(LegacyScanner.scala:1011)
	at scala.meta.internal.tokenizers.ScalametaTokenizer.uncachedTokenize(ScalametaTokenizer.scala:24)
	at scala.meta.internal.tokenizers.ScalametaTokenizer.$anonfun$tokenize$1(ScalametaTokenizer.scala:17)
	at scala.collection.concurrent.TrieMap.getOrElseUpdate(TrieMap.scala:962)
	at scala.meta.internal.tokenizers.ScalametaTokenizer.tokenize(ScalametaTokenizer.scala:17)
	at scala.meta.internal.tokenizers.ScalametaTokenizer$$anon$2.apply(ScalametaTokenizer.scala:332)
	at scala.meta.tokenizers.Api$XtensionTokenizeDialectInput.tokenize(Api.scala:25)
	at scala.meta.tokenizers.Api$XtensionTokenizeInputLike.tokenize(Api.scala:14)
	at scala.meta.internal.metals.SemanticTokensProvider$.getTokens(SemanticTokensProvider.scala:28)
	at scala.meta.internal.metals.SemanticTokensProvider$.provide(SemanticTokensProvider.scala:89)
	at scala.meta.internal.metals.Compilers.$anonfun$semanticTokens$3(Compilers.scala:541)
	at scala.concurrent.impl.Promise$Transformation.run(Promise.scala:467)
	at java.util.concurrent.ThreadPoolExecutor.runWorker(ThreadPoolExecutor.java:1149)
	at java.util.concurrent.ThreadPoolExecutor$Worker.run(ThreadPoolExecutor.java:624)
	at java.lang.Thread.run(Thread.java:748)

2024.02.02 10:49:29 ERROR Failed to tokenize input for semantic tokens for /home/ysyx/Project/chisel_gen/src/main/scala/decode.scala
scala.meta.tokenizers.TokenizeException: <input>:116: error: Non-zero integral values may not have a leading zero.
  val wfi_out = io.inst === 00110000001000000 | 000 | 00000 | 1110011 //Control.WFI_INSTRUCTION
                            ^
	at scala.meta.internal.tokenizers.Reporter.syntaxError(Reporter.scala:23)
	at scala.meta.internal.tokenizers.Reporter.syntaxError$(Reporter.scala:23)
	at scala.meta.internal.tokenizers.Reporter$$anon$1.syntaxError(Reporter.scala:33)
	at scala.meta.internal.tokenizers.Reporter.syntaxError(Reporter.scala:25)
	at scala.meta.internal.tokenizers.Reporter.syntaxError$(Reporter.scala:25)
	at scala.meta.internal.tokenizers.Reporter$$anon$1.syntaxError(Reporter.scala:33)
	at scala.meta.internal.tokenizers.LegacyScanner.restOfUncertainToken$1(LegacyScanner.scala:856)
	at scala.meta.internal.tokenizers.LegacyScanner.getNumber(LegacyScanner.scala:872)
	at scala.meta.internal.tokenizers.LegacyScanner.fetchZero$1(LegacyScanner.scala:330)
	at scala.meta.internal.tokenizers.LegacyScanner.fetchToken(LegacyScanner.scala:332)
	at scala.meta.internal.tokenizers.LegacyScanner.nextToken(LegacyScanner.scala:211)
	at scala.meta.internal.tokenizers.LegacyScanner.foreach(LegacyScanner.scala:1011)
	at scala.meta.internal.tokenizers.ScalametaTokenizer.uncachedTokenize(ScalametaTokenizer.scala:24)
	at scala.meta.internal.tokenizers.ScalametaTokenizer.$anonfun$tokenize$1(ScalametaTokenizer.scala:17)
	at scala.collection.concurrent.TrieMap.getOrElseUpdate(TrieMap.scala:962)
	at scala.meta.internal.tokenizers.ScalametaTokenizer.tokenize(ScalametaTokenizer.scala:17)
	at scala.meta.internal.tokenizers.ScalametaTokenizer$$anon$2.apply(ScalametaTokenizer.scala:332)
	at scala.meta.tokenizers.Api$XtensionTokenizeDialectInput.tokenize(Api.scala:25)
	at scala.meta.tokenizers.Api$XtensionTokenizeInputLike.tokenize(Api.scala:14)
	at scala.meta.internal.metals.SemanticTokensProvider$.getTokens(SemanticTokensProvider.scala:28)
	at scala.meta.internal.metals.SemanticTokensProvider$.provide(SemanticTokensProvider.scala:89)
	at scala.meta.internal.metals.Compilers.$anonfun$semanticTokens$3(Compilers.scala:541)
	at scala.concurrent.impl.Promise$Transformation.run(Promise.scala:467)
	at java.util.concurrent.ThreadPoolExecutor.runWorker(ThreadPoolExecutor.java:1149)
	at java.util.concurrent.ThreadPoolExecutor$Worker.run(ThreadPoolExecutor.java:624)
	at java.lang.Thread.run(Thread.java:748)

2024.02.02 10:49:31 ERROR Failed to tokenize input for semantic tokens for /home/ysyx/Project/chisel_gen/src/main/scala/decode.scala
scala.meta.tokenizers.TokenizeException: <input>:116: error: Non-zero integral values may not have a leading zero.
  val wfi_out = io.inst === 00110000001000000000 | 00000 | 1110011 //Control.WFI_INSTRUCTION
                            ^
	at scala.meta.internal.tokenizers.Reporter.syntaxError(Reporter.scala:23)
	at scala.meta.internal.tokenizers.Reporter.syntaxError$(Reporter.scala:23)
	at scala.meta.internal.tokenizers.Reporter$$anon$1.syntaxError(Reporter.scala:33)
	at scala.meta.internal.tokenizers.Reporter.syntaxError(Reporter.scala:25)
	at scala.meta.internal.tokenizers.Reporter.syntaxError$(Reporter.scala:25)
	at scala.meta.internal.tokenizers.Reporter$$anon$1.syntaxError(Reporter.scala:33)
	at scala.meta.internal.tokenizers.LegacyScanner.restOfUncertainToken$1(LegacyScanner.scala:856)
	at scala.meta.internal.tokenizers.LegacyScanner.getNumber(LegacyScanner.scala:872)
	at scala.meta.internal.tokenizers.LegacyScanner.fetchZero$1(LegacyScanner.scala:330)
	at scala.meta.internal.tokenizers.LegacyScanner.fetchToken(LegacyScanner.scala:332)
	at scala.meta.internal.tokenizers.LegacyScanner.nextToken(LegacyScanner.scala:211)
	at scala.meta.internal.tokenizers.LegacyScanner.foreach(LegacyScanner.scala:1011)
	at scala.meta.internal.tokenizers.ScalametaTokenizer.uncachedTokenize(ScalametaTokenizer.scala:24)
	at scala.meta.internal.tokenizers.ScalametaTokenizer.$anonfun$tokenize$1(ScalametaTokenizer.scala:17)
	at scala.collection.concurrent.TrieMap.getOrElseUpdate(TrieMap.scala:962)
	at scala.meta.internal.tokenizers.ScalametaTokenizer.tokenize(ScalametaTokenizer.scala:17)
	at scala.meta.internal.tokenizers.ScalametaTokenizer$$anon$2.apply(ScalametaTokenizer.scala:332)
	at scala.meta.tokenizers.Api$XtensionTokenizeDialectInput.tokenize(Api.scala:25)
	at scala.meta.tokenizers.Api$XtensionTokenizeInputLike.tokenize(Api.scala:14)
	at scala.meta.internal.metals.SemanticTokensProvider$.getTokens(SemanticTokensProvider.scala:28)
	at scala.meta.internal.metals.SemanticTokensProvider$.provide(SemanticTokensProvider.scala:89)
	at scala.meta.internal.metals.Compilers.$anonfun$semanticTokens$3(Compilers.scala:541)
	at scala.concurrent.impl.Promise$Transformation.run(Promise.scala:467)
	at java.util.concurrent.ThreadPoolExecutor.runWorker(ThreadPoolExecutor.java:1149)
	at java.util.concurrent.ThreadPoolExecutor$Worker.run(ThreadPoolExecutor.java:624)
	at java.lang.Thread.run(Thread.java:748)

2024.02.02 10:49:33 ERROR Failed to tokenize input for semantic tokens for /home/ysyx/Project/chisel_gen/src/main/scala/decode.scala
scala.meta.tokenizers.TokenizeException: <input>:116: error: Non-zero integral values may not have a leading zero.
  val wfi_out = io.inst === 0011000000100000000000000 | 1110011 //Control.WFI_INSTRUCTION
                            ^
	at scala.meta.internal.tokenizers.Reporter.syntaxError(Reporter.scala:23)
	at scala.meta.internal.tokenizers.Reporter.syntaxError$(Reporter.scala:23)
	at scala.meta.internal.tokenizers.Reporter$$anon$1.syntaxError(Reporter.scala:33)
	at scala.meta.internal.tokenizers.Reporter.syntaxError(Reporter.scala:25)
	at scala.meta.internal.tokenizers.Reporter.syntaxError$(Reporter.scala:25)
	at scala.meta.internal.tokenizers.Reporter$$anon$1.syntaxError(Reporter.scala:33)
	at scala.meta.internal.tokenizers.LegacyScanner.restOfUncertainToken$1(LegacyScanner.scala:856)
	at scala.meta.internal.tokenizers.LegacyScanner.getNumber(LegacyScanner.scala:872)
	at scala.meta.internal.tokenizers.LegacyScanner.fetchZero$1(LegacyScanner.scala:330)
	at scala.meta.internal.tokenizers.LegacyScanner.fetchToken(LegacyScanner.scala:332)
	at scala.meta.internal.tokenizers.LegacyScanner.nextToken(LegacyScanner.scala:211)
	at scala.meta.internal.tokenizers.LegacyScanner.foreach(LegacyScanner.scala:1011)
	at scala.meta.internal.tokenizers.ScalametaTokenizer.uncachedTokenize(ScalametaTokenizer.scala:24)
	at scala.meta.internal.tokenizers.ScalametaTokenizer.$anonfun$tokenize$1(ScalametaTokenizer.scala:17)
	at scala.collection.concurrent.TrieMap.getOrElseUpdate(TrieMap.scala:962)
	at scala.meta.internal.tokenizers.ScalametaTokenizer.tokenize(ScalametaTokenizer.scala:17)
	at scala.meta.internal.tokenizers.ScalametaTokenizer$$anon$2.apply(ScalametaTokenizer.scala:332)
	at scala.meta.tokenizers.Api$XtensionTokenizeDialectInput.tokenize(Api.scala:25)
	at scala.meta.tokenizers.Api$XtensionTokenizeInputLike.tokenize(Api.scala:14)
	at scala.meta.internal.metals.SemanticTokensProvider$.getTokens(SemanticTokensProvider.scala:28)
	at scala.meta.internal.metals.SemanticTokensProvider$.provide(SemanticTokensProvider.scala:89)
	at scala.meta.internal.metals.Compilers.$anonfun$semanticTokens$3(Compilers.scala:541)
	at scala.concurrent.impl.Promise$Transformation.run(Promise.scala:467)
	at java.util.concurrent.ThreadPoolExecutor.runWorker(ThreadPoolExecutor.java:1149)
	at java.util.concurrent.ThreadPoolExecutor$Worker.run(ThreadPoolExecutor.java:624)
	at java.lang.Thread.run(Thread.java:748)

2024.02.02 10:49:35 ERROR Failed to tokenize input for semantic tokens for /home/ysyx/Project/chisel_gen/src/main/scala/decode.scala
scala.meta.tokenizers.TokenizeException: <input>:116: error: Non-zero integral values may not have a leading zero.
  val wfi_out = io.inst === 00110000001000000000000001110011 //Control.WFI_INSTRUCTION
                            ^
	at scala.meta.internal.tokenizers.Reporter.syntaxError(Reporter.scala:23)
	at scala.meta.internal.tokenizers.Reporter.syntaxError$(Reporter.scala:23)
	at scala.meta.internal.tokenizers.Reporter$$anon$1.syntaxError(Reporter.scala:33)
	at scala.meta.internal.tokenizers.Reporter.syntaxError(Reporter.scala:25)
	at scala.meta.internal.tokenizers.Reporter.syntaxError$(Reporter.scala:25)
	at scala.meta.internal.tokenizers.Reporter$$anon$1.syntaxError(Reporter.scala:33)
	at scala.meta.internal.tokenizers.LegacyScanner.restOfUncertainToken$1(LegacyScanner.scala:856)
	at scala.meta.internal.tokenizers.LegacyScanner.getNumber(LegacyScanner.scala:872)
	at scala.meta.internal.tokenizers.LegacyScanner.fetchZero$1(LegacyScanner.scala:330)
	at scala.meta.internal.tokenizers.LegacyScanner.fetchToken(LegacyScanner.scala:332)
	at scala.meta.internal.tokenizers.LegacyScanner.nextToken(LegacyScanner.scala:211)
	at scala.meta.internal.tokenizers.LegacyScanner.foreach(LegacyScanner.scala:1011)
	at scala.meta.internal.tokenizers.ScalametaTokenizer.uncachedTokenize(ScalametaTokenizer.scala:24)
	at scala.meta.internal.tokenizers.ScalametaTokenizer.$anonfun$tokenize$1(ScalametaTokenizer.scala:17)
	at scala.collection.concurrent.TrieMap.getOrElseUpdate(TrieMap.scala:962)
	at scala.meta.internal.tokenizers.ScalametaTokenizer.tokenize(ScalametaTokenizer.scala:17)
	at scala.meta.internal.tokenizers.ScalametaTokenizer$$anon$2.apply(ScalametaTokenizer.scala:332)
	at scala.meta.tokenizers.Api$XtensionTokenizeDialectInput.tokenize(Api.scala:25)
	at scala.meta.tokenizers.Api$XtensionTokenizeInputLike.tokenize(Api.scala:14)
	at scala.meta.internal.metals.SemanticTokensProvider$.getTokens(SemanticTokensProvider.scala:28)
	at scala.meta.internal.metals.SemanticTokensProvider$.provide(SemanticTokensProvider.scala:89)
	at scala.meta.internal.metals.Compilers.$anonfun$semanticTokens$3(Compilers.scala:541)
	at scala.concurrent.impl.Promise$Transformation.run(Promise.scala:467)
	at java.util.concurrent.ThreadPoolExecutor.runWorker(ThreadPoolExecutor.java:1149)
	at java.util.concurrent.ThreadPoolExecutor$Worker.run(ThreadPoolExecutor.java:624)
	at java.lang.Thread.run(Thread.java:748)

2024.02.02 10:49:39 ERROR Failed to tokenize input for semantic tokens for /home/ysyx/Project/chisel_gen/src/main/scala/decode.scala
scala.meta.tokenizers.TokenizeException: <input>:116: error: unclosed string literal
  val wfi_out = io.inst === "b00110000001000000000000001110011 //Control.WFI_INSTRUCTION
                            ^
	at scala.meta.internal.tokenizers.Reporter.syntaxError(Reporter.scala:23)
	at scala.meta.internal.tokenizers.Reporter.syntaxError$(Reporter.scala:23)
	at scala.meta.internal.tokenizers.Reporter$$anon$1.syntaxError(Reporter.scala:33)
	at scala.meta.internal.tokenizers.Reporter.syntaxError(Reporter.scala:25)
	at scala.meta.internal.tokenizers.Reporter.syntaxError$(Reporter.scala:25)
	at scala.meta.internal.tokenizers.Reporter$$anon$1.syntaxError(Reporter.scala:33)
	at scala.meta.internal.tokenizers.LegacyScanner.getStringLit(LegacyScanner.scala:553)
	at scala.meta.internal.tokenizers.LegacyScanner.fetchDoubleQuote$1(LegacyScanner.scala:372)
	at scala.meta.internal.tokenizers.LegacyScanner.fetchToken(LegacyScanner.scala:376)
	at scala.meta.internal.tokenizers.LegacyScanner.nextToken(LegacyScanner.scala:211)
	at scala.meta.internal.tokenizers.LegacyScanner.foreach(LegacyScanner.scala:1011)
	at scala.meta.internal.tokenizers.ScalametaTokenizer.uncachedTokenize(ScalametaTokenizer.scala:24)
	at scala.meta.internal.tokenizers.ScalametaTokenizer.$anonfun$tokenize$1(ScalametaTokenizer.scala:17)
	at scala.collection.concurrent.TrieMap.getOrElseUpdate(TrieMap.scala:962)
	at scala.meta.internal.tokenizers.ScalametaTokenizer.tokenize(ScalametaTokenizer.scala:17)
	at scala.meta.internal.tokenizers.ScalametaTokenizer$$anon$2.apply(ScalametaTokenizer.scala:332)
	at scala.meta.tokenizers.Api$XtensionTokenizeDialectInput.tokenize(Api.scala:25)
	at scala.meta.tokenizers.Api$XtensionTokenizeInputLike.tokenize(Api.scala:14)
	at scala.meta.internal.metals.SemanticTokensProvider$.getTokens(SemanticTokensProvider.scala:28)
	at scala.meta.internal.metals.SemanticTokensProvider$.provide(SemanticTokensProvider.scala:89)
	at scala.meta.internal.metals.Compilers.$anonfun$semanticTokens$3(Compilers.scala:541)
	at scala.concurrent.impl.Promise$Transformation.run(Promise.scala:467)
	at java.util.concurrent.ThreadPoolExecutor.runWorker(ThreadPoolExecutor.java:1149)
	at java.util.concurrent.ThreadPoolExecutor$Worker.run(ThreadPoolExecutor.java:624)
	at java.lang.Thread.run(Thread.java:748)

2024.02.02 10:50:13 ERROR Failed to tokenize input for semantic tokens for /home/ysyx/Project/chisel_gen/src/main/scala/decode.scala
scala.meta.tokenizers.TokenizeException: <input>:117: error: Non-zero integral values may not have a leading zero.
                               0001000 | 00101 |  00000 | 000 | 00000 | 1110011
                               ^
	at scala.meta.internal.tokenizers.Reporter.syntaxError(Reporter.scala:23)
	at scala.meta.internal.tokenizers.Reporter.syntaxError$(Reporter.scala:23)
	at scala.meta.internal.tokenizers.Reporter$$anon$1.syntaxError(Reporter.scala:33)
	at scala.meta.internal.tokenizers.Reporter.syntaxError(Reporter.scala:25)
	at scala.meta.internal.tokenizers.Reporter.syntaxError$(Reporter.scala:25)
	at scala.meta.internal.tokenizers.Reporter$$anon$1.syntaxError(Reporter.scala:33)
	at scala.meta.internal.tokenizers.LegacyScanner.restOfUncertainToken$1(LegacyScanner.scala:856)
	at scala.meta.internal.tokenizers.LegacyScanner.getNumber(LegacyScanner.scala:872)
	at scala.meta.internal.tokenizers.LegacyScanner.fetchZero$1(LegacyScanner.scala:330)
	at scala.meta.internal.tokenizers.LegacyScanner.fetchToken(LegacyScanner.scala:332)
	at scala.meta.internal.tokenizers.LegacyScanner.nextToken(LegacyScanner.scala:211)
	at scala.meta.internal.tokenizers.LegacyScanner.foreach(LegacyScanner.scala:1011)
	at scala.meta.internal.tokenizers.ScalametaTokenizer.uncachedTokenize(ScalametaTokenizer.scala:24)
	at scala.meta.internal.tokenizers.ScalametaTokenizer.$anonfun$tokenize$1(ScalametaTokenizer.scala:17)
	at scala.collection.concurrent.TrieMap.getOrElseUpdate(TrieMap.scala:962)
	at scala.meta.internal.tokenizers.ScalametaTokenizer.tokenize(ScalametaTokenizer.scala:17)
	at scala.meta.internal.tokenizers.ScalametaTokenizer$$anon$2.apply(ScalametaTokenizer.scala:332)
	at scala.meta.tokenizers.Api$XtensionTokenizeDialectInput.tokenize(Api.scala:25)
	at scala.meta.tokenizers.Api$XtensionTokenizeInputLike.tokenize(Api.scala:14)
	at scala.meta.internal.metals.SemanticTokensProvider$.getTokens(SemanticTokensProvider.scala:28)
	at scala.meta.internal.metals.SemanticTokensProvider$.provide(SemanticTokensProvider.scala:89)
	at scala.meta.internal.metals.Compilers.$anonfun$semanticTokens$3(Compilers.scala:541)
	at scala.concurrent.impl.Promise$Transformation.run(Promise.scala:467)
	at java.util.concurrent.ThreadPoolExecutor.runWorker(ThreadPoolExecutor.java:1149)
	at java.util.concurrent.ThreadPoolExecutor$Worker.run(ThreadPoolExecutor.java:624)
	at java.lang.Thread.run(Thread.java:748)

2024.02.02 10:50:16 ERROR Failed to tokenize input for semantic tokens for /home/ysyx/Project/chisel_gen/src/main/scala/decode.scala
scala.meta.tokenizers.TokenizeException: <input>:117: error: Non-zero integral values may not have a leading zero.
                               0001000 00101 |  00000 | 000 | 00000 | 1110011
                               ^
	at scala.meta.internal.tokenizers.Reporter.syntaxError(Reporter.scala:23)
	at scala.meta.internal.tokenizers.Reporter.syntaxError$(Reporter.scala:23)
	at scala.meta.internal.tokenizers.Reporter$$anon$1.syntaxError(Reporter.scala:33)
	at scala.meta.internal.tokenizers.Reporter.syntaxError(Reporter.scala:25)
	at scala.meta.internal.tokenizers.Reporter.syntaxError$(Reporter.scala:25)
	at scala.meta.internal.tokenizers.Reporter$$anon$1.syntaxError(Reporter.scala:33)
	at scala.meta.internal.tokenizers.LegacyScanner.restOfUncertainToken$1(LegacyScanner.scala:856)
	at scala.meta.internal.tokenizers.LegacyScanner.getNumber(LegacyScanner.scala:872)
	at scala.meta.internal.tokenizers.LegacyScanner.fetchZero$1(LegacyScanner.scala:330)
	at scala.meta.internal.tokenizers.LegacyScanner.fetchToken(LegacyScanner.scala:332)
	at scala.meta.internal.tokenizers.LegacyScanner.nextToken(LegacyScanner.scala:211)
	at scala.meta.internal.tokenizers.LegacyScanner.foreach(LegacyScanner.scala:1011)
	at scala.meta.internal.tokenizers.ScalametaTokenizer.uncachedTokenize(ScalametaTokenizer.scala:24)
	at scala.meta.internal.tokenizers.ScalametaTokenizer.$anonfun$tokenize$1(ScalametaTokenizer.scala:17)
	at scala.collection.concurrent.TrieMap.getOrElseUpdate(TrieMap.scala:962)
	at scala.meta.internal.tokenizers.ScalametaTokenizer.tokenize(ScalametaTokenizer.scala:17)
	at scala.meta.internal.tokenizers.ScalametaTokenizer$$anon$2.apply(ScalametaTokenizer.scala:332)
	at scala.meta.tokenizers.Api$XtensionTokenizeDialectInput.tokenize(Api.scala:25)
	at scala.meta.tokenizers.Api$XtensionTokenizeInputLike.tokenize(Api.scala:14)
	at scala.meta.internal.metals.SemanticTokensProvider$.getTokens(SemanticTokensProvider.scala:28)
	at scala.meta.internal.metals.SemanticTokensProvider$.provide(SemanticTokensProvider.scala:89)
	at scala.meta.internal.metals.Compilers.$anonfun$semanticTokens$3(Compilers.scala:541)
	at scala.concurrent.impl.Promise$Transformation.run(Promise.scala:467)
	at java.util.concurrent.ThreadPoolExecutor.runWorker(ThreadPoolExecutor.java:1149)
	at java.util.concurrent.ThreadPoolExecutor$Worker.run(ThreadPoolExecutor.java:624)
	at java.lang.Thread.run(Thread.java:748)

2024.02.02 10:50:17 ERROR Failed to tokenize input for semantic tokens for /home/ysyx/Project/chisel_gen/src/main/scala/decode.scala
scala.meta.tokenizers.TokenizeException: <input>:117: error: Non-zero integral values may not have a leading zero.
                               0001000                00101 |  00000 | 000 | 00000 | 1110011
                               ^
	at scala.meta.internal.tokenizers.Reporter.syntaxError(Reporter.scala:23)
	at scala.meta.internal.tokenizers.Reporter.syntaxError$(Reporter.scala:23)
	at scala.meta.internal.tokenizers.Reporter$$anon$1.syntaxError(Reporter.scala:33)
	at scala.meta.internal.tokenizers.Reporter.syntaxError(Reporter.scala:25)
	at scala.meta.internal.tokenizers.Reporter.syntaxError$(Reporter.scala:25)
	at scala.meta.internal.tokenizers.Reporter$$anon$1.syntaxError(Reporter.scala:33)
	at scala.meta.internal.tokenizers.LegacyScanner.restOfUncertainToken$1(LegacyScanner.scala:856)
	at scala.meta.internal.tokenizers.LegacyScanner.getNumber(LegacyScanner.scala:872)
	at scala.meta.internal.tokenizers.LegacyScanner.fetchZero$1(LegacyScanner.scala:330)
	at scala.meta.internal.tokenizers.LegacyScanner.fetchToken(LegacyScanner.scala:332)
	at scala.meta.internal.tokenizers.LegacyScanner.nextToken(LegacyScanner.scala:211)
	at scala.meta.internal.tokenizers.LegacyScanner.foreach(LegacyScanner.scala:1011)
	at scala.meta.internal.tokenizers.ScalametaTokenizer.uncachedTokenize(ScalametaTokenizer.scala:24)
	at scala.meta.internal.tokenizers.ScalametaTokenizer.$anonfun$tokenize$1(ScalametaTokenizer.scala:17)
	at scala.collection.concurrent.TrieMap.getOrElseUpdate(TrieMap.scala:962)
	at scala.meta.internal.tokenizers.ScalametaTokenizer.tokenize(ScalametaTokenizer.scala:17)
	at scala.meta.internal.tokenizers.ScalametaTokenizer$$anon$2.apply(ScalametaTokenizer.scala:332)
	at scala.meta.tokenizers.Api$XtensionTokenizeDialectInput.tokenize(Api.scala:25)
	at scala.meta.tokenizers.Api$XtensionTokenizeInputLike.tokenize(Api.scala:14)
	at scala.meta.internal.metals.SemanticTokensProvider$.getTokens(SemanticTokensProvider.scala:28)
	at scala.meta.internal.metals.SemanticTokensProvider$.provide(SemanticTokensProvider.scala:89)
	at scala.meta.internal.metals.Compilers.$anonfun$semanticTokens$3(Compilers.scala:541)
	at scala.concurrent.impl.Promise$Transformation.run(Promise.scala:467)
	at java.util.concurrent.ThreadPoolExecutor.runWorker(ThreadPoolExecutor.java:1149)
	at java.util.concurrent.ThreadPoolExecutor$Worker.run(ThreadPoolExecutor.java:624)
	at java.lang.Thread.run(Thread.java:748)

2024.02.02 10:50:17 ERROR Failed to tokenize input for semantic tokens for /home/ysyx/Project/chisel_gen/src/main/scala/decode.scala
scala.meta.tokenizers.TokenizeException: <input>:117: error: Non-zero integral values may not have a leading zero.
                               0001000                      00101 |  00000 | 000 | 00000 | 1110011
                               ^
	at scala.meta.internal.tokenizers.Reporter.syntaxError(Reporter.scala:23)
	at scala.meta.internal.tokenizers.Reporter.syntaxError$(Reporter.scala:23)
	at scala.meta.internal.tokenizers.Reporter$$anon$1.syntaxError(Reporter.scala:33)
	at scala.meta.internal.tokenizers.Reporter.syntaxError(Reporter.scala:25)
	at scala.meta.internal.tokenizers.Reporter.syntaxError$(Reporter.scala:25)
	at scala.meta.internal.tokenizers.Reporter$$anon$1.syntaxError(Reporter.scala:33)
	at scala.meta.internal.tokenizers.LegacyScanner.restOfUncertainToken$1(LegacyScanner.scala:856)
	at scala.meta.internal.tokenizers.LegacyScanner.getNumber(LegacyScanner.scala:872)
	at scala.meta.internal.tokenizers.LegacyScanner.fetchZero$1(LegacyScanner.scala:330)
	at scala.meta.internal.tokenizers.LegacyScanner.fetchToken(LegacyScanner.scala:332)
	at scala.meta.internal.tokenizers.LegacyScanner.nextToken(LegacyScanner.scala:211)
	at scala.meta.internal.tokenizers.LegacyScanner.foreach(LegacyScanner.scala:1011)
	at scala.meta.internal.tokenizers.ScalametaTokenizer.uncachedTokenize(ScalametaTokenizer.scala:24)
	at scala.meta.internal.tokenizers.ScalametaTokenizer.$anonfun$tokenize$1(ScalametaTokenizer.scala:17)
	at scala.collection.concurrent.TrieMap.getOrElseUpdate(TrieMap.scala:962)
	at scala.meta.internal.tokenizers.ScalametaTokenizer.tokenize(ScalametaTokenizer.scala:17)
	at scala.meta.internal.tokenizers.ScalametaTokenizer$$anon$2.apply(ScalametaTokenizer.scala:332)
	at scala.meta.tokenizers.Api$XtensionTokenizeDialectInput.tokenize(Api.scala:25)
	at scala.meta.tokenizers.Api$XtensionTokenizeInputLike.tokenize(Api.scala:14)
	at scala.meta.internal.metals.SemanticTokensProvider$.getTokens(SemanticTokensProvider.scala:28)
	at scala.meta.internal.metals.SemanticTokensProvider$.provide(SemanticTokensProvider.scala:89)
	at scala.meta.internal.metals.Compilers.$anonfun$semanticTokens$3(Compilers.scala:541)
	at scala.concurrent.impl.Promise$Transformation.run(Promise.scala:467)
	at java.util.concurrent.ThreadPoolExecutor.runWorker(ThreadPoolExecutor.java:1149)
	at java.util.concurrent.ThreadPoolExecutor$Worker.run(ThreadPoolExecutor.java:624)
	at java.lang.Thread.run(Thread.java:748)

2024.02.02 10:50:18 ERROR Failed to tokenize input for semantic tokens for /home/ysyx/Project/chisel_gen/src/main/scala/decode.scala
scala.meta.tokenizers.TokenizeException: <input>:117: error: Non-zero integral values may not have a leading zero.
                               0001000                     00101 |  00000 | 000 | 00000 | 1110011
                               ^
	at scala.meta.internal.tokenizers.Reporter.syntaxError(Reporter.scala:23)
	at scala.meta.internal.tokenizers.Reporter.syntaxError$(Reporter.scala:23)
	at scala.meta.internal.tokenizers.Reporter$$anon$1.syntaxError(Reporter.scala:33)
	at scala.meta.internal.tokenizers.Reporter.syntaxError(Reporter.scala:25)
	at scala.meta.internal.tokenizers.Reporter.syntaxError$(Reporter.scala:25)
	at scala.meta.internal.tokenizers.Reporter$$anon$1.syntaxError(Reporter.scala:33)
	at scala.meta.internal.tokenizers.LegacyScanner.restOfUncertainToken$1(LegacyScanner.scala:856)
	at scala.meta.internal.tokenizers.LegacyScanner.getNumber(LegacyScanner.scala:872)
	at scala.meta.internal.tokenizers.LegacyScanner.fetchZero$1(LegacyScanner.scala:330)
	at scala.meta.internal.tokenizers.LegacyScanner.fetchToken(LegacyScanner.scala:332)
	at scala.meta.internal.tokenizers.LegacyScanner.nextToken(LegacyScanner.scala:211)
	at scala.meta.internal.tokenizers.LegacyScanner.foreach(LegacyScanner.scala:1011)
	at scala.meta.internal.tokenizers.ScalametaTokenizer.uncachedTokenize(ScalametaTokenizer.scala:24)
	at scala.meta.internal.tokenizers.ScalametaTokenizer.$anonfun$tokenize$1(ScalametaTokenizer.scala:17)
	at scala.collection.concurrent.TrieMap.getOrElseUpdate(TrieMap.scala:962)
	at scala.meta.internal.tokenizers.ScalametaTokenizer.tokenize(ScalametaTokenizer.scala:17)
	at scala.meta.internal.tokenizers.ScalametaTokenizer$$anon$2.apply(ScalametaTokenizer.scala:332)
	at scala.meta.tokenizers.Api$XtensionTokenizeDialectInput.tokenize(Api.scala:25)
	at scala.meta.tokenizers.Api$XtensionTokenizeInputLike.tokenize(Api.scala:14)
	at scala.meta.internal.metals.SemanticTokensProvider$.getTokens(SemanticTokensProvider.scala:28)
	at scala.meta.internal.metals.SemanticTokensProvider$.provide(SemanticTokensProvider.scala:89)
	at scala.meta.internal.metals.Compilers.$anonfun$semanticTokens$3(Compilers.scala:541)
	at scala.concurrent.impl.Promise$Transformation.run(Promise.scala:467)
	at java.util.concurrent.ThreadPoolExecutor.runWorker(ThreadPoolExecutor.java:1149)
	at java.util.concurrent.ThreadPoolExecutor$Worker.run(ThreadPoolExecutor.java:624)
	at java.lang.Thread.run(Thread.java:748)

2024.02.02 10:50:19 ERROR Failed to tokenize input for semantic tokens for /home/ysyx/Project/chisel_gen/src/main/scala/decode.scala
scala.meta.tokenizers.TokenizeException: <input>:117: error: Non-zero integral values may not have a leading zero.
                               0001000      00101 |  00000 | 000 | 00000 | 1110011
                               ^
	at scala.meta.internal.tokenizers.Reporter.syntaxError(Reporter.scala:23)
	at scala.meta.internal.tokenizers.Reporter.syntaxError$(Reporter.scala:23)
	at scala.meta.internal.tokenizers.Reporter$$anon$1.syntaxError(Reporter.scala:33)
	at scala.meta.internal.tokenizers.Reporter.syntaxError(Reporter.scala:25)
	at scala.meta.internal.tokenizers.Reporter.syntaxError$(Reporter.scala:25)
	at scala.meta.internal.tokenizers.Reporter$$anon$1.syntaxError(Reporter.scala:33)
	at scala.meta.internal.tokenizers.LegacyScanner.restOfUncertainToken$1(LegacyScanner.scala:856)
	at scala.meta.internal.tokenizers.LegacyScanner.getNumber(LegacyScanner.scala:872)
	at scala.meta.internal.tokenizers.LegacyScanner.fetchZero$1(LegacyScanner.scala:330)
	at scala.meta.internal.tokenizers.LegacyScanner.fetchToken(LegacyScanner.scala:332)
	at scala.meta.internal.tokenizers.LegacyScanner.nextToken(LegacyScanner.scala:211)
	at scala.meta.internal.tokenizers.LegacyScanner.foreach(LegacyScanner.scala:1011)
	at scala.meta.internal.tokenizers.ScalametaTokenizer.uncachedTokenize(ScalametaTokenizer.scala:24)
	at scala.meta.internal.tokenizers.ScalametaTokenizer.$anonfun$tokenize$1(ScalametaTokenizer.scala:17)
	at scala.collection.concurrent.TrieMap.getOrElseUpdate(TrieMap.scala:962)
	at scala.meta.internal.tokenizers.ScalametaTokenizer.tokenize(ScalametaTokenizer.scala:17)
	at scala.meta.internal.tokenizers.ScalametaTokenizer$$anon$2.apply(ScalametaTokenizer.scala:332)
	at scala.meta.tokenizers.Api$XtensionTokenizeDialectInput.tokenize(Api.scala:25)
	at scala.meta.tokenizers.Api$XtensionTokenizeInputLike.tokenize(Api.scala:14)
	at scala.meta.internal.metals.SemanticTokensProvider$.getTokens(SemanticTokensProvider.scala:28)
	at scala.meta.internal.metals.SemanticTokensProvider$.provide(SemanticTokensProvider.scala:89)
	at scala.meta.internal.metals.Compilers.$anonfun$semanticTokens$3(Compilers.scala:541)
	at scala.concurrent.impl.Promise$Transformation.run(Promise.scala:467)
	at java.util.concurrent.ThreadPoolExecutor.runWorker(ThreadPoolExecutor.java:1149)
	at java.util.concurrent.ThreadPoolExecutor$Worker.run(ThreadPoolExecutor.java:624)
	at java.lang.Thread.run(Thread.java:748)

2024.02.02 10:50:19 ERROR Failed to tokenize input for semantic tokens for /home/ysyx/Project/chisel_gen/src/main/scala/decode.scala
scala.meta.tokenizers.TokenizeException: <input>:117: error: Non-zero integral values may not have a leading zero.
                               0001000  00101 |  00000 | 000 | 00000 | 1110011
                               ^
	at scala.meta.internal.tokenizers.Reporter.syntaxError(Reporter.scala:23)
	at scala.meta.internal.tokenizers.Reporter.syntaxError$(Reporter.scala:23)
	at scala.meta.internal.tokenizers.Reporter$$anon$1.syntaxError(Reporter.scala:33)
	at scala.meta.internal.tokenizers.Reporter.syntaxError(Reporter.scala:25)
	at scala.meta.internal.tokenizers.Reporter.syntaxError$(Reporter.scala:25)
	at scala.meta.internal.tokenizers.Reporter$$anon$1.syntaxError(Reporter.scala:33)
	at scala.meta.internal.tokenizers.LegacyScanner.restOfUncertainToken$1(LegacyScanner.scala:856)
	at scala.meta.internal.tokenizers.LegacyScanner.getNumber(LegacyScanner.scala:872)
	at scala.meta.internal.tokenizers.LegacyScanner.fetchZero$1(LegacyScanner.scala:330)
	at scala.meta.internal.tokenizers.LegacyScanner.fetchToken(LegacyScanner.scala:332)
	at scala.meta.internal.tokenizers.LegacyScanner.nextToken(LegacyScanner.scala:211)
	at scala.meta.internal.tokenizers.LegacyScanner.foreach(LegacyScanner.scala:1011)
	at scala.meta.internal.tokenizers.ScalametaTokenizer.uncachedTokenize(ScalametaTokenizer.scala:24)
	at scala.meta.internal.tokenizers.ScalametaTokenizer.$anonfun$tokenize$1(ScalametaTokenizer.scala:17)
	at scala.collection.concurrent.TrieMap.getOrElseUpdate(TrieMap.scala:962)
	at scala.meta.internal.tokenizers.ScalametaTokenizer.tokenize(ScalametaTokenizer.scala:17)
	at scala.meta.internal.tokenizers.ScalametaTokenizer$$anon$2.apply(ScalametaTokenizer.scala:332)
	at scala.meta.tokenizers.Api$XtensionTokenizeDialectInput.tokenize(Api.scala:25)
	at scala.meta.tokenizers.Api$XtensionTokenizeInputLike.tokenize(Api.scala:14)
	at scala.meta.internal.metals.SemanticTokensProvider$.getTokens(SemanticTokensProvider.scala:28)
	at scala.meta.internal.metals.SemanticTokensProvider$.provide(SemanticTokensProvider.scala:89)
	at scala.meta.internal.metals.Compilers.$anonfun$semanticTokens$3(Compilers.scala:541)
	at scala.concurrent.impl.Promise$Transformation.run(Promise.scala:467)
	at java.util.concurrent.ThreadPoolExecutor.runWorker(ThreadPoolExecutor.java:1149)
	at java.util.concurrent.ThreadPoolExecutor$Worker.run(ThreadPoolExecutor.java:624)
	at java.lang.Thread.run(Thread.java:748)

2024.02.02 10:50:20 ERROR Failed to tokenize input for semantic tokens for /home/ysyx/Project/chisel_gen/src/main/scala/decode.scala
scala.meta.tokenizers.TokenizeException: <input>:117: error: Non-zero integral values may not have a leading zero.
                               000100000101 |  00000 | 000 | 00000 | 1110011
                               ^
	at scala.meta.internal.tokenizers.Reporter.syntaxError(Reporter.scala:23)
	at scala.meta.internal.tokenizers.Reporter.syntaxError$(Reporter.scala:23)
	at scala.meta.internal.tokenizers.Reporter$$anon$1.syntaxError(Reporter.scala:33)
	at scala.meta.internal.tokenizers.Reporter.syntaxError(Reporter.scala:25)
	at scala.meta.internal.tokenizers.Reporter.syntaxError$(Reporter.scala:25)
	at scala.meta.internal.tokenizers.Reporter$$anon$1.syntaxError(Reporter.scala:33)
	at scala.meta.internal.tokenizers.LegacyScanner.restOfUncertainToken$1(LegacyScanner.scala:856)
	at scala.meta.internal.tokenizers.LegacyScanner.getNumber(LegacyScanner.scala:872)
	at scala.meta.internal.tokenizers.LegacyScanner.fetchZero$1(LegacyScanner.scala:330)
	at scala.meta.internal.tokenizers.LegacyScanner.fetchToken(LegacyScanner.scala:332)
	at scala.meta.internal.tokenizers.LegacyScanner.nextToken(LegacyScanner.scala:211)
	at scala.meta.internal.tokenizers.LegacyScanner.foreach(LegacyScanner.scala:1011)
	at scala.meta.internal.tokenizers.ScalametaTokenizer.uncachedTokenize(ScalametaTokenizer.scala:24)
	at scala.meta.internal.tokenizers.ScalametaTokenizer.$anonfun$tokenize$1(ScalametaTokenizer.scala:17)
	at scala.collection.concurrent.TrieMap.getOrElseUpdate(TrieMap.scala:962)
	at scala.meta.internal.tokenizers.ScalametaTokenizer.tokenize(ScalametaTokenizer.scala:17)
	at scala.meta.internal.tokenizers.ScalametaTokenizer$$anon$2.apply(ScalametaTokenizer.scala:332)
	at scala.meta.tokenizers.Api$XtensionTokenizeDialectInput.tokenize(Api.scala:25)
	at scala.meta.tokenizers.Api$XtensionTokenizeInputLike.tokenize(Api.scala:14)
	at scala.meta.internal.metals.SemanticTokensProvider$.getTokens(SemanticTokensProvider.scala:28)
	at scala.meta.internal.metals.SemanticTokensProvider$.provide(SemanticTokensProvider.scala:89)
	at scala.meta.internal.metals.Compilers.$anonfun$semanticTokens$3(Compilers.scala:541)
	at scala.concurrent.impl.Promise$Transformation.run(Promise.scala:467)
	at java.util.concurrent.ThreadPoolExecutor.runWorker(ThreadPoolExecutor.java:1149)
	at java.util.concurrent.ThreadPoolExecutor$Worker.run(ThreadPoolExecutor.java:624)
	at java.lang.Thread.run(Thread.java:748)

2024.02.02 10:50:22 ERROR Failed to tokenize input for semantic tokens for /home/ysyx/Project/chisel_gen/src/main/scala/decode.scala
scala.meta.tokenizers.TokenizeException: <input>:117: error: Non-zero integral values may not have a leading zero.
                               00010000010100000 | 000 | 00000 | 1110011
                               ^
	at scala.meta.internal.tokenizers.Reporter.syntaxError(Reporter.scala:23)
	at scala.meta.internal.tokenizers.Reporter.syntaxError$(Reporter.scala:23)
	at scala.meta.internal.tokenizers.Reporter$$anon$1.syntaxError(Reporter.scala:33)
	at scala.meta.internal.tokenizers.Reporter.syntaxError(Reporter.scala:25)
	at scala.meta.internal.tokenizers.Reporter.syntaxError$(Reporter.scala:25)
	at scala.meta.internal.tokenizers.Reporter$$anon$1.syntaxError(Reporter.scala:33)
	at scala.meta.internal.tokenizers.LegacyScanner.restOfUncertainToken$1(LegacyScanner.scala:856)
	at scala.meta.internal.tokenizers.LegacyScanner.getNumber(LegacyScanner.scala:872)
	at scala.meta.internal.tokenizers.LegacyScanner.fetchZero$1(LegacyScanner.scala:330)
	at scala.meta.internal.tokenizers.LegacyScanner.fetchToken(LegacyScanner.scala:332)
	at scala.meta.internal.tokenizers.LegacyScanner.nextToken(LegacyScanner.scala:211)
	at scala.meta.internal.tokenizers.LegacyScanner.foreach(LegacyScanner.scala:1011)
	at scala.meta.internal.tokenizers.ScalametaTokenizer.uncachedTokenize(ScalametaTokenizer.scala:24)
	at scala.meta.internal.tokenizers.ScalametaTokenizer.$anonfun$tokenize$1(ScalametaTokenizer.scala:17)
	at scala.collection.concurrent.TrieMap.getOrElseUpdate(TrieMap.scala:962)
	at scala.meta.internal.tokenizers.ScalametaTokenizer.tokenize(ScalametaTokenizer.scala:17)
	at scala.meta.internal.tokenizers.ScalametaTokenizer$$anon$2.apply(ScalametaTokenizer.scala:332)
	at scala.meta.tokenizers.Api$XtensionTokenizeDialectInput.tokenize(Api.scala:25)
	at scala.meta.tokenizers.Api$XtensionTokenizeInputLike.tokenize(Api.scala:14)
	at scala.meta.internal.metals.SemanticTokensProvider$.getTokens(SemanticTokensProvider.scala:28)
	at scala.meta.internal.metals.SemanticTokensProvider$.provide(SemanticTokensProvider.scala:89)
	at scala.meta.internal.metals.Compilers.$anonfun$semanticTokens$3(Compilers.scala:541)
	at scala.concurrent.impl.Promise$Transformation.run(Promise.scala:467)
	at java.util.concurrent.ThreadPoolExecutor.runWorker(ThreadPoolExecutor.java:1149)
	at java.util.concurrent.ThreadPoolExecutor$Worker.run(ThreadPoolExecutor.java:624)
	at java.lang.Thread.run(Thread.java:748)

2024.02.02 10:50:23 ERROR Failed to tokenize input for semantic tokens for /home/ysyx/Project/chisel_gen/src/main/scala/decode.scala
scala.meta.tokenizers.TokenizeException: <input>:117: error: Non-zero integral values may not have a leading zero.
                               00010000010100000000 | 00000 | 1110011
                               ^
	at scala.meta.internal.tokenizers.Reporter.syntaxError(Reporter.scala:23)
	at scala.meta.internal.tokenizers.Reporter.syntaxError$(Reporter.scala:23)
	at scala.meta.internal.tokenizers.Reporter$$anon$1.syntaxError(Reporter.scala:33)
	at scala.meta.internal.tokenizers.Reporter.syntaxError(Reporter.scala:25)
	at scala.meta.internal.tokenizers.Reporter.syntaxError$(Reporter.scala:25)
	at scala.meta.internal.tokenizers.Reporter$$anon$1.syntaxError(Reporter.scala:33)
	at scala.meta.internal.tokenizers.LegacyScanner.restOfUncertainToken$1(LegacyScanner.scala:856)
	at scala.meta.internal.tokenizers.LegacyScanner.getNumber(LegacyScanner.scala:872)
	at scala.meta.internal.tokenizers.LegacyScanner.fetchZero$1(LegacyScanner.scala:330)
	at scala.meta.internal.tokenizers.LegacyScanner.fetchToken(LegacyScanner.scala:332)
	at scala.meta.internal.tokenizers.LegacyScanner.nextToken(LegacyScanner.scala:211)
	at scala.meta.internal.tokenizers.LegacyScanner.foreach(LegacyScanner.scala:1011)
	at scala.meta.internal.tokenizers.ScalametaTokenizer.uncachedTokenize(ScalametaTokenizer.scala:24)
	at scala.meta.internal.tokenizers.ScalametaTokenizer.$anonfun$tokenize$1(ScalametaTokenizer.scala:17)
	at scala.collection.concurrent.TrieMap.getOrElseUpdate(TrieMap.scala:962)
	at scala.meta.internal.tokenizers.ScalametaTokenizer.tokenize(ScalametaTokenizer.scala:17)
	at scala.meta.internal.tokenizers.ScalametaTokenizer$$anon$2.apply(ScalametaTokenizer.scala:332)
	at scala.meta.tokenizers.Api$XtensionTokenizeDialectInput.tokenize(Api.scala:25)
	at scala.meta.tokenizers.Api$XtensionTokenizeInputLike.tokenize(Api.scala:14)
	at scala.meta.internal.metals.SemanticTokensProvider$.getTokens(SemanticTokensProvider.scala:28)
	at scala.meta.internal.metals.SemanticTokensProvider$.provide(SemanticTokensProvider.scala:89)
	at scala.meta.internal.metals.Compilers.$anonfun$semanticTokens$3(Compilers.scala:541)
	at scala.concurrent.impl.Promise$Transformation.run(Promise.scala:467)
	at java.util.concurrent.ThreadPoolExecutor.runWorker(ThreadPoolExecutor.java:1149)
	at java.util.concurrent.ThreadPoolExecutor$Worker.run(ThreadPoolExecutor.java:624)
	at java.lang.Thread.run(Thread.java:748)

2024.02.02 10:50:25 ERROR Failed to tokenize input for semantic tokens for /home/ysyx/Project/chisel_gen/src/main/scala/decode.scala
scala.meta.tokenizers.TokenizeException: <input>:117: error: Non-zero integral values may not have a leading zero.
                               0001000001010000000000000 | 1110011
                               ^
	at scala.meta.internal.tokenizers.Reporter.syntaxError(Reporter.scala:23)
	at scala.meta.internal.tokenizers.Reporter.syntaxError$(Reporter.scala:23)
	at scala.meta.internal.tokenizers.Reporter$$anon$1.syntaxError(Reporter.scala:33)
	at scala.meta.internal.tokenizers.Reporter.syntaxError(Reporter.scala:25)
	at scala.meta.internal.tokenizers.Reporter.syntaxError$(Reporter.scala:25)
	at scala.meta.internal.tokenizers.Reporter$$anon$1.syntaxError(Reporter.scala:33)
	at scala.meta.internal.tokenizers.LegacyScanner.restOfUncertainToken$1(LegacyScanner.scala:856)
	at scala.meta.internal.tokenizers.LegacyScanner.getNumber(LegacyScanner.scala:872)
	at scala.meta.internal.tokenizers.LegacyScanner.fetchZero$1(LegacyScanner.scala:330)
	at scala.meta.internal.tokenizers.LegacyScanner.fetchToken(LegacyScanner.scala:332)
	at scala.meta.internal.tokenizers.LegacyScanner.nextToken(LegacyScanner.scala:211)
	at scala.meta.internal.tokenizers.LegacyScanner.foreach(LegacyScanner.scala:1011)
	at scala.meta.internal.tokenizers.ScalametaTokenizer.uncachedTokenize(ScalametaTokenizer.scala:24)
	at scala.meta.internal.tokenizers.ScalametaTokenizer.$anonfun$tokenize$1(ScalametaTokenizer.scala:17)
	at scala.collection.concurrent.TrieMap.getOrElseUpdate(TrieMap.scala:962)
	at scala.meta.internal.tokenizers.ScalametaTokenizer.tokenize(ScalametaTokenizer.scala:17)
	at scala.meta.internal.tokenizers.ScalametaTokenizer$$anon$2.apply(ScalametaTokenizer.scala:332)
	at scala.meta.tokenizers.Api$XtensionTokenizeDialectInput.tokenize(Api.scala:25)
	at scala.meta.tokenizers.Api$XtensionTokenizeInputLike.tokenize(Api.scala:14)
	at scala.meta.internal.metals.SemanticTokensProvider$.getTokens(SemanticTokensProvider.scala:28)
	at scala.meta.internal.metals.SemanticTokensProvider$.provide(SemanticTokensProvider.scala:89)
	at scala.meta.internal.metals.Compilers.$anonfun$semanticTokens$3(Compilers.scala:541)
	at scala.concurrent.impl.Promise$Transformation.run(Promise.scala:467)
	at java.util.concurrent.ThreadPoolExecutor.runWorker(ThreadPoolExecutor.java:1149)
	at java.util.concurrent.ThreadPoolExecutor$Worker.run(ThreadPoolExecutor.java:624)
	at java.lang.Thread.run(Thread.java:748)

2024.02.02 10:50:27 ERROR Failed to tokenize input for semantic tokens for /home/ysyx/Project/chisel_gen/src/main/scala/decode.scala
scala.meta.tokenizers.TokenizeException: <input>:117: error: Non-zero integral values may not have a leading zero.
                               0001000001010000000000000 1110011
                               ^
	at scala.meta.internal.tokenizers.Reporter.syntaxError(Reporter.scala:23)
	at scala.meta.internal.tokenizers.Reporter.syntaxError$(Reporter.scala:23)
	at scala.meta.internal.tokenizers.Reporter$$anon$1.syntaxError(Reporter.scala:33)
	at scala.meta.internal.tokenizers.Reporter.syntaxError(Reporter.scala:25)
	at scala.meta.internal.tokenizers.Reporter.syntaxError$(Reporter.scala:25)
	at scala.meta.internal.tokenizers.Reporter$$anon$1.syntaxError(Reporter.scala:33)
	at scala.meta.internal.tokenizers.LegacyScanner.restOfUncertainToken$1(LegacyScanner.scala:856)
	at scala.meta.internal.tokenizers.LegacyScanner.getNumber(LegacyScanner.scala:872)
	at scala.meta.internal.tokenizers.LegacyScanner.fetchZero$1(LegacyScanner.scala:330)
	at scala.meta.internal.tokenizers.LegacyScanner.fetchToken(LegacyScanner.scala:332)
	at scala.meta.internal.tokenizers.LegacyScanner.nextToken(LegacyScanner.scala:211)
	at scala.meta.internal.tokenizers.LegacyScanner.foreach(LegacyScanner.scala:1011)
	at scala.meta.internal.tokenizers.ScalametaTokenizer.uncachedTokenize(ScalametaTokenizer.scala:24)
	at scala.meta.internal.tokenizers.ScalametaTokenizer.$anonfun$tokenize$1(ScalametaTokenizer.scala:17)
	at scala.collection.concurrent.TrieMap.getOrElseUpdate(TrieMap.scala:962)
	at scala.meta.internal.tokenizers.ScalametaTokenizer.tokenize(ScalametaTokenizer.scala:17)
	at scala.meta.internal.tokenizers.ScalametaTokenizer$$anon$2.apply(ScalametaTokenizer.scala:332)
	at scala.meta.tokenizers.Api$XtensionTokenizeDialectInput.tokenize(Api.scala:25)
	at scala.meta.tokenizers.Api$XtensionTokenizeInputLike.tokenize(Api.scala:14)
	at scala.meta.internal.metals.SemanticTokensProvider$.getTokens(SemanticTokensProvider.scala:28)
	at scala.meta.internal.metals.SemanticTokensProvider$.provide(SemanticTokensProvider.scala:89)
	at scala.meta.internal.metals.Compilers.$anonfun$semanticTokens$3(Compilers.scala:541)
	at scala.concurrent.impl.Promise$Transformation.run(Promise.scala:467)
	at java.util.concurrent.ThreadPoolExecutor.runWorker(ThreadPoolExecutor.java:1149)
	at java.util.concurrent.ThreadPoolExecutor$Worker.run(ThreadPoolExecutor.java:624)
	at java.lang.Thread.run(Thread.java:748)

2024.02.02 10:50:27 ERROR Failed to tokenize input for semantic tokens for /home/ysyx/Project/chisel_gen/src/main/scala/decode.scala
scala.meta.tokenizers.TokenizeException: <input>:117: error: Non-zero integral values may not have a leading zero.
                               00010000010100000000000001110011
                               ^
	at scala.meta.internal.tokenizers.Reporter.syntaxError(Reporter.scala:23)
	at scala.meta.internal.tokenizers.Reporter.syntaxError$(Reporter.scala:23)
	at scala.meta.internal.tokenizers.Reporter$$anon$1.syntaxError(Reporter.scala:33)
	at scala.meta.internal.tokenizers.Reporter.syntaxError(Reporter.scala:25)
	at scala.meta.internal.tokenizers.Reporter.syntaxError$(Reporter.scala:25)
	at scala.meta.internal.tokenizers.Reporter$$anon$1.syntaxError(Reporter.scala:33)
	at scala.meta.internal.tokenizers.LegacyScanner.restOfUncertainToken$1(LegacyScanner.scala:856)
	at scala.meta.internal.tokenizers.LegacyScanner.getNumber(LegacyScanner.scala:872)
	at scala.meta.internal.tokenizers.LegacyScanner.fetchZero$1(LegacyScanner.scala:330)
	at scala.meta.internal.tokenizers.LegacyScanner.fetchToken(LegacyScanner.scala:332)
	at scala.meta.internal.tokenizers.LegacyScanner.nextToken(LegacyScanner.scala:211)
	at scala.meta.internal.tokenizers.LegacyScanner.foreach(LegacyScanner.scala:1011)
	at scala.meta.internal.tokenizers.ScalametaTokenizer.uncachedTokenize(ScalametaTokenizer.scala:24)
	at scala.meta.internal.tokenizers.ScalametaTokenizer.$anonfun$tokenize$1(ScalametaTokenizer.scala:17)
	at scala.collection.concurrent.TrieMap.getOrElseUpdate(TrieMap.scala:962)
	at scala.meta.internal.tokenizers.ScalametaTokenizer.tokenize(ScalametaTokenizer.scala:17)
	at scala.meta.internal.tokenizers.ScalametaTokenizer$$anon$2.apply(ScalametaTokenizer.scala:332)
	at scala.meta.tokenizers.Api$XtensionTokenizeDialectInput.tokenize(Api.scala:25)
	at scala.meta.tokenizers.Api$XtensionTokenizeInputLike.tokenize(Api.scala:14)
	at scala.meta.internal.metals.SemanticTokensProvider$.getTokens(SemanticTokensProvider.scala:28)
	at scala.meta.internal.metals.SemanticTokensProvider$.provide(SemanticTokensProvider.scala:89)
	at scala.meta.internal.metals.Compilers.$anonfun$semanticTokens$3(Compilers.scala:541)
	at scala.concurrent.impl.Promise$Transformation.run(Promise.scala:467)
	at java.util.concurrent.ThreadPoolExecutor.runWorker(ThreadPoolExecutor.java:1149)
	at java.util.concurrent.ThreadPoolExecutor$Worker.run(ThreadPoolExecutor.java:624)
	at java.lang.Thread.run(Thread.java:748)

Feb 02, 2024 10:50:34 AM org.eclipse.lsp4j.jsonrpc.RemoteEndpoint handleCancellation
WARNING: Unmatched cancel notification for request id 905
Feb 02, 2024 10:57:47 AM org.eclipse.lsp4j.jsonrpc.services.GenericEndpoint notify
INFO: Unsupported notification method: $/setTrace
2024.02.02 10:58:16 WARN  no build target for: /home/ysyx/Project/chisel_gen/src/main/scala/decode.scala
2024.02.02 11:53:50 WARN  no build target for: /home/ysyx/Project/chisel_gen/src/main/scala/hazard.scala
Feb 02, 2024 12:06:50 PM org.eclipse.lsp4j.jsonrpc.RemoteEndpoint handleCancellation
WARNING: Unmatched cancel notification for request id 1220
2024.02.02 12:29:09 WARN  no build target for: /home/ysyx/Project/chisel_gen/src/main/scala/hazard.scala
2024.02.02 12:29:09 WARN  no build target for: /home/ysyx/Project/chisel_gen/src/main/scala/hazard.scala
2024.02.02 12:29:27 WARN  no build target for: /home/ysyx/Project/chisel_gen/src/main/scala/hazard.scala
2024.02.02 12:36:18 WARN  no build target for: /home/ysyx/Project/chisel_gen/src/main/scala/hazard.scala
Feb 02, 2024 12:54:21 PM org.eclipse.lsp4j.jsonrpc.RemoteEndpoint handleCancellation
WARNING: Unmatched cancel notification for request id 1646
2024.02.02 12:55:38 WARN  no build target for: /home/ysyx/Project/chisel_gen/src/main/scala/fetch.scala
2024.02.02 12:57:35 WARN  no build target for: /home/ysyx/Project/chisel_gen/src/main/scala/fetch.scala
2024.02.02 13:05:22 WARN  Using indexes to guess the definition of io
2024.02.02 13:05:47 WARN  Using indexes to guess the definition of io
2024.02.02 13:05:47 WARN  Using indexes to guess the definition of io
2024.02.02 13:06:44 WARN  no build target for: /home/ysyx/Project/chisel_gen/src/main/scala/hazard.scala
2024.02.02 13:07:29 WARN  no build target for: /home/ysyx/Project/chisel_gen/src/main/scala/hazard.scala
2024.02.02 13:07:34 WARN  no build target for: /home/ysyx/Project/chisel_gen/src/main/scala/fetch.scala
2024.02.02 13:11:00 WARN  no build target for: /home/ysyx/Project/chisel_gen/src/main/scala/hazard.scala
2024.02.02 13:21:47 WARN  no build target for: /home/ysyx/Project/chisel_gen/src/main/scala/decode.scala
2024.02.02 13:24:30 WARN  no build target for: /home/ysyx/Project/chisel_gen/src/main/scala/hazard.scala
2024.02.02 13:24:31 WARN  Using indexes to guess the definition of io
Feb 02, 2024 1:39:44 PM org.eclipse.lsp4j.jsonrpc.services.GenericEndpoint notify
INFO: Unsupported notification method: $/setTrace
Feb 02, 2024 2:20:29 PM org.eclipse.lsp4j.jsonrpc.RemoteEndpoint handleCancellation
WARNING: Unmatched cancel notification for request id 2472
Feb 02, 2024 2:20:31 PM org.eclipse.lsp4j.jsonrpc.RemoteEndpoint handleCancellation
WARNING: Unmatched cancel notification for request id 2473
Feb 02, 2024 2:20:31 PM org.eclipse.lsp4j.jsonrpc.RemoteEndpoint handleCancellation
WARNING: Unmatched cancel notification for request id 2475
2024.02.02 14:22:18 WARN  no build target for: /home/ysyx/Project/chisel_gen/src/main/scala/branch.scala
Feb 02, 2024 2:22:20 PM org.eclipse.lsp4j.jsonrpc.RemoteEndpoint handleCancellation
WARNING: Unmatched cancel notification for request id 2494
2024.02.02 14:22:30 WARN  no build target for: /home/ysyx/Project/chisel_gen/src/main/scala/immgen.scala
Feb 02, 2024 2:22:34 PM org.eclipse.lsp4j.jsonrpc.RemoteEndpoint handleCancellation
WARNING: Unmatched cancel notification for request id 2512
2024.02.02 14:51:27 WARN  no build target for: /home/ysyx/Project/chisel_gen/src/main/scala/decode.scala
2024.02.02 14:58:55 WARN  no build target for: /home/ysyx/Project/chisel_gen/src/main/scala/decode.scala
2024.02.02 14:58:57 INFO  time: code lens generation in 16s
2024.02.02 14:59:03 WARN  no build target for: /home/ysyx/Project/chisel_gen/src/main/scala/decode.scala
2024.02.02 15:14:41 WARN  no build target for: /home/ysyx/Project/chisel_gen/src/main/scala/aluselect.scala
2024.02.02 15:23:11 WARN  no build target for: /home/ysyx/Project/chisel_gen/src/main/scala/alu.scala
2024.02.02 15:23:26 WARN  no build target for: /home/ysyx/Project/chisel_gen/src/main/scala/alu.scala
Feb 02, 2024 3:23:26 PM org.eclipse.lsp4j.jsonrpc.RemoteEndpoint handleCancellation
WARNING: Unmatched cancel notification for request id 2808
2024.02.02 15:23:54 WARN  no build target for: /home/ysyx/Project/chisel_gen/src/main/scala/targetgen.scala
2024.02.02 15:23:57 WARN  no build target for: /home/ysyx/Project/chisel_gen/src/main/scala/targetgen.scala
2024.02.02 16:14:17 WARN  no build target for: /home/ysyx/Project/chisel_gen/src/main/scala/targetgen.scala
2024.02.02 16:56:07 WARN  no build target for: /home/ysyx/Project/chisel_gen/src/main/scala/excute.scala
2024.02.02 16:56:07 WARN  Could not find semantic tokens for: file:///home/ysyx/Project/chisel_gen/src/main/scala/excute.scala
2024.02.02 16:56:07 WARN  Could not find semantic tokens for: file:///home/ysyx/Project/chisel_gen/src/main/scala/excute.scala
2024.02.02 17:04:48 WARN  no build target for: /home/ysyx/Project/chisel_gen/src/main/scala/excute.scala
2024.02.02 17:10:13 WARN  Using indexes to guess the definition of Execute
2024.02.02 17:10:13 WARN  Using indexes to guess the definition of Execute
2024.02.02 17:10:33 WARN  no build target for: /home/ysyx/Project/chisel_gen/src/main/scala/decode.scala
2024.02.02 17:10:35 WARN  Using indexes to guess the definition of csr_write_enable_out_reg
2024.02.02 17:10:36 WARN  no build target for: /home/ysyx/Project/chisel_gen/src/main/scala/excute.scala
2024.02.02 17:11:04 WARN  no build target for: /home/ysyx/Project/chisel_gen/src/main/scala/excute.scala
2024.02.02 17:19:21 WARN  no build target for: /home/ysyx/Project/chisel_gen/src/main/scala/excute.scala
2024.02.02 17:51:17 WARN  no build target for: /home/ysyx/Project/chisel_gen/src/main/scala/datacache.scala
2024.02.02 18:19:36 WARN  no build target for: /home/ysyx/Project/chisel_gen/src/main/scala/writeback.scala
2024.02.02 21:16:02 INFO  time: code lens generation in 5.26s
Exception in thread "pool-3-thread-1" Feb 02, 2024 9:16:03 PM org.eclipse.lsp4j.jsonrpc.RemoteEndpoint handleCancellation
WARNING: Unmatched cancel notification for request id 3665
java.lang.Error: java.lang.InterruptedException
	at java.util.concurrent.ThreadPoolExecutor.runWorker(ThreadPoolExecutor.java:1155)
	at java.util.concurrent.ThreadPoolExecutor$Worker.run(ThreadPoolExecutor.java:624)
	at java.lang.Thread.run(Thread.java:748)
Caused by: java.lang.InterruptedException
	at scala.meta.internal.metals.FutureCancelToken.checkCanceled(FutureCancelToken.scala:29)
	at scala.meta.internal.pc.CompilerAccess.onCompilerJobQueue$$anonfun$1(CompilerAccess.scala:230)
	at scala.meta.internal.pc.CompilerJobQueue$Job.run(CompilerJobQueue.scala:152)
	at java.util.concurrent.ThreadPoolExecutor.runWorker(ThreadPoolExecutor.java:1149)
	... 2 more
Feb 02, 2024 9:16:03 PM org.eclipse.lsp4j.jsonrpc.RemoteEndpoint handleCancellation
WARNING: Unmatched cancel notification for request id 3662
2024.02.02 21:16:05 WARN  Using indexes to guess the definition of reg_pc_reg
2024.02.02 21:16:06 WARN  Using indexes to guess the definition of csr_read_data_out_reg
2024.02.02 21:16:14 WARN  no build target for: /home/ysyx/Project/chisel_gen/src/main/scala/excute.scala
Feb 02, 2024 10:38:02 PM org.eclipse.lsp4j.jsonrpc.RemoteEndpoint handleCancellation
WARNING: Unmatched cancel notification for request id 3725
2024.02.03 00:29:24 INFO  Shutting down server
2024.02.03 00:29:27 INFO  shutting down Metals
2024.02.03 00:29:40 ERROR Unexpected error initializing server: 
org.eclipse.lsp4j.jsonrpc.ResponseErrorException: Request window/showMessageRequest failed with message: Canceled
	at org.eclipse.lsp4j.jsonrpc.RemoteEndpoint.handleResponse(RemoteEndpoint.java:209)
	at org.eclipse.lsp4j.jsonrpc.RemoteEndpoint.consume(RemoteEndpoint.java:193)
	at org.eclipse.lsp4j.jsonrpc.json.StreamMessageProducer.handleMessage(StreamMessageProducer.java:194)
	at org.eclipse.lsp4j.jsonrpc.json.StreamMessageProducer.listen(StreamMessageProducer.java:94)
	at org.eclipse.lsp4j.jsonrpc.json.ConcurrentMessageProcessor.run(ConcurrentMessageProcessor.java:113)
	at java.util.concurrent.Executors$RunnableAdapter.call(Executors.java:511)
	at java.util.concurrent.FutureTask.run(FutureTask.java:266)
	at java.util.concurrent.ThreadPoolExecutor.runWorker(ThreadPoolExecutor.java:1149)
	at java.util.concurrent.ThreadPoolExecutor$Worker.run(ThreadPoolExecutor.java:624)
	at java.lang.Thread.run(Thread.java:748)

2024.02.03 10:30:15 INFO  Started: Metals version 1.2.0 in folders '/home/ysyx/Project/chisel_gen' for client Visual Studio Code 1.81.1.
2024.02.03 10:30:15 WARN  Build server is not auto-connectable.
2024.02.03 11:14:18 WARN  no build target for: /home/ysyx/Project/chisel_gen/src/main/scala/memory.scala
2024.02.03 11:14:21 INFO  no build target found for /home/ysyx/Project/chisel_gen/src/main/scala/memory.scala. Using presentation compiler with project's scala-library version: 3.3.1
2024.02.03 11:14:22 WARN  Could not find semantic tokens for: file:///home/ysyx/Project/chisel_gen/src/main/scala/memory.scala
2024.02.03 11:14:22 INFO  time: code lens generation in 3.31s
2024.02.03 11:14:22 WARN  Could not find semantic tokens for: file:///home/ysyx/Project/chisel_gen/src/main/scala/memory.scala
2024.02.03 11:15:06 ERROR Failed to tokenize input for semantic tokens for /home/ysyx/Project/chisel_gen/src/main/scala/memory.scala
scala.meta.tokenizers.TokenizeException: <input>:99: error: empty quoted identifier
```scala
^
	at scala.meta.internal.tokenizers.Reporter.syntaxError(Reporter.scala:23)
	at scala.meta.internal.tokenizers.Reporter.syntaxError$(Reporter.scala:23)
	at scala.meta.internal.tokenizers.Reporter$$anon$1.syntaxError(Reporter.scala:33)
	at scala.meta.internal.tokenizers.Reporter.syntaxError(Reporter.scala:25)
	at scala.meta.internal.tokenizers.Reporter.syntaxError$(Reporter.scala:25)
	at scala.meta.internal.tokenizers.Reporter$$anon$1.syntaxError(Reporter.scala:33)
	at scala.meta.internal.tokenizers.LegacyScanner.getBackquotedIdent(LegacyScanner.scala:485)
	at scala.meta.internal.tokenizers.LegacyScanner.fetchToken(LegacyScanner.scala:337)
	at scala.meta.internal.tokenizers.LegacyScanner.nextToken(LegacyScanner.scala:211)
	at scala.meta.internal.tokenizers.LegacyScanner.foreach(LegacyScanner.scala:1011)
	at scala.meta.internal.tokenizers.ScalametaTokenizer.uncachedTokenize(ScalametaTokenizer.scala:24)
	at scala.meta.internal.tokenizers.ScalametaTokenizer.$anonfun$tokenize$1(ScalametaTokenizer.scala:17)
	at scala.collection.concurrent.TrieMap.getOrElseUpdate(TrieMap.scala:962)
	at scala.meta.internal.tokenizers.ScalametaTokenizer.tokenize(ScalametaTokenizer.scala:17)
	at scala.meta.internal.tokenizers.ScalametaTokenizer$$anon$2.apply(ScalametaTokenizer.scala:332)
	at scala.meta.tokenizers.Api$XtensionTokenizeDialectInput.tokenize(Api.scala:25)
	at scala.meta.tokenizers.Api$XtensionTokenizeInputLike.tokenize(Api.scala:14)
	at scala.meta.internal.metals.SemanticTokensProvider$.getTokens(SemanticTokensProvider.scala:28)
	at scala.meta.internal.metals.SemanticTokensProvider$.provide(SemanticTokensProvider.scala:89)
	at scala.meta.internal.metals.Compilers.$anonfun$semanticTokens$3(Compilers.scala:541)
	at scala.concurrent.impl.Promise$Transformation.run(Promise.scala:467)
	at java.util.concurrent.ThreadPoolExecutor.runWorker(ThreadPoolExecutor.java:1149)
	at java.util.concurrent.ThreadPoolExecutor$Worker.run(ThreadPoolExecutor.java:624)
	at java.lang.Thread.run(Thread.java:748)

2024.02.03 11:32:14 WARN  no build target for: /home/ysyx/Project/chisel_gen/src/main/scala/memory.scala
2024.02.03 11:54:33 WARN  no build target for: /home/ysyx/Project/chisel_gen/src/main/scala/memory.scala
2024.02.03 11:57:32 WARN  Using indexes to guess the definition of retired
2024.02.03 12:01:02 WARN  Using indexes to guess the definition of dataCache
2024.02.03 12:01:09 WARN  Using indexes to guess the definition of dataCache
2024.02.03 12:14:18 WARN  no build target for: /home/ysyx/Project/chisel_gen/src/main/scala/memory.scala
2024.02.03 12:14:18 WARN  Using indexes to guess the definition of pcsrc_reg
2024.02.03 12:14:25 WARN  Using indexes to guess the definition of branch
2024.02.03 12:28:07 WARN  no build target for: /home/ysyx/Project/chisel_gen/src/main/scala/memory.scala
2024.02.03 12:28:07 WARN  Using indexes to guess the definition of csr_write_address_out_reg
2024.02.03 12:31:16 WARN  Using indexes to guess the definition of wb_rd_reg
2024.02.03 12:31:16 WARN  Using indexes to guess the definition of pcsrc_reg
2024.02.03 12:31:18 WARN  no build target for: /home/ysyx/Project/chisel_gen/src/main/scala/memory.scala
2024.02.03 12:53:12 WARN  no build target for: /home/ysyx/Project/chisel_gen/src/main/scala/writeback.scala
2024.02.03 12:53:23 WARN  no build target for: /home/ysyx/Project/chisel_gen/src/main/scala/writeback.scala
2024.02.03 12:53:25 WARN  no build target for: /home/ysyx/Project/chisel_gen/src/main/scala/targetgen.scala
2024.02.03 13:08:04 WARN  no build target for: /home/ysyx/Project/chisel_gen/src/main/scala/writeback.scala
2024.02.03 13:08:13 WARN  no build target for: /home/ysyx/Project/chisel_gen/src/main/scala/control.scala
2024.02.03 13:09:53 WARN  no build target for: /home/ysyx/Project/chisel_gen/src/main/scala/hazard.scala
Feb 03, 2024 3:04:46 PM org.eclipse.lsp4j.jsonrpc.services.GenericEndpoint notify
INFO: Unsupported notification method: $/setTrace
Feb 03, 2024 3:29:50 PM org.eclipse.lsp4j.jsonrpc.RemoteEndpoint handleCancellation
WARNING: Unmatched cancel notification for request id 1190
Feb 03, 2024 4:08:52 PM org.eclipse.lsp4j.jsonrpc.RemoteEndpoint handleCancellation
WARNING: Unmatched cancel notification for request id 1225
Exception in thread "pool-3-thread-1" java.lang.Error: java.lang.InterruptedException
	at java.util.concurrent.ThreadPoolExecutor.runWorker(ThreadPoolExecutor.java:1155)
	at java.util.concurrent.ThreadPoolExecutor$Worker.run(ThreadPoolExecutor.java:624)
	at java.lang.Thread.run(Thread.java:748)
Caused by: java.lang.InterruptedException
	at scala.meta.internal.metals.FutureCancelToken.checkCanceled(FutureCancelToken.scala:29)
	at scala.meta.internal.pc.CompilerAccess.onCompilerJobQueue$$anonfun$1(CompilerAccess.scala:230)
	at scala.meta.internal.pc.CompilerJobQueue$Job.run(CompilerJobQueue.scala:152)
	at java.util.concurrent.ThreadPoolExecutor.runWorker(ThreadPoolExecutor.java:1149)
	... 2 more
2024.02.03 16:31:55 WARN  Using indexes to guess the definition of trapped
2024.02.03 16:31:55 WARN  Using indexes to guess the definition of trapped
2024.02.03 16:31:58 WARN  no build target for: /home/ysyx/Project/chisel_gen/src/main/scala/hazard.scala
2024.02.03 17:00:11 WARN  no build target for: /home/ysyx/Project/chisel_gen/src/main/scala/hazard.scala
2024.02.03 18:16:56 WARN  no build target for: /home/ysyx/Project/chisel_gen/src/main/scala/btb.scala
Feb 03, 2024 6:16:56 PM org.eclipse.lsp4j.jsonrpc.RemoteEndpoint handleCancellation
WARNING: Unmatched cancel notification for request id 1581
2024.02.03 22:20:52 WARN  no build target for: /home/ysyx/Project/chisel_gen/src/main/scala/fetch.scala
Feb 03, 2024 10:53:07 PM org.eclipse.lsp4j.jsonrpc.RemoteEndpoint handleCancellation
WARNING: Unmatched cancel notification for request id 1651
2024.02.03 23:13:15 WARN  no build target for: /home/ysyx/Project/chisel_gen/src/main/scala/hazard.scala
2024.02.04 00:11:02 INFO  Shutting down server
2024.02.04 00:11:02 INFO  shutting down Metals
2024.02.04 00:11:02 INFO  Exiting server
2024.02.04 10:32:41 INFO  Started: Metals version 1.2.0 in folders '/home/ysyx/Project/chisel_gen' for client Visual Studio Code 1.81.1.
2024.02.04 10:32:43 WARN  Build server is not auto-connectable.
2024.02.04 10:32:43 WARN  no build target for: /home/ysyx/Project/chisel_gen/src/main/scala/fetch.scala
2024.02.04 10:32:50 INFO  no build target found for /home/ysyx/Project/chisel_gen/src/main/scala/fetch.scala. Using presentation compiler with project's scala-library version: 3.3.1
Feb 04, 2024 10:32:51 AM org.eclipse.lsp4j.jsonrpc.RemoteEndpoint handleCancellation
WARNING: Unmatched cancel notification for request id 2
Feb 04, 2024 10:32:51 AM org.eclipse.lsp4j.jsonrpc.services.GenericEndpoint notify
INFO: Unsupported notification method: $/setTrace
Feb 04, 2024 10:32:51 AM org.eclipse.lsp4j.jsonrpc.RemoteEndpoint handleCancellation
WARNING: Unmatched cancel notification for request id 8
2024.02.04 10:32:55 INFO  time: code lens generation in 4.48s
2024.02.04 10:42:35 WARN  no build target for: /home/ysyx/Project/chisel_gen/src/main/scala/decode.scala
2024.02.04 10:48:36 WARN  no build target for: /home/ysyx/Project/chisel_gen/src/main/scala/excute.scala
2024.02.04 10:48:56 WARN  no build target for: /home/ysyx/Project/chisel_gen/src/main/scala/execute.scala
2024.02.04 10:55:53 WARN  no build target for: /home/ysyx/Project/chisel_gen/src/main/scala/datacache.scala
2024.02.04 10:55:55 WARN  no build target for: /home/ysyx/Project/chisel_gen/src/main/scala/memory.scala
2024.02.04 10:58:38 WARN  no build target for: /home/ysyx/Project/chisel_gen/src/main/scala/writeback.scala
2024.02.04 11:13:02 WARN  no build target for: /home/ysyx/Project/chisel_gen/src/main/scala/csr.scala
2024.02.04 11:13:02 WARN  Could not find semantic tokens for: file:///home/ysyx/Project/chisel_gen/src/main/scala/csr.scala
2024.02.04 11:13:02 WARN  Could not find semantic tokens for: file:///home/ysyx/Project/chisel_gen/src/main/scala/csr.scala
2024.02.04 11:13:38 WARN  no build target for: /home/ysyx/Project/chisel_gen/src/main/scala/aluselect.scala
2024.02.04 11:16:38 WARN  no build target for: /home/ysyx/Project/chisel_gen/src/main/scala/csr.scala
2024.02.04 11:17:11 WARN  no build target for: /home/ysyx/Project/chisel_gen/src/main/scala/hazard.scala
2024.02.04 11:34:20 WARN  no build target for: /home/ysyx/Project/chisel_gen/src/main/scala/hazard.scala
Feb 04, 2024 11:53:30 AM org.eclipse.lsp4j.jsonrpc.RemoteEndpoint handleCancellation
WARNING: Unmatched cancel notification for request id 1295
2024.02.04 11:54:11 WARN  no build target for: /home/ysyx/Project/chisel_gen/src/main/scala/hazard.scala
2024.02.04 12:00:34 WARN  no build target for: /home/ysyx/Project/chisel_gen/src/main/scala/core.scala
2024.02.04 12:00:34 WARN  Could not find semantic tokens for: file:///home/ysyx/Project/chisel_gen/src/main/scala/core.scala
2024.02.04 12:00:34 WARN  Could not find semantic tokens for: file:///home/ysyx/Project/chisel_gen/src/main/scala/core.scala
2024.02.04 12:00:37 WARN  Could not find semantic tokens for: file:///home/ysyx/Project/chisel_gen/src/main/scala/core.scala
2024.02.04 12:01:58 WARN  no build target for: /home/ysyx/Project/chisel_gen/src/main/scala/core.scala
2024.02.04 12:01:58 WARN  Could not find semantic tokens for: file:///home/ysyx/Project/chisel_gen/src/main/scala/core.scala
2024.02.04 12:02:08 WARN  no build target for: /home/ysyx/Project/chisel_gen/src/main/scala/bht.scala
2024.02.04 12:02:11 WARN  Could not find semantic tokens for: file:///home/ysyx/Project/chisel_gen/src/main/scala/core.scala
2024.02.04 12:02:14 WARN  no build target for: /home/ysyx/Project/chisel_gen/src/main/scala/core.scala
2024.02.04 12:15:20 WARN  Using indexes to guess the definition of execute
2024.02.04 12:19:50 WARN  Using indexes to guess the definition of writeback
Feb 04, 2024 12:20:51 PM org.eclipse.lsp4j.jsonrpc.RemoteEndpoint handleCancellation
WARNING: Unmatched cancel notification for request id 1803
2024.02.04 12:22:49 WARN  no build target for: /home/ysyx/Project/chisel_gen/src/main/scala/core.scala
2024.02.04 12:25:51 WARN  Using indexes to guess the definition of writeback
2024.02.04 12:28:39 WARN  Using indexes to guess the definition of memory
2024.02.04 12:29:17 WARN  Using indexes to guess the definition of execute
2024.02.04 12:29:26 WARN  Using indexes to guess the definition of memory
2024.02.04 12:40:03 WARN  Using indexes to guess the definition of execute
2024.02.04 12:40:13 WARN  Using indexes to guess the definition of memory
2024.02.04 12:40:19 WARN  Using indexes to guess the definition of memory
2024.02.04 12:40:31 WARN  Using indexes to guess the definition of io
2024.02.04 12:40:31 WARN  Using indexes to guess the definition of forward2
2024.02.04 12:40:31 WARN  Using indexes to guess the definition of io
2024.02.04 12:40:31 WARN  Using indexes to guess the definition of execute
2024.02.04 12:43:20 WARN  no build target for: /home/ysyx/Project/chisel_gen/src/main/scala/core.scala
2024.02.04 12:46:23 WARN  no build target for: /home/ysyx/Project/chisel_gen/src/main/scala/csr.scala
2024.02.04 12:48:32 WARN  no build target for: /home/ysyx/Project/chisel_gen/src/main/scala/csr.scala
2024.02.04 12:48:33 WARN  no build target for: /home/ysyx/Project/chisel_gen/src/main/scala/csr.scala
2024.02.04 12:51:14 WARN  no build target for: /home/ysyx/Project/chisel_gen/src/main/scala/hazard.scala
2024.02.04 13:28:52 WARN  no build target for: /home/ysyx/Project/chisel_gen/src/main/scala/csr.scala
Feb 04, 2024 2:08:40 PM org.eclipse.lsp4j.jsonrpc.services.GenericEndpoint notify
INFO: Unsupported notification method: $/setTrace
2024.02.04 14:08:48 WARN  no build target for: /home/ysyx/Project/chisel_gen/build.sbt
2024.02.04 14:08:48 WARN  Could not find semantic tokens for: file:///home/ysyx/Project/chisel_gen/build.sbt
2024.02.04 14:08:48 WARN  Could not find semantic tokens for: file:///home/ysyx/Project/chisel_gen/build.sbt
2024.02.04 14:10:17 WARN  no build target for: /home/ysyx/Project/chisel_gen/src/main/scala/excute.scala
2024.02.04 14:11:03 WARN  no build target for: /home/ysyx/Project/chisel_gen/src/main/scala/core.scala
2024.02.04 14:12:02 WARN  no build target for: /home/ysyx/Project/chisel_gen/src/main/scala/core.scala
2024.02.04 14:13:56 WARN  no build target for: /home/ysyx/Project/chisel_gen/src/main/scala/core.scala
2024.02.04 14:14:20 WARN  no build target for: /home/ysyx/Project/chisel_gen/build.sbt
2024.02.04 14:14:20 WARN  Could not find semantic tokens for: file:///home/ysyx/Project/chisel_gen/build.sbt
2024.02.04 14:14:21 WARN  Could not find semantic tokens for: file:///home/ysyx/Project/chisel_gen/build.sbt
2024.02.04 14:15:10 WARN  no build target for: /home/ysyx/Project/chisel_gen/build.sbt
2024.02.04 14:15:10 WARN  Could not find semantic tokens for: file:///home/ysyx/Project/chisel_gen/build.sbt
2024.02.04 14:15:10 WARN  Could not find semantic tokens for: file:///home/ysyx/Project/chisel_gen/build.sbt
2024.02.04 14:15:20 INFO  running '/opt/jdk/jdk1.8.0_181/bin/java -Djline.terminal=jline.UnsupportedTerminal -Dsbt.log.noformat=true -Dfile.encoding=UTF-8 -Dsbt.version=1.9.7 -jar /tmp/metals7765489871224848552/sbt-launch.jar -Dbloop.export-jar-classifiers=sources bloopInstall'
2024.02.04 14:15:21 ERROR [info] [launcher] getting org.scala-sbt sbt 1.9.7  (this may take some time)...
2024.02.04 14:15:30 INFO  [info] Updated file /home/ysyx/Project/chisel_gen/project/build.properties: set sbt.version to 1.9.7
2024.02.04 14:15:30 INFO  [info] welcome to sbt 1.9.7 (Oracle Corporation Java 1.8.0_181)
2024.02.04 14:15:30 WARN  Could not find semantic tokens for: file:///home/ysyx/Project/chisel_gen/build.sbt
2024.02.04 14:15:31 INFO  [info] loading settings for project chisel_gen-build-build from metals.sbt ...
2024.02.04 14:15:31 INFO  [info] loading project definition from /home/ysyx/Project/chisel_gen/project/project
2024.02.04 14:15:33 INFO  [info] loading settings for project chisel_gen-build from metals.sbt ...
2024.02.04 14:15:33 INFO  [info] loading project definition from /home/ysyx/Project/chisel_gen/project
2024.02.04 14:17:37 INFO  [success] Generated .bloop/chisel_gen-build.json
2024.02.04 14:17:37 INFO  [success] Total time: 124 s (02:04), completed Feb 4, 2024 2:17:37 PM
2024.02.04 14:17:40 ERROR /home/ysyx/Project/chisel_gen/build.sbt:9: warning: method sonatypeRepo in class ResolverFunctions is deprecated (since 1.7.0): Use sonatypeOssRepos instead e.g. `resolvers ++= Resolver.sonatypeOssRepos("snapshots")`
2024.02.04 14:17:40 ERROR   Resolver.sonatypeRepo("releases")
2024.02.04 14:17:40 ERROR            ^
2024.02.04 14:17:40 INFO  [info] loading settings for project chisel_gen from build.sbt ...
2024.02.04 14:17:40 INFO  [info] set current project to chisel_gen (in build file:/home/ysyx/Project/chisel_gen/)
2024.02.04 14:17:43 INFO  [success] Generated .bloop/chisel_gen.json
2024.02.04 14:17:43 INFO  [success] Generated .bloop/chisel_gen-test.json
2024.02.04 14:17:43 INFO  [success] Total time: 2 s, completed Feb 4, 2024 2:17:44 PM
2024.02.04 14:17:44 INFO  time: ran 'sbt bloopInstall' in 2m23s
2024.02.04 14:17:44 INFO  Attempting to connect to the build server...
2024.02.04 14:17:44 INFO  Bloop uses /opt/jdk/jdk1.8.0_181 defined at /home/ysyx/.bloop/bloop.json
2024.02.04 14:17:48 INFO  tracing is disabled for protocol BSP, to enable tracing of incoming and outgoing JSON messages create an empty file at /home/ysyx/Project/chisel_gen/.metals/bsp.trace.json or /home/ysyx/.cache/metals/bsp.trace.json
2024.02.04 14:18:04 WARN  Stopped configuration of Scala SemanticDB in 2.12.13 projects: Error downloading org.scalameta:semanticdb-scalac_2.12.13:4.8.14
  not found: /home/ysyx/.ivy2/local/org.scalameta/semanticdb-scalac_2.12.13/4.8.14/ivys/ivy.xml
  not found: https://repo1.maven.org/maven2/org/scalameta/semanticdb-scalac_2.12.13/4.8.14/semanticdb-scalac_2.12.13-4.8.14.pom
After retry no existing semanticdb version found for scala version 2.12.13
2024.02.04 14:18:04 INFO  Attempting to connect to the build server...
2024.02.04 14:18:04 INFO  Bloop uses /opt/jdk/jdk1.8.0_181 defined at /home/ysyx/.bloop/bloop.json
2024.02.04 14:18:04 INFO  tracing is disabled for protocol BSP, to enable tracing of incoming and outgoing JSON messages create an empty file at /home/ysyx/Project/chisel_gen/project/.metals/bsp.trace.json or /home/ysyx/.cache/metals/bsp.trace.json
2024.02.04 14:18:04 INFO  time: Connected to build server in 19s
2024.02.04 14:18:04 INFO  Connected to Build server: Bloop v1.5.13
2024.02.04 14:18:04 INFO  time: Imported build in 0.17s
2024.02.04 14:18:10 INFO  time: indexed workspace in 5.53s
2024.02.04 14:18:10 WARN  Bloop is runing with 1.8.0_181 but your code requires 1.8.0_181 to compile, this might cause some compilation issues when using JDK API unsupported by the Bloop's current JVM version
2024.02.04 14:18:10 INFO  compiling chisel_gen (20 scala sources)
2024.02.04 14:18:12 INFO  time: compiled chisel_gen in 1.47s
Feb 04, 2024 2:18:15 PM org.eclipse.lsp4j.jsonrpc.RemoteEndpoint handleCancellation
WARNING: Unmatched cancel notification for request id 3251
2024.02.04 14:18:25 WARN  Bloop is runing with 1.8.0_181 but your code requires 1.8.0_181 to compile, this might cause some compilation issues when using JDK API unsupported by the Bloop's current JVM version
2024.02.04 14:18:25 INFO  compiling chisel_gen (20 scala sources)
Feb 04, 2024 2:18:25 PM scala.meta.internal.pc.CompilerAccess retryWithCleanCompiler
INFO: compiler crashed due to an error in the Scala compiler, retrying with new compiler instance.
2024.02.04 14:18:25 INFO  time: compiled chisel_gen in 0.2s
2024.02.04 14:18:49 WARN  Bloop is runing with 1.8.0_181 but your code requires 1.8.0_181 to compile, this might cause some compilation issues when using JDK API unsupported by the Bloop's current JVM version
2024.02.04 14:18:49 INFO  compiling chisel_gen (19 scala sources)
2024.02.04 14:18:52 INFO  time: compiled chisel_gen in 2.74s
2024.02.04 14:18:52 WARN  Bloop is runing with 1.8.0_181 but your code requires 1.8.0_181 to compile, this might cause some compilation issues when using JDK API unsupported by the Bloop's current JVM version
2024.02.04 14:18:52 INFO  compiling chisel_gen (19 scala sources)
2024.02.04 14:18:53 INFO  time: compiled chisel_gen in 1.15s
Exception in thread "pool-6-thread-1" java.lang.Error: java.lang.InterruptedException
	at java.util.concurrent.ThreadPoolExecutor.runWorker(ThreadPoolExecutor.java:1155)
	at java.util.concurrent.ThreadPoolExecutor$Worker.run(ThreadPoolExecutor.java:624)
	at java.lang.Thread.run(Thread.java:748)
Caused by: java.lang.InterruptedException
	at scala.meta.internal.metals.FutureCancelToken.checkCanceled(FutureCancelToken.scala:29)
	at scala.meta.internal.pc.CompilerAccess.$anonfun$onCompilerJobQueue$1(CompilerAccess.scala:230)
	at scala.meta.internal.pc.CompilerJobQueue$Job.run(CompilerJobQueue.scala:152)
	at java.util.concurrent.ThreadPoolExecutor.runWorker(ThreadPoolExecutor.java:1149)
	... 2 more
2024.02.04 14:20:36 WARN  Using indexes to guess the definition of Bool
2024.02.04 14:20:37 WARN  Bloop is runing with 1.8.0_181 but your code requires 1.8.0_181 to compile, this might cause some compilation issues when using JDK API unsupported by the Bloop's current JVM version
2024.02.04 14:20:37 INFO  compiling chisel_gen (19 scala sources)
2024.02.04 14:20:42 INFO  time: compiled chisel_gen in 4.91s
2024.02.04 14:23:55 INFO  skipping build import with status 'Installed'
2024.02.04 19:10:45 INFO  Shutting down server
2024.02.04 19:10:45 INFO  shutting down Metals
2024.02.04 19:10:49 INFO  Shut down connection with build server.
2024.02.04 19:10:50 INFO  Shut down connection with build server.
2024.02.05 18:10:56 INFO  Started: Metals version 1.2.0 in folders '/home/ysyx/Project/chisel_gen' for client Visual Studio Code 1.81.1.
Feb 05, 2024 6:10:59 PM org.eclipse.lsp4j.jsonrpc.RemoteEndpoint handleCancellation
WARNING: Unmatched cancel notification for request id 2
2024.02.05 18:10:59 INFO  Attempting to connect to the build server...
2024.02.05 18:11:00 INFO  skipping build import with status 'Installed'
2024.02.05 18:10:59 INFO  Bloop uses /opt/jdk/jdk1.8.0_181 defined at /home/ysyx/.bloop/bloop.json
2024.02.05 18:11:08 INFO  no build target found for /home/ysyx/Project/chisel_gen/src/main/scala/core.scala. Using presentation compiler with project's scala-library version: 3.3.1
2024.02.05 18:11:23 INFO  tracing is disabled for protocol BSP, to enable tracing of incoming and outgoing JSON messages create an empty file at /home/ysyx/Project/chisel_gen/.metals/bsp.trace.json or /home/ysyx/.cache/metals/bsp.trace.json
2024.02.05 18:11:27 INFO  Attempting to connect to the build server...
2024.02.05 18:11:27 INFO  Bloop uses /opt/jdk/jdk1.8.0_181 defined at /home/ysyx/.bloop/bloop.json
2024.02.05 18:11:27 INFO  tracing is disabled for protocol BSP, to enable tracing of incoming and outgoing JSON messages create an empty file at /home/ysyx/Project/chisel_gen/project/.metals/bsp.trace.json or /home/ysyx/.cache/metals/bsp.trace.json
2024.02.05 18:11:27 INFO  time: Connected to build server in 28s
2024.02.05 18:11:27 INFO  Connected to Build server: Bloop v1.5.13
2024.02.05 18:11:28 INFO  time: Imported build in 0.41s
2024.02.05 18:11:33 INFO  time: indexed workspace in 5.16s
2024.02.05 18:11:35 WARN  Bloop is runing with 1.8.0_181 but your code requires 1.8.0_181 to compile, this might cause some compilation issues when using JDK API unsupported by the Bloop's current JVM version
2024.02.05 18:11:35 INFO  compiling chisel_gen (19 scala sources)
2024.02.05 18:11:59 INFO  time: compiled chisel_gen in 23s
2024.02.05 18:11:59 WARN  Bloop is runing with 1.8.0_181 but your code requires 1.8.0_181 to compile, this might cause some compilation issues when using JDK API unsupported by the Bloop's current JVM version
2024.02.05 18:19:08 WARN  Bloop is runing with 1.8.0_181 but your code requires 1.8.0_181 to compile, this might cause some compilation issues when using JDK API unsupported by the Bloop's current JVM version
2024.02.05 20:41:20 WARN  Bloop is runing with 1.8.0_181 but your code requires 1.8.0_181 to compile, this might cause some compilation issues when using JDK API unsupported by the Bloop's current JVM version
2024.02.05 20:41:50 WARN  Bloop is runing with 1.8.0_181 but your code requires 1.8.0_181 to compile, this might cause some compilation issues when using JDK API unsupported by the Bloop's current JVM version
2024.02.05 20:41:50 INFO  compiling chisel_gen (1 scala source)
2024.02.05 20:41:54 INFO  time: compiled chisel_gen in 3.18s
2024.02.05 20:51:50 WARN  Bloop is runing with 1.8.0_181 but your code requires 1.8.0_181 to compile, this might cause some compilation issues when using JDK API unsupported by the Bloop's current JVM version
2024.02.05 20:56:05 WARN  Bloop is runing with 1.8.0_181 but your code requires 1.8.0_181 to compile, this might cause some compilation issues when using JDK API unsupported by the Bloop's current JVM version
Exception in thread "pool-5-thread-1" java.lang.Error: java.lang.InterruptedException
	at java.util.concurrent.ThreadPoolExecutor.runWorker(ThreadPoolExecutor.java:1155)
	at java.util.concurrent.ThreadPoolExecutor$Worker.run(ThreadPoolExecutor.java:624)
	at java.lang.Thread.run(Thread.java:748)
Caused by: java.lang.InterruptedException
	at scala.meta.internal.metals.FutureCancelToken.checkCanceled(FutureCancelToken.scala:29)
	at scala.meta.internal.pc.CompilerAccess.$anonfun$onCompilerJobQueue$1(CompilerAccess.scala:230)
	at scala.meta.internal.pc.CompilerJobQueue$Job.run(CompilerJobQueue.scala:152)
	at java.util.concurrent.ThreadPoolExecutor.runWorker(ThreadPoolExecutor.java:1149)
	... 2 more
2024.02.05 21:34:31 WARN  Using indexes to guess the definition of funct3
2024.02.05 21:35:44 WARN  Bloop is runing with 1.8.0_181 but your code requires 1.8.0_181 to compile, this might cause some compilation issues when using JDK API unsupported by the Bloop's current JVM version
2024.02.05 21:35:44 INFO  compiling chisel_gen (1 scala source)
2024.02.05 21:35:52 INFO  time: compiled chisel_gen in 8.34s
2024.02.05 21:35:52 INFO  compiling chisel_gen (1 scala source)
2024.02.05 21:36:02 INFO  time: compiled chisel_gen in 9.03s
2024.02.05 21:36:24 WARN  Bloop is runing with 1.8.0_181 but your code requires 1.8.0_181 to compile, this might cause some compilation issues when using JDK API unsupported by the Bloop's current JVM version
2024.02.05 21:36:24 INFO  compiling chisel_gen (1 scala source)
2024.02.05 21:36:27 INFO  time: compiled chisel_gen in 3.17s
2024.02.05 21:36:27 INFO  compiling chisel_gen (1 scala source)
2024.02.05 21:36:35 INFO  time: compiled chisel_gen in 7.94s
2024.02.05 21:36:51 WARN  Bloop is runing with 1.8.0_181 but your code requires 1.8.0_181 to compile, this might cause some compilation issues when using JDK API unsupported by the Bloop's current JVM version
2024.02.05 21:37:31 WARN  Bloop is runing with 1.8.0_181 but your code requires 1.8.0_181 to compile, this might cause some compilation issues when using JDK API unsupported by the Bloop's current JVM version
Feb 05, 2024 9:37:41 PM org.eclipse.lsp4j.jsonrpc.services.GenericEndpoint notify
INFO: Unsupported notification method: $/setTrace
Feb 05, 2024 9:38:00 PM org.eclipse.lsp4j.jsonrpc.RemoteEndpoint handleCancellation
WARNING: Unmatched cancel notification for request id 667
Feb 05, 2024 9:38:51 PM org.eclipse.lsp4j.jsonrpc.RemoteEndpoint handleCancellation
WARNING: Unmatched cancel notification for request id 676
2024.02.05 22:02:23 INFO  Shutting down server
2024.02.05 22:02:23 INFO  shutting down Metals
2024.02.05 22:02:24 INFO  Shut down connection with build server.
2024.02.05 22:02:24 INFO  Shut down connection with build server.
2024.02.05 22:02:24 INFO  Exiting server
2024.02.05 22:06:27 INFO  Started: Metals version 1.2.0 in folders '/home/ysyx/Project/chisel_gen' for client Visual Studio Code 1.81.1.
2024.02.05 22:06:29 INFO  Attempting to connect to the build server...
2024.02.05 22:06:29 INFO  skipping build import with status 'Installed'
2024.02.05 22:06:29 INFO  Bloop uses /opt/jdk/jdk1.8.0_181 defined at /home/ysyx/.bloop/bloop.json
2024.02.05 22:06:29 INFO  tracing is disabled for protocol BSP, to enable tracing of incoming and outgoing JSON messages create an empty file at /home/ysyx/Project/chisel_gen/.metals/bsp.trace.json or /home/ysyx/.cache/metals/bsp.trace.json
2024.02.05 22:06:29 INFO  Attempting to connect to the build server...
2024.02.05 22:06:29 INFO  Bloop uses /opt/jdk/jdk1.8.0_181 defined at /home/ysyx/.bloop/bloop.json
2024.02.05 22:06:29 INFO  tracing is disabled for protocol BSP, to enable tracing of incoming and outgoing JSON messages create an empty file at /home/ysyx/Project/chisel_gen/project/.metals/bsp.trace.json or /home/ysyx/.cache/metals/bsp.trace.json
2024.02.05 22:06:29 INFO  time: Connected to build server in 0.64s
2024.02.05 22:06:29 INFO  Connected to Build server: Bloop v1.5.13
2024.02.05 22:06:29 INFO  time: Imported build in 0.21s
2024.02.05 22:06:30 INFO  no build target found for /home/ysyx/Project/chisel_gen/src/main/scala/decode.scala. Using presentation compiler with project's scala-library version: 3.3.1
2024.02.05 22:06:34 INFO  time: indexed workspace in 4.25s
2024.02.05 22:06:44 WARN  Bloop is runing with 1.8.0_181 but your code requires 1.8.0_181 to compile, this might cause some compilation issues when using JDK API unsupported by the Bloop's current JVM version
2024.02.05 22:06:44 WARN  Bloop is runing with 1.8.0_181 but your code requires 1.8.0_181 to compile, this might cause some compilation issues when using JDK API unsupported by the Bloop's current JVM version
2024.02.05 23:28:34 WARN  Bloop is runing with 1.8.0_181 but your code requires 1.8.0_181 to compile, this might cause some compilation issues when using JDK API unsupported by the Bloop's current JVM version
2024.02.05 23:51:43 INFO  Shutting down server
2024.02.05 23:51:43 INFO  shutting down Metals
2024.02.05 23:51:43 INFO  Shut down connection with build server.
2024.02.05 23:51:43 INFO  Shut down connection with build server.
2024.02.05 23:51:43 INFO  Exiting server
2024.02.13 17:50:17 INFO  Started: Metals version 1.2.1 in folders '/home/ysyx/Project/chisel_gen' for client Visual Studio Code 1.81.1.
Downloading https://repo1.maven.org/maven2/com/h2database/h2/2.1.214/h2-2.1.214.jar
Downloaded 1372 bytes
Downloaded 48572 bytes
Downloaded 64956 bytes
Downloaded 81340 bytes
Downloaded 97724 bytes
Downloaded 114108 bytes
Downloaded 146876 bytes
Downloaded 212412 bytes
Downloaded 327100 bytes
Downloaded 582209 bytes
Downloaded 1052225 bytes
Downloaded 1859969 bytes
2024.02.13 17:51:02 INFO  Upgraded H2 database.
17:51:02.878 [pool-1-thread-1] INFO org.flywaydb.core.internal.license.VersionPrinter -- Flyway Community Edition 9.22.3 by Redgate
17:51:02.880 [pool-1-thread-1] INFO org.flywaydb.core.internal.license.VersionPrinter -- See release notes here: https://rd.gt/416ObMi
17:51:02.880 [pool-1-thread-1] INFO org.flywaydb.core.internal.license.VersionPrinter -- 
17:51:02.882 [pool-1-thread-1] DEBUG org.flywaydb.core.internal.scanner.classpath.ClassPathScanner -- Scanning for classpath resources at 'classpath:db/callback' ...
17:51:02.882 [pool-1-thread-1] DEBUG org.flywaydb.core.internal.scanner.classpath.ClassPathScanner -- Determining location urls for classpath:db/callback using ClassLoader sun.misc.Launcher$AppClassLoader@5c647e05 ...
17:51:02.882 [pool-1-thread-1] DEBUG org.flywaydb.core.internal.scanner.classpath.ClassPathScanner -- Unable to resolve location classpath:db/callback.
17:51:02.882 [pool-1-thread-1] DEBUG org.flywaydb.core.internal.scanner.classpath.ClassPathScanner -- Scanning for classpath resources at 'classpath:db/migration' ...
17:51:02.882 [pool-1-thread-1] DEBUG org.flywaydb.core.internal.scanner.classpath.ClassPathScanner -- Determining location urls for classpath:db/migration using ClassLoader sun.misc.Launcher$AppClassLoader@5c647e05 ...
17:51:02.882 [pool-1-thread-1] DEBUG org.flywaydb.core.internal.scanner.classpath.ClassPathScanner -- Scanning URL: jar:file:/home/ysyx/.cache/coursier/v1/https/repo1.maven.org/maven2/org/scalameta/metals_2.13/1.2.1/metals_2.13-1.2.1.jar!/db/migration
17:51:02.884 [pool-1-thread-1] DEBUG org.flywaydb.core.internal.scanner.classpath.ClassPathScanner -- Found resource: db/migration/
17:51:02.884 [pool-1-thread-1] DEBUG org.flywaydb.core.internal.scanner.classpath.ClassPathScanner -- Found resource: db/migration/V1__Create_tables.sql
17:51:02.884 [pool-1-thread-1] DEBUG org.flywaydb.core.internal.scanner.classpath.ClassPathScanner -- Found resource: db/migration/V2__Server_discovery.sql
17:51:02.884 [pool-1-thread-1] DEBUG org.flywaydb.core.internal.scanner.classpath.ClassPathScanner -- Found resource: db/migration/V3__Jar_symbols.sql
17:51:02.884 [pool-1-thread-1] DEBUG org.flywaydb.core.internal.scanner.classpath.ClassPathScanner -- Found resource: db/migration/V4__Fingerprints.sql
17:51:02.884 [pool-1-thread-1] DEBUG org.flywaydb.core.internal.scanner.classpath.ClassPathScanner -- Scanning for classes at classpath:db/migration
17:51:02.886 [pool-1-thread-1] DEBUG org.flywaydb.core.internal.scanner.Scanner -- Filtering out resource: db/migration/ (filename: )
17:51:02.886 [pool-1-thread-1] DEBUG org.flywaydb.core.internal.resource.ResourceNameValidator -- Validating V4__Fingerprints.sql
17:51:02.887 [pool-1-thread-1] DEBUG org.flywaydb.core.internal.resource.ResourceNameValidator -- Validating V1__Create_tables.sql
17:51:02.887 [pool-1-thread-1] DEBUG org.flywaydb.core.internal.resource.ResourceNameValidator -- Validating V2__Server_discovery.sql
17:51:02.887 [pool-1-thread-1] DEBUG org.flywaydb.core.internal.resource.ResourceNameValidator -- Validating V3__Jar_symbols.sql
17:51:02.951 [pool-1-thread-1] INFO org.flywaydb.core.FlywayExecutor -- Database: jdbc:h2:file:/home/ysyx/Project/chisel_gen/.metals/metals (H2 2.2)
17:51:02.952 [pool-1-thread-1] DEBUG org.flywaydb.core.FlywayExecutor -- Driver: H2 JDBC Driver 2.2.224 (2023-09-17)
17:51:02.952 [pool-1-thread-1] DEBUG org.flywaydb.core.FlywayExecutor -- DDL Transactions Supported: false
17:51:02.953 [pool-1-thread-1] DEBUG org.flywaydb.core.internal.schemahistory.SchemaHistoryFactory -- Schemas: 
17:51:02.953 [pool-1-thread-1] DEBUG org.flywaydb.core.internal.schemahistory.SchemaHistoryFactory -- Default schema: null
17:51:02.956 [pool-1-thread-1] WARN org.flywaydb.core.internal.database.base.Database -- Flyway upgrade recommended: H2 2.2.224 is newer than this version of Flyway and support has not been tested. The latest supported version of H2 is 2.2.220.
17:51:02.957 [pool-1-thread-1] DEBUG org.flywaydb.core.internal.callback.SqlScriptCallbackFactory -- Scanning for SQL callbacks ...
17:51:02.957 [pool-1-thread-1] DEBUG org.flywaydb.core.internal.scanner.Scanner -- Filtering out resource: db/migration/ (filename: )
17:51:02.962 [pool-1-thread-1] DEBUG org.flywaydb.core.internal.command.DbValidate -- Validating migrations ...
17:51:02.978 [pool-1-thread-1] DEBUG org.flywaydb.core.internal.scanner.Scanner -- Filtering out resource: db/migration/ (filename: )
17:51:02.984 [pool-1-thread-1] DEBUG org.flywaydb.core.internal.scanner.Scanner -- Filtering out resource: db/migration/ (filename: )
17:51:02.984 [pool-1-thread-1] DEBUG org.flywaydb.core.internal.scanner.Scanner -- Filtering out resource: db/migration/V4__Fingerprints.sql (filename: V4__Fingerprints.sql)
17:51:02.984 [pool-1-thread-1] DEBUG org.flywaydb.core.internal.scanner.Scanner -- Filtering out resource: db/migration/V1__Create_tables.sql (filename: V1__Create_tables.sql)
17:51:02.984 [pool-1-thread-1] DEBUG org.flywaydb.core.internal.scanner.Scanner -- Filtering out resource: db/migration/V2__Server_discovery.sql (filename: V2__Server_discovery.sql)
17:51:02.984 [pool-1-thread-1] DEBUG org.flywaydb.core.internal.scanner.Scanner -- Filtering out resource: db/migration/V3__Jar_symbols.sql (filename: V3__Jar_symbols.sql)
17:51:02.984 [pool-1-thread-1] DEBUG org.flywaydb.core.internal.scanner.Scanner -- Filtering out resource: db/migration/ (filename: )
17:51:02.984 [pool-1-thread-1] DEBUG org.flywaydb.core.internal.scanner.Scanner -- Filtering out resource: db/migration/V4__Fingerprints.sql (filename: V4__Fingerprints.sql)
17:51:02.984 [pool-1-thread-1] DEBUG org.flywaydb.core.internal.scanner.Scanner -- Filtering out resource: db/migration/V1__Create_tables.sql (filename: V1__Create_tables.sql)
17:51:02.984 [pool-1-thread-1] DEBUG org.flywaydb.core.internal.scanner.Scanner -- Filtering out resource: db/migration/V2__Server_discovery.sql (filename: V2__Server_discovery.sql)
17:51:02.984 [pool-1-thread-1] DEBUG org.flywaydb.core.internal.scanner.Scanner -- Filtering out resource: db/migration/V3__Jar_symbols.sql (filename: V3__Jar_symbols.sql)
17:51:02.991 [pool-1-thread-1] INFO org.flywaydb.core.internal.command.DbValidate -- Successfully validated 4 migrations (execution time 00:00.016s)
17:51:02.993 [pool-1-thread-1] DEBUG org.flywaydb.core.internal.command.DbSchemas -- Skipping creation of existing schema: "PUBLIC"
17:51:02.997 [pool-1-thread-1] INFO org.flywaydb.core.internal.command.DbMigrate -- Current version of schema "PUBLIC": 4
17:51:02.998 [pool-1-thread-1] INFO org.flywaydb.core.internal.command.DbMigrate -- Schema "PUBLIC" is up to date. No migration necessary.
17:51:03.008 [pool-1-thread-1] DEBUG org.flywaydb.core.FlywayExecutor -- Memory usage: 85 of 158M
Feb 13, 2024 5:51:03 PM org.eclipse.lsp4j.jsonrpc.services.GenericEndpoint notify
INFO: Unsupported notification method: $/setTrace
2024.02.13 17:51:04 INFO  Attempting to connect to the build server...
2024.02.13 17:51:04 INFO  skipping build import with status 'Installed'
2024.02.13 17:51:04 INFO  Bloop uses /opt/jdk/jdk1.8.0_181 defined at /home/ysyx/.bloop/bloop.json
2024.02.13 17:51:07 INFO  no build target found for /home/ysyx/Project/chisel_gen/src/main/scala/csr.scala. Using presentation compiler with project's scala-library version: 3.3.1
2024.02.13 17:52:09 ERROR Starting the bsp launcher for bloop...
2024.02.13 17:52:09 ERROR Opening a bsp server connection with 'bsp --protocol local --socket /tmp/bsp-launcher380423167841712776/bsp.socket'...
2024.02.13 17:52:09 ERROR Waiting for the bsp connection to come up...
2024.02.13 17:52:09 ERROR Waiting for the bsp connection to come up...
2024.02.13 17:52:09 ERROR Waiting for the bsp connection to come up...
2024.02.13 17:52:09 ERROR Waiting for the bsp connection to come up...
2024.02.13 17:52:09 ERROR Waiting for the bsp connection to come up...
2024.02.13 17:52:09 ERROR Waiting for the bsp connection to come up...
2024.02.13 17:52:09 ERROR Waiting for the bsp connection to come up...
2024.02.13 17:52:09 ERROR Waiting for the bsp connection to come up...
2024.02.13 17:52:09 ERROR Waiting for the bsp connection to come up...
2024.02.13 17:52:09 ERROR Waiting for the bsp connection to come up...
2024.02.13 17:52:09 ERROR Waiting for the bsp connection to come up...
2024.02.13 17:52:09 ERROR Waiting for the bsp connection to come up...
2024.02.13 17:52:09 ERROR Waiting for the bsp connection to come up...
2024.02.13 17:52:09 ERROR Waiting for the bsp connection to come up...
2024.02.13 17:52:09 ERROR Waiting for the bsp connection to come up...
2024.02.13 17:52:09 ERROR Waiting for the bsp connection to come up...
2024.02.13 17:52:09 ERROR Waiting for the bsp connection to come up...
2024.02.13 17:52:09 ERROR Waiting for the bsp connection to come up...
2024.02.13 17:52:09 ERROR Waiting for the bsp connection to come up...
2024.02.13 17:52:09 ERROR Waiting for the bsp connection to come up...
2024.02.13 17:52:09 ERROR Waiting for the bsp connection to come up...
2024.02.13 17:52:09 ERROR Waiting for the bsp connection to come up...
2024.02.13 17:52:09 ERROR Waiting for the bsp connection to come up...
2024.02.13 17:52:09 ERROR Waiting for the bsp connection to come up...
2024.02.13 17:52:09 ERROR Waiting for the bsp connection to come up...
2024.02.13 17:52:09 ERROR Waiting for the bsp connection to come up...
2024.02.13 17:52:09 ERROR Waiting for the bsp connection to come up...
2024.02.13 17:52:09 ERROR Waiting for the bsp connection to come up...
2024.02.13 17:52:09 ERROR Waiting for the bsp connection to come up...
2024.02.13 17:52:09 ERROR Waiting for the bsp connection to come up...
2024.02.13 17:52:09 ERROR Waiting for the bsp connection to come up...
2024.02.13 17:52:09 ERROR error: Giving up on waiting for a connection, printing embedded bloop logs:
2024.02.13 17:52:09 ERROR > No server running at 127.0.0.1:8212, let's fire one...
2024.02.13 17:52:09 ERROR > Resolving ch.epfl.scala:bloop-frontend_2.12:1.5.15...
2024.02.13 17:52:09 ERROR error: Trying a tcp-based connection to the server instead...
2024.02.13 17:52:09 ERROR Opening a bsp server connection with 'bsp --protocol tcp --port 44840'...
2024.02.13 17:52:09 ERROR Waiting for the bsp connection to come up...
2024.02.13 17:52:09 ERROR Waiting for the bsp connection to come up...
2024.02.13 17:52:09 ERROR Waiting for the bsp connection to come up...
2024.02.13 17:52:09 ERROR Waiting for the bsp connection to come up...
2024.02.13 17:52:09 ERROR Waiting for the bsp connection to come up...
2024.02.13 17:52:09 ERROR Waiting for the bsp connection to come up...
2024.02.13 17:52:09 ERROR Waiting for the bsp connection to come up...
2024.02.13 17:52:09 ERROR Waiting for the bsp connection to come up...
2024.02.13 17:52:09 ERROR Waiting for the bsp connection to come up...
2024.02.13 17:52:09 ERROR Waiting for the bsp connection to come up...
2024.02.13 17:52:09 ERROR Waiting for the bsp connection to come up...
2024.02.13 17:52:09 ERROR Waiting for the bsp connection to come up...
2024.02.13 17:52:09 ERROR Waiting for the bsp connection to come up...
2024.02.13 17:52:09 ERROR Waiting for the bsp connection to come up...
2024.02.13 17:52:09 ERROR Waiting for the bsp connection to come up...
2024.02.13 17:52:09 ERROR Waiting for the bsp connection to come up...
2024.02.13 17:52:09 ERROR Waiting for the bsp connection to come up...
2024.02.13 17:52:09 ERROR Waiting for the bsp connection to come up...
2024.02.13 17:52:09 ERROR Waiting for the bsp connection to come up...
2024.02.13 17:52:09 ERROR Waiting for the bsp connection to come up...
2024.02.13 17:52:09 ERROR Waiting for the bsp connection to come up...
2024.02.13 17:52:09 ERROR Waiting for the bsp connection to come up...
2024.02.13 17:52:09 ERROR Waiting for the bsp connection to come up...
2024.02.13 17:52:09 ERROR Waiting for the bsp connection to come up...
2024.02.13 17:52:09 ERROR Waiting for the bsp connection to come up...
2024.02.13 17:52:09 ERROR Waiting for the bsp connection to come up...
2024.02.13 17:52:09 ERROR Waiting for the bsp connection to come up...
2024.02.13 17:52:09 ERROR Waiting for the bsp connection to come up...
2024.02.13 17:52:09 ERROR Waiting for the bsp connection to come up...
2024.02.13 17:52:09 ERROR Waiting for the bsp connection to come up...
2024.02.13 17:52:09 ERROR Waiting for the bsp connection to come up...
2024.02.13 17:52:09 ERROR error: Giving up on waiting for a connection, printing embedded bloop logs:
2024.02.13 17:52:09 ERROR > No server running at 127.0.0.1:8212, let's fire one...
2024.02.13 17:52:09 ERROR > Resolving ch.epfl.scala:bloop-frontend_2.12:1.5.15...
2024.02.13 17:52:09 ERROR error: The launcher failed to establish a bsp connection, aborting...
2024.02.13 17:52:09 ERROR Failed to connect with build server, no functionality will work.
java.lang.RuntimeException: The server did not start, got FailedToOpenBspConnection
	at bloop.launcher.LauncherMain.failPromise$1(Launcher.scala:92)
	at bloop.launcher.LauncherMain.runLauncher(Launcher.scala:119)
	at scala.meta.internal.metals.BloopServers$$anon$2.run(BloopServers.scala:502)
	at java.util.concurrent.Executors$RunnableAdapter.call(Executors.java:511)
	at java.util.concurrent.FutureTask.run(FutureTask.java:266)
	at java.util.concurrent.ThreadPoolExecutor.runWorker(ThreadPoolExecutor.java:1149)
	at java.util.concurrent.ThreadPoolExecutor$Worker.run(ThreadPoolExecutor.java:624)
	at java.lang.Thread.run(Thread.java:748)

2024.02.13 17:53:13 INFO  Shutting down server
2024.02.13 17:53:13 INFO  shutting down Metals
2024.02.13 17:53:13 INFO  Exiting server
2024.02.13 22:05:29 INFO  Started: Metals version 1.2.1 in folders '/home/ysyx/Project/chisel_gen' for client Visual Studio Code 1.81.1.
22:05:30.389 [pool-1-thread-1] INFO org.flywaydb.core.internal.license.VersionPrinter -- Flyway Community Edition 9.22.3 by Redgate
22:05:30.392 [pool-1-thread-1] INFO org.flywaydb.core.internal.license.VersionPrinter -- See release notes here: https://rd.gt/416ObMi
22:05:30.392 [pool-1-thread-1] INFO org.flywaydb.core.internal.license.VersionPrinter -- 
22:05:30.396 [pool-1-thread-1] DEBUG org.flywaydb.core.internal.scanner.classpath.ClassPathScanner -- Scanning for classpath resources at 'classpath:db/callback' ...
22:05:30.396 [pool-1-thread-1] DEBUG org.flywaydb.core.internal.scanner.classpath.ClassPathScanner -- Determining location urls for classpath:db/callback using ClassLoader sun.misc.Launcher$AppClassLoader@5c647e05 ...
22:05:30.396 [pool-1-thread-1] DEBUG org.flywaydb.core.internal.scanner.classpath.ClassPathScanner -- Unable to resolve location classpath:db/callback.
22:05:30.396 [pool-1-thread-1] DEBUG org.flywaydb.core.internal.scanner.classpath.ClassPathScanner -- Scanning for classpath resources at 'classpath:db/migration' ...
22:05:30.396 [pool-1-thread-1] DEBUG org.flywaydb.core.internal.scanner.classpath.ClassPathScanner -- Determining location urls for classpath:db/migration using ClassLoader sun.misc.Launcher$AppClassLoader@5c647e05 ...
22:05:30.396 [pool-1-thread-1] DEBUG org.flywaydb.core.internal.scanner.classpath.ClassPathScanner -- Scanning URL: jar:file:/home/ysyx/.cache/coursier/v1/https/repo1.maven.org/maven2/org/scalameta/metals_2.13/1.2.1/metals_2.13-1.2.1.jar!/db/migration
22:05:30.398 [pool-1-thread-1] DEBUG org.flywaydb.core.internal.scanner.classpath.ClassPathScanner -- Found resource: db/migration/
22:05:30.398 [pool-1-thread-1] DEBUG org.flywaydb.core.internal.scanner.classpath.ClassPathScanner -- Found resource: db/migration/V1__Create_tables.sql
22:05:30.398 [pool-1-thread-1] DEBUG org.flywaydb.core.internal.scanner.classpath.ClassPathScanner -- Found resource: db/migration/V2__Server_discovery.sql
22:05:30.398 [pool-1-thread-1] DEBUG org.flywaydb.core.internal.scanner.classpath.ClassPathScanner -- Found resource: db/migration/V3__Jar_symbols.sql
22:05:30.398 [pool-1-thread-1] DEBUG org.flywaydb.core.internal.scanner.classpath.ClassPathScanner -- Found resource: db/migration/V4__Fingerprints.sql
22:05:30.398 [pool-1-thread-1] DEBUG org.flywaydb.core.internal.scanner.classpath.ClassPathScanner -- Scanning for classes at classpath:db/migration
22:05:30.400 [pool-1-thread-1] DEBUG org.flywaydb.core.internal.scanner.Scanner -- Filtering out resource: db/migration/ (filename: )
22:05:30.400 [pool-1-thread-1] DEBUG org.flywaydb.core.internal.resource.ResourceNameValidator -- Validating V4__Fingerprints.sql
22:05:30.401 [pool-1-thread-1] DEBUG org.flywaydb.core.internal.resource.ResourceNameValidator -- Validating V1__Create_tables.sql
22:05:30.401 [pool-1-thread-1] DEBUG org.flywaydb.core.internal.resource.ResourceNameValidator -- Validating V2__Server_discovery.sql
22:05:30.401 [pool-1-thread-1] DEBUG org.flywaydb.core.internal.resource.ResourceNameValidator -- Validating V3__Jar_symbols.sql
22:05:30.469 [pool-1-thread-1] INFO org.flywaydb.core.FlywayExecutor -- Database: jdbc:h2:file:/home/ysyx/Project/chisel_gen/.metals/metals (H2 2.2)
22:05:30.469 [pool-1-thread-1] DEBUG org.flywaydb.core.FlywayExecutor -- Driver: H2 JDBC Driver 2.2.224 (2023-09-17)
22:05:30.469 [pool-1-thread-1] DEBUG org.flywaydb.core.FlywayExecutor -- DDL Transactions Supported: false
22:05:30.470 [pool-1-thread-1] DEBUG org.flywaydb.core.internal.schemahistory.SchemaHistoryFactory -- Schemas: 
22:05:30.470 [pool-1-thread-1] DEBUG org.flywaydb.core.internal.schemahistory.SchemaHistoryFactory -- Default schema: null
22:05:30.473 [pool-1-thread-1] WARN org.flywaydb.core.internal.database.base.Database -- Flyway upgrade recommended: H2 2.2.224 is newer than this version of Flyway and support has not been tested. The latest supported version of H2 is 2.2.220.
22:05:30.474 [pool-1-thread-1] DEBUG org.flywaydb.core.internal.callback.SqlScriptCallbackFactory -- Scanning for SQL callbacks ...
22:05:30.474 [pool-1-thread-1] DEBUG org.flywaydb.core.internal.scanner.Scanner -- Filtering out resource: db/migration/ (filename: )
22:05:30.480 [pool-1-thread-1] DEBUG org.flywaydb.core.internal.command.DbValidate -- Validating migrations ...
22:05:30.482 [pool-1-thread-1] DEBUG org.flywaydb.core.internal.scanner.Scanner -- Filtering out resource: db/migration/ (filename: )
22:05:30.488 [pool-1-thread-1] DEBUG org.flywaydb.core.internal.scanner.Scanner -- Filtering out resource: db/migration/ (filename: )
22:05:30.488 [pool-1-thread-1] DEBUG org.flywaydb.core.internal.scanner.Scanner -- Filtering out resource: db/migration/V4__Fingerprints.sql (filename: V4__Fingerprints.sql)
22:05:30.488 [pool-1-thread-1] DEBUG org.flywaydb.core.internal.scanner.Scanner -- Filtering out resource: db/migration/V1__Create_tables.sql (filename: V1__Create_tables.sql)
22:05:30.488 [pool-1-thread-1] DEBUG org.flywaydb.core.internal.scanner.Scanner -- Filtering out resource: db/migration/V2__Server_discovery.sql (filename: V2__Server_discovery.sql)
22:05:30.488 [pool-1-thread-1] DEBUG org.flywaydb.core.internal.scanner.Scanner -- Filtering out resource: db/migration/V3__Jar_symbols.sql (filename: V3__Jar_symbols.sql)
22:05:30.489 [pool-1-thread-1] DEBUG org.flywaydb.core.internal.scanner.Scanner -- Filtering out resource: db/migration/ (filename: )
22:05:30.489 [pool-1-thread-1] DEBUG org.flywaydb.core.internal.scanner.Scanner -- Filtering out resource: db/migration/V4__Fingerprints.sql (filename: V4__Fingerprints.sql)
22:05:30.489 [pool-1-thread-1] DEBUG org.flywaydb.core.internal.scanner.Scanner -- Filtering out resource: db/migration/V1__Create_tables.sql (filename: V1__Create_tables.sql)
22:05:30.489 [pool-1-thread-1] DEBUG org.flywaydb.core.internal.scanner.Scanner -- Filtering out resource: db/migration/V2__Server_discovery.sql (filename: V2__Server_discovery.sql)
22:05:30.489 [pool-1-thread-1] DEBUG org.flywaydb.core.internal.scanner.Scanner -- Filtering out resource: db/migration/V3__Jar_symbols.sql (filename: V3__Jar_symbols.sql)
22:05:30.497 [pool-1-thread-1] INFO org.flywaydb.core.internal.command.DbValidate -- Successfully validated 4 migrations (execution time 00:00.017s)
22:05:30.498 [pool-1-thread-1] DEBUG org.flywaydb.core.internal.command.DbSchemas -- Skipping creation of existing schema: "PUBLIC"
22:05:30.502 [pool-1-thread-1] INFO org.flywaydb.core.internal.command.DbMigrate -- Current version of schema "PUBLIC": 4
22:05:30.504 [pool-1-thread-1] INFO org.flywaydb.core.internal.command.DbMigrate -- Schema "PUBLIC" is up to date. No migration necessary.
22:05:30.515 [pool-1-thread-1] DEBUG org.flywaydb.core.FlywayExecutor -- Memory usage: 87 of 163M
2024.02.13 22:05:30 INFO  Attempting to connect to the build server...
2024.02.13 22:05:30 INFO  skipping build import with status 'Installed'
2024.02.13 22:05:30 INFO  Bloop uses /opt/jdk/jdk1.8.0_181 defined at /home/ysyx/.bloop/bloop.json
2024.02.13 22:05:37 INFO  no build target found for /home/ysyx/Project/chisel_gen/src/main/scala/csr.scala. Using presentation compiler with project's scala-library version: 3.3.1
2024.02.13 22:05:41 WARN  no build target for: /home/ysyx/Project/chisel_gen/src/main/scala/csr.scala
Feb 13, 2024 10:05:42 PM org.eclipse.lsp4j.jsonrpc.RemoteEndpoint handleCancellation
WARNING: Unmatched cancel notification for request id 13
2024.02.13 22:06:25 INFO  tracing is disabled for protocol BSP, to enable tracing of incoming and outgoing JSON messages create an empty file at /home/ysyx/Project/chisel_gen/.metals/bsp.trace.json or /home/ysyx/.cache/metals/bsp.trace.json
2024.02.13 22:06:29 INFO  Attempting to connect to the build server...
2024.02.13 22:06:29 INFO  Bloop uses /opt/jdk/jdk1.8.0_181 defined at /home/ysyx/.bloop/bloop.json
2024.02.13 22:06:29 INFO  tracing is disabled for protocol BSP, to enable tracing of incoming and outgoing JSON messages create an empty file at /home/ysyx/Project/chisel_gen/project/.metals/bsp.trace.json or /home/ysyx/.cache/metals/bsp.trace.json
2024.02.13 22:06:31 INFO  time: Connected to build server in 1m
2024.02.13 22:06:31 INFO  Connected to Build server: Bloop v1.5.15
2024.02.13 22:06:32 INFO  time: Imported build in 0.66s
2024.02.13 22:07:29 INFO  Bloop uses /opt/jdk/jdk1.8.0_181 defined at /home/ysyx/.bloop/bloop.json
2024.02.13 22:07:29 INFO  tracing is disabled for protocol BSP, to enable tracing of incoming and outgoing JSON messages create an empty file at /home/ysyx/Project/chisel_gen/.metals/bsp.trace.json or /home/ysyx/.cache/metals/bsp.trace.json
2024.02.13 22:07:29 INFO  Connected to Build server: Bloop v1.5.15
2024.02.13 22:19:02 INFO  time: indexed workspace in 12m29s
2024.02.13 22:21:47 INFO  Shutting down server
2024.02.13 22:21:47 INFO  shutting down Metals
2024.02.13 22:21:47 INFO  Shut down connection with build server.
2024.02.13 22:21:47 INFO  Shut down connection with build server.
2024.02.13 22:21:47 INFO  Exiting server
2024.02.14 12:06:48 INFO  Started: Metals version 1.2.1 in folders '/home/ysyx/Project/chisel_gen' for client Visual Studio Code 1.81.1.
12:06:49.670 [pool-1-thread-1] INFO org.flywaydb.core.internal.license.VersionPrinter -- Flyway Community Edition 9.22.3 by Redgate
12:06:49.677 [pool-1-thread-1] INFO org.flywaydb.core.internal.license.VersionPrinter -- See release notes here: https://rd.gt/416ObMi
12:06:49.677 [pool-1-thread-1] INFO org.flywaydb.core.internal.license.VersionPrinter -- 
12:06:49.684 [pool-1-thread-1] DEBUG org.flywaydb.core.internal.scanner.classpath.ClassPathScanner -- Scanning for classpath resources at 'classpath:db/callback' ...
12:06:49.684 [pool-1-thread-1] DEBUG org.flywaydb.core.internal.scanner.classpath.ClassPathScanner -- Determining location urls for classpath:db/callback using ClassLoader sun.misc.Launcher$AppClassLoader@5c647e05 ...
12:06:49.684 [pool-1-thread-1] DEBUG org.flywaydb.core.internal.scanner.classpath.ClassPathScanner -- Unable to resolve location classpath:db/callback.
12:06:49.684 [pool-1-thread-1] DEBUG org.flywaydb.core.internal.scanner.classpath.ClassPathScanner -- Scanning for classpath resources at 'classpath:db/migration' ...
12:06:49.684 [pool-1-thread-1] DEBUG org.flywaydb.core.internal.scanner.classpath.ClassPathScanner -- Determining location urls for classpath:db/migration using ClassLoader sun.misc.Launcher$AppClassLoader@5c647e05 ...
12:06:49.684 [pool-1-thread-1] DEBUG org.flywaydb.core.internal.scanner.classpath.ClassPathScanner -- Scanning URL: jar:file:/home/ysyx/.cache/coursier/v1/https/repo1.maven.org/maven2/org/scalameta/metals_2.13/1.2.1/metals_2.13-1.2.1.jar!/db/migration
12:06:49.687 [pool-1-thread-1] DEBUG org.flywaydb.core.internal.scanner.classpath.ClassPathScanner -- Found resource: db/migration/
12:06:49.687 [pool-1-thread-1] DEBUG org.flywaydb.core.internal.scanner.classpath.ClassPathScanner -- Found resource: db/migration/V1__Create_tables.sql
12:06:49.687 [pool-1-thread-1] DEBUG org.flywaydb.core.internal.scanner.classpath.ClassPathScanner -- Found resource: db/migration/V2__Server_discovery.sql
12:06:49.687 [pool-1-thread-1] DEBUG org.flywaydb.core.internal.scanner.classpath.ClassPathScanner -- Found resource: db/migration/V3__Jar_symbols.sql
12:06:49.687 [pool-1-thread-1] DEBUG org.flywaydb.core.internal.scanner.classpath.ClassPathScanner -- Found resource: db/migration/V4__Fingerprints.sql
12:06:49.687 [pool-1-thread-1] DEBUG org.flywaydb.core.internal.scanner.classpath.ClassPathScanner -- Scanning for classes at classpath:db/migration
12:06:49.713 [pool-1-thread-1] DEBUG org.flywaydb.core.internal.scanner.Scanner -- Filtering out resource: db/migration/ (filename: )
12:06:49.713 [pool-1-thread-1] DEBUG org.flywaydb.core.internal.resource.ResourceNameValidator -- Validating V4__Fingerprints.sql
12:06:49.714 [pool-1-thread-1] DEBUG org.flywaydb.core.internal.resource.ResourceNameValidator -- Validating V1__Create_tables.sql
12:06:49.714 [pool-1-thread-1] DEBUG org.flywaydb.core.internal.resource.ResourceNameValidator -- Validating V2__Server_discovery.sql
12:06:49.714 [pool-1-thread-1] DEBUG org.flywaydb.core.internal.resource.ResourceNameValidator -- Validating V3__Jar_symbols.sql
12:06:49.845 [pool-1-thread-1] INFO org.flywaydb.core.FlywayExecutor -- Database: jdbc:h2:file:/home/ysyx/Project/chisel_gen/.metals/metals (H2 2.2)
12:06:49.845 [pool-1-thread-1] DEBUG org.flywaydb.core.FlywayExecutor -- Driver: H2 JDBC Driver 2.2.224 (2023-09-17)
12:06:49.845 [pool-1-thread-1] DEBUG org.flywaydb.core.FlywayExecutor -- DDL Transactions Supported: false
12:06:49.846 [pool-1-thread-1] DEBUG org.flywaydb.core.internal.schemahistory.SchemaHistoryFactory -- Schemas: 
12:06:49.846 [pool-1-thread-1] DEBUG org.flywaydb.core.internal.schemahistory.SchemaHistoryFactory -- Default schema: null
12:06:49.850 [pool-1-thread-1] WARN org.flywaydb.core.internal.database.base.Database -- Flyway upgrade recommended: H2 2.2.224 is newer than this version of Flyway and support has not been tested. The latest supported version of H2 is 2.2.220.
12:06:49.851 [pool-1-thread-1] DEBUG org.flywaydb.core.internal.callback.SqlScriptCallbackFactory -- Scanning for SQL callbacks ...
12:06:49.851 [pool-1-thread-1] DEBUG org.flywaydb.core.internal.scanner.Scanner -- Filtering out resource: db/migration/ (filename: )
12:06:49.860 [pool-1-thread-1] DEBUG org.flywaydb.core.internal.command.DbValidate -- Validating migrations ...
12:06:49.864 [pool-1-thread-1] DEBUG org.flywaydb.core.internal.scanner.Scanner -- Filtering out resource: db/migration/ (filename: )
12:06:49.897 [pool-1-thread-1] DEBUG org.flywaydb.core.internal.scanner.Scanner -- Filtering out resource: db/migration/ (filename: )
12:06:49.897 [pool-1-thread-1] DEBUG org.flywaydb.core.internal.scanner.Scanner -- Filtering out resource: db/migration/V4__Fingerprints.sql (filename: V4__Fingerprints.sql)
12:06:49.897 [pool-1-thread-1] DEBUG org.flywaydb.core.internal.scanner.Scanner -- Filtering out resource: db/migration/V1__Create_tables.sql (filename: V1__Create_tables.sql)
12:06:49.897 [pool-1-thread-1] DEBUG org.flywaydb.core.internal.scanner.Scanner -- Filtering out resource: db/migration/V2__Server_discovery.sql (filename: V2__Server_discovery.sql)
12:06:49.897 [pool-1-thread-1] DEBUG org.flywaydb.core.internal.scanner.Scanner -- Filtering out resource: db/migration/V3__Jar_symbols.sql (filename: V3__Jar_symbols.sql)
12:06:49.899 [pool-1-thread-1] DEBUG org.flywaydb.core.internal.scanner.Scanner -- Filtering out resource: db/migration/ (filename: )
12:06:49.900 [pool-1-thread-1] DEBUG org.flywaydb.core.internal.scanner.Scanner -- Filtering out resource: db/migration/V4__Fingerprints.sql (filename: V4__Fingerprints.sql)
12:06:49.900 [pool-1-thread-1] DEBUG org.flywaydb.core.internal.scanner.Scanner -- Filtering out resource: db/migration/V1__Create_tables.sql (filename: V1__Create_tables.sql)
12:06:49.900 [pool-1-thread-1] DEBUG org.flywaydb.core.internal.scanner.Scanner -- Filtering out resource: db/migration/V2__Server_discovery.sql (filename: V2__Server_discovery.sql)
12:06:49.900 [pool-1-thread-1] DEBUG org.flywaydb.core.internal.scanner.Scanner -- Filtering out resource: db/migration/V3__Jar_symbols.sql (filename: V3__Jar_symbols.sql)
12:06:49.909 [pool-1-thread-1] INFO org.flywaydb.core.internal.command.DbValidate -- Successfully validated 4 migrations (execution time 00:00.047s)
12:06:49.911 [pool-1-thread-1] DEBUG org.flywaydb.core.internal.command.DbSchemas -- Skipping creation of existing schema: "PUBLIC"
12:06:49.915 [pool-1-thread-1] INFO org.flywaydb.core.internal.command.DbMigrate -- Current version of schema "PUBLIC": 4
12:06:49.921 [pool-1-thread-1] INFO org.flywaydb.core.internal.command.DbMigrate -- Schema "PUBLIC" is up to date. No migration necessary.
12:06:49.932 [pool-1-thread-1] DEBUG org.flywaydb.core.FlywayExecutor -- Memory usage: 51 of 143M
2024.02.14 12:06:52 INFO  Attempting to connect to the build server...
2024.02.14 12:06:52 INFO  skipping build import with status 'Installed'
2024.02.14 12:06:52 INFO  Bloop uses /opt/jdk/jdk1.8.0_181 defined at /home/ysyx/.bloop/bloop.json
2024.02.14 12:07:03 INFO  no build target found for /home/ysyx/Project/chisel_gen/src/main/scala/csr.scala. Using presentation compiler with project's scala-library version: 3.3.1
2024.02.14 12:07:03 INFO  tracing is disabled for protocol BSP, to enable tracing of incoming and outgoing JSON messages create an empty file at /home/ysyx/Project/chisel_gen/.metals/bsp.trace.json or /home/ysyx/.cache/metals/bsp.trace.json
Feb 14, 2024 12:07:04 PM org.eclipse.lsp4j.jsonrpc.RemoteEndpoint handleCancellation
WARNING: Unmatched cancel notification for request id 13
2024.02.14 12:07:05 INFO  Attempting to connect to the build server...
2024.02.14 12:07:05 INFO  Bloop uses /opt/jdk/jdk1.8.0_181 defined at /home/ysyx/.bloop/bloop.json
2024.02.14 12:07:05 INFO  tracing is disabled for protocol BSP, to enable tracing of incoming and outgoing JSON messages create an empty file at /home/ysyx/Project/chisel_gen/project/.metals/bsp.trace.json or /home/ysyx/.cache/metals/bsp.trace.json
2024.02.14 12:07:05 INFO  time: Connected to build server in 13s
2024.02.14 12:07:05 INFO  Connected to Build server: Bloop v1.5.15
2024.02.14 12:07:05 INFO  time: Imported build in 0.53s
2024.02.14 12:07:09 INFO  time: indexed workspace in 3.59s
2024.02.14 12:07:11 WARN  Bloop is running with 1.8.0_181 but your code requires 1.8.0_181 to compile, this might cause some compilation issues when using JDK API unsupported by the Bloop's current JVM version
2024.02.14 12:07:11 INFO  compiling chisel_gen (19 scala sources)
2024.02.14 12:07:43 INFO  time: compiled chisel_gen in 31s
2024.02.14 12:07:43 WARN  Bloop is running with 1.8.0_181 but your code requires 1.8.0_181 to compile, this might cause some compilation issues when using JDK API unsupported by the Bloop's current JVM version
2024.02.14 12:07:43 WARN  Bloop is running with 1.8.0_181 but your code requires 1.8.0_181 to compile, this might cause some compilation issues when using JDK API unsupported by the Bloop's current JVM version
Feb 14, 2024 8:06:34 PM org.eclipse.lsp4j.jsonrpc.RemoteEndpoint handleCancellation
WARNING: Unmatched cancel notification for request id 121
2024.02.14 20:23:49 WARN  Bloop is running with 1.8.0_181 but your code requires 1.8.0_181 to compile, this might cause some compilation issues when using JDK API unsupported by the Bloop's current JVM version
2024.02.14 20:23:49 INFO  compiling chisel_gen (1 scala source)
Feb 14, 2024 8:23:54 PM org.eclipse.lsp4j.jsonrpc.services.GenericEndpoint notify
INFO: Unsupported notification method: $/setTrace
2024.02.14 20:23:57 INFO  time: compiled chisel_gen in 8.02s
2024.02.14 20:23:57 INFO  compiling chisel_gen (1 scala source)
2024.02.14 20:24:02 INFO  time: compiled chisel_gen in 4.65s
2024.02.14 20:52:41 WARN  Bloop is running with 1.8.0_181 but your code requires 1.8.0_181 to compile, this might cause some compilation issues when using JDK API unsupported by the Bloop's current JVM version
2024.02.14 20:52:43 INFO  compiling chisel_gen (1 scala source)
2024.02.14 20:52:47 INFO  time: compiled chisel_gen in 4.17s
2024.02.14 20:52:47 INFO  compiling chisel_gen (1 scala source)
2024.02.14 20:52:52 INFO  time: compiled chisel_gen in 4.46s
2024.02.14 20:53:12 WARN  Bloop is running with 1.8.0_181 but your code requires 1.8.0_181 to compile, this might cause some compilation issues when using JDK API unsupported by the Bloop's current JVM version
2024.02.14 20:56:32 ERROR Failed to tokenize input for semantic tokens for /home/ysyx/Project/chisel_gen/src/main/scala/memory.scala
scala.meta.tokenizers.TokenizeException: <input>:114: error: illegal character '\u3010'
  io.load_store_unsigned := io.mem_funct3ã€
                                         ^
	at scala.meta.internal.tokenizers.Reporter.syntaxError(Reporter.scala:23)
	at scala.meta.internal.tokenizers.Reporter.syntaxError$(Reporter.scala:23)
	at scala.meta.internal.tokenizers.Reporter$$anon$1.syntaxError(Reporter.scala:33)
	at scala.meta.internal.tokenizers.Reporter.syntaxError(Reporter.scala:25)
	at scala.meta.internal.tokenizers.Reporter.syntaxError$(Reporter.scala:25)
	at scala.meta.internal.tokenizers.Reporter$$anon$1.syntaxError(Reporter.scala:33)
	at scala.meta.internal.tokenizers.LegacyScanner.fetchOther$1(LegacyScanner.scala:469)
	at scala.meta.internal.tokenizers.LegacyScanner.fetchToken(LegacyScanner.scala:474)
	at scala.meta.internal.tokenizers.LegacyScanner.nextToken(LegacyScanner.scala:211)
	at scala.meta.internal.tokenizers.LegacyScanner.foreach(LegacyScanner.scala:1011)
	at scala.meta.internal.tokenizers.ScalametaTokenizer.uncachedTokenize(ScalametaTokenizer.scala:24)
	at scala.meta.internal.tokenizers.ScalametaTokenizer.$anonfun$tokenize$1(ScalametaTokenizer.scala:17)
	at scala.collection.concurrent.TrieMap.getOrElseUpdate(TrieMap.scala:962)
	at scala.meta.internal.tokenizers.ScalametaTokenizer.tokenize(ScalametaTokenizer.scala:17)
	at scala.meta.internal.tokenizers.ScalametaTokenizer$$anon$2.apply(ScalametaTokenizer.scala:332)
	at scala.meta.tokenizers.Api$XtensionTokenizeDialectInput.tokenize(Api.scala:25)
	at scala.meta.tokenizers.Api$XtensionTokenizeInputLike.tokenize(Api.scala:14)
	at scala.meta.internal.metals.SemanticTokensProvider$.getTokens(SemanticTokensProvider.scala:30)
	at scala.meta.internal.metals.SemanticTokensProvider$.provide(SemanticTokensProvider.scala:89)
	at scala.meta.internal.metals.Compilers.$anonfun$semanticTokens$3(Compilers.scala:541)
	at scala.concurrent.impl.Promise$Transformation.run(Promise.scala:467)
	at java.util.concurrent.ThreadPoolExecutor.runWorker(ThreadPoolExecutor.java:1149)
	at java.util.concurrent.ThreadPoolExecutor$Worker.run(ThreadPoolExecutor.java:624)
	at java.lang.Thread.run(Thread.java:748)

2024.02.14 20:56:34 ERROR Failed to tokenize input for semantic tokens for /home/ysyx/Project/chisel_gen/src/main/scala/memory.scala
scala.meta.tokenizers.TokenizeException: <input>:114: error: illegal character '\uff08'
  io.load_store_unsigned := io.mem_funct3ï¼ˆ
                                         ^
	at scala.meta.internal.tokenizers.Reporter.syntaxError(Reporter.scala:23)
	at scala.meta.internal.tokenizers.Reporter.syntaxError$(Reporter.scala:23)
	at scala.meta.internal.tokenizers.Reporter$$anon$1.syntaxError(Reporter.scala:33)
	at scala.meta.internal.tokenizers.Reporter.syntaxError(Reporter.scala:25)
	at scala.meta.internal.tokenizers.Reporter.syntaxError$(Reporter.scala:25)
	at scala.meta.internal.tokenizers.Reporter$$anon$1.syntaxError(Reporter.scala:33)
	at scala.meta.internal.tokenizers.LegacyScanner.fetchOther$1(LegacyScanner.scala:469)
	at scala.meta.internal.tokenizers.LegacyScanner.fetchToken(LegacyScanner.scala:474)
	at scala.meta.internal.tokenizers.LegacyScanner.nextToken(LegacyScanner.scala:211)
	at scala.meta.internal.tokenizers.LegacyScanner.foreach(LegacyScanner.scala:1011)
	at scala.meta.internal.tokenizers.ScalametaTokenizer.uncachedTokenize(ScalametaTokenizer.scala:24)
	at scala.meta.internal.tokenizers.ScalametaTokenizer.$anonfun$tokenize$1(ScalametaTokenizer.scala:17)
	at scala.collection.concurrent.TrieMap.getOrElseUpdate(TrieMap.scala:962)
	at scala.meta.internal.tokenizers.ScalametaTokenizer.tokenize(ScalametaTokenizer.scala:17)
	at scala.meta.internal.tokenizers.ScalametaTokenizer$$anon$2.apply(ScalametaTokenizer.scala:332)
	at scala.meta.tokenizers.Api$XtensionTokenizeDialectInput.tokenize(Api.scala:25)
	at scala.meta.tokenizers.Api$XtensionTokenizeInputLike.tokenize(Api.scala:14)
	at scala.meta.internal.metals.SemanticTokensProvider$.getTokens(SemanticTokensProvider.scala:30)
	at scala.meta.internal.metals.SemanticTokensProvider$.provide(SemanticTokensProvider.scala:89)
	at scala.meta.internal.metals.Compilers.$anonfun$semanticTokens$3(Compilers.scala:541)
	at scala.concurrent.impl.Promise$Transformation.run(Promise.scala:467)
	at java.util.concurrent.ThreadPoolExecutor.runWorker(ThreadPoolExecutor.java:1149)
	at java.util.concurrent.ThreadPoolExecutor$Worker.run(ThreadPoolExecutor.java:624)
	at java.lang.Thread.run(Thread.java:748)

2024.02.14 20:56:35 ERROR Failed to tokenize input for semantic tokens for /home/ysyx/Project/chisel_gen/src/main/scala/memory.scala
scala.meta.tokenizers.TokenizeException: <input>:114: error: illegal character '\uff08'
  io.load_store_unsigned := io.mem_funct3ï¼ˆï¼‰
                                         ^
	at scala.meta.internal.tokenizers.Reporter.syntaxError(Reporter.scala:23)
	at scala.meta.internal.tokenizers.Reporter.syntaxError$(Reporter.scala:23)
	at scala.meta.internal.tokenizers.Reporter$$anon$1.syntaxError(Reporter.scala:33)
	at scala.meta.internal.tokenizers.Reporter.syntaxError(Reporter.scala:25)
	at scala.meta.internal.tokenizers.Reporter.syntaxError$(Reporter.scala:25)
	at scala.meta.internal.tokenizers.Reporter$$anon$1.syntaxError(Reporter.scala:33)
	at scala.meta.internal.tokenizers.LegacyScanner.fetchOther$1(LegacyScanner.scala:469)
	at scala.meta.internal.tokenizers.LegacyScanner.fetchToken(LegacyScanner.scala:474)
	at scala.meta.internal.tokenizers.LegacyScanner.nextToken(LegacyScanner.scala:211)
	at scala.meta.internal.tokenizers.LegacyScanner.foreach(LegacyScanner.scala:1011)
	at scala.meta.internal.tokenizers.ScalametaTokenizer.uncachedTokenize(ScalametaTokenizer.scala:24)
	at scala.meta.internal.tokenizers.ScalametaTokenizer.$anonfun$tokenize$1(ScalametaTokenizer.scala:17)
	at scala.collection.concurrent.TrieMap.getOrElseUpdate(TrieMap.scala:962)
	at scala.meta.internal.tokenizers.ScalametaTokenizer.tokenize(ScalametaTokenizer.scala:17)
	at scala.meta.internal.tokenizers.ScalametaTokenizer$$anon$2.apply(ScalametaTokenizer.scala:332)
	at scala.meta.tokenizers.Api$XtensionTokenizeDialectInput.tokenize(Api.scala:25)
	at scala.meta.tokenizers.Api$XtensionTokenizeInputLike.tokenize(Api.scala:14)
	at scala.meta.internal.metals.SemanticTokensProvider$.getTokens(SemanticTokensProvider.scala:30)
	at scala.meta.internal.metals.SemanticTokensProvider$.provide(SemanticTokensProvider.scala:89)
	at scala.meta.internal.metals.Compilers.$anonfun$semanticTokens$3(Compilers.scala:541)
	at scala.concurrent.impl.Promise$Transformation.run(Promise.scala:467)
	at java.util.concurrent.ThreadPoolExecutor.runWorker(ThreadPoolExecutor.java:1149)
	at java.util.concurrent.ThreadPoolExecutor$Worker.run(ThreadPoolExecutor.java:624)
	at java.lang.Thread.run(Thread.java:748)

2024.02.14 20:57:04 WARN  Bloop is running with 1.8.0_181 but your code requires 1.8.0_181 to compile, this might cause some compilation issues when using JDK API unsupported by the Bloop's current JVM version
2024.02.14 20:59:43 WARN  Bloop is running with 1.8.0_181 but your code requires 1.8.0_181 to compile, this might cause some compilation issues when using JDK API unsupported by the Bloop's current JVM version
2024.02.14 20:59:43 WARN  Bloop is running with 1.8.0_181 but your code requires 1.8.0_181 to compile, this might cause some compilation issues when using JDK API unsupported by the Bloop's current JVM version
2024.02.14 20:59:52 WARN  Bloop is running with 1.8.0_181 but your code requires 1.8.0_181 to compile, this might cause some compilation issues when using JDK API unsupported by the Bloop's current JVM version
2024.02.14 21:05:33 WARN  Bloop is running with 1.8.0_181 but your code requires 1.8.0_181 to compile, this might cause some compilation issues when using JDK API unsupported by the Bloop's current JVM version
2024.02.14 21:05:33 INFO  compiling chisel_gen (1 scala source)
2024.02.14 21:05:42 INFO  time: compiled chisel_gen in 8.29s
2024.02.14 21:05:42 INFO  compiling chisel_gen (1 scala source)
2024.02.14 21:05:43 INFO  time: compiled chisel_gen in 1.15s
2024.02.14 21:06:39 WARN  Bloop is running with 1.8.0_181 but your code requires 1.8.0_181 to compile, this might cause some compilation issues when using JDK API unsupported by the Bloop's current JVM version
2024.02.14 21:06:39 WARN  Bloop is running with 1.8.0_181 but your code requires 1.8.0_181 to compile, this might cause some compilation issues when using JDK API unsupported by the Bloop's current JVM version
2024.02.14 21:07:45 INFO  Shutting down server
2024.02.14 21:07:45 INFO  shutting down Metals
2024.02.14 21:07:45 INFO  Shut down connection with build server.
2024.02.14 21:07:45 INFO  Shut down connection with build server.
2024.02.14 21:07:45 INFO  Exiting server
2024.02.14 21:23:42 INFO  Started: Metals version 1.2.1 in folders '/home/ysyx/Project/chisel_gen' for client Visual Studio Code 1.81.1.
21:23:42.671 [pool-1-thread-1] INFO org.flywaydb.core.internal.license.VersionPrinter -- Flyway Community Edition 9.22.3 by Redgate
21:23:42.674 [pool-1-thread-1] INFO org.flywaydb.core.internal.license.VersionPrinter -- See release notes here: https://rd.gt/416ObMi
21:23:42.674 [pool-1-thread-1] INFO org.flywaydb.core.internal.license.VersionPrinter -- 
21:23:42.676 [pool-1-thread-1] DEBUG org.flywaydb.core.internal.scanner.classpath.ClassPathScanner -- Scanning for classpath resources at 'classpath:db/callback' ...
21:23:42.677 [pool-1-thread-1] DEBUG org.flywaydb.core.internal.scanner.classpath.ClassPathScanner -- Determining location urls for classpath:db/callback using ClassLoader sun.misc.Launcher$AppClassLoader@5c647e05 ...
21:23:42.677 [pool-1-thread-1] DEBUG org.flywaydb.core.internal.scanner.classpath.ClassPathScanner -- Unable to resolve location classpath:db/callback.
21:23:42.677 [pool-1-thread-1] DEBUG org.flywaydb.core.internal.scanner.classpath.ClassPathScanner -- Scanning for classpath resources at 'classpath:db/migration' ...
21:23:42.677 [pool-1-thread-1] DEBUG org.flywaydb.core.internal.scanner.classpath.ClassPathScanner -- Determining location urls for classpath:db/migration using ClassLoader sun.misc.Launcher$AppClassLoader@5c647e05 ...
21:23:42.677 [pool-1-thread-1] DEBUG org.flywaydb.core.internal.scanner.classpath.ClassPathScanner -- Scanning URL: jar:file:/home/ysyx/.cache/coursier/v1/https/repo1.maven.org/maven2/org/scalameta/metals_2.13/1.2.1/metals_2.13-1.2.1.jar!/db/migration
21:23:42.682 [pool-1-thread-1] DEBUG org.flywaydb.core.internal.scanner.classpath.ClassPathScanner -- Found resource: db/migration/
21:23:42.682 [pool-1-thread-1] DEBUG org.flywaydb.core.internal.scanner.classpath.ClassPathScanner -- Found resource: db/migration/V1__Create_tables.sql
21:23:42.682 [pool-1-thread-1] DEBUG org.flywaydb.core.internal.scanner.classpath.ClassPathScanner -- Found resource: db/migration/V2__Server_discovery.sql
21:23:42.682 [pool-1-thread-1] DEBUG org.flywaydb.core.internal.scanner.classpath.ClassPathScanner -- Found resource: db/migration/V3__Jar_symbols.sql
21:23:42.682 [pool-1-thread-1] DEBUG org.flywaydb.core.internal.scanner.classpath.ClassPathScanner -- Found resource: db/migration/V4__Fingerprints.sql
21:23:42.682 [pool-1-thread-1] DEBUG org.flywaydb.core.internal.scanner.classpath.ClassPathScanner -- Scanning for classes at classpath:db/migration
21:23:42.685 [pool-1-thread-1] DEBUG org.flywaydb.core.internal.scanner.Scanner -- Filtering out resource: db/migration/ (filename: )
21:23:42.685 [pool-1-thread-1] DEBUG org.flywaydb.core.internal.resource.ResourceNameValidator -- Validating V4__Fingerprints.sql
21:23:42.686 [pool-1-thread-1] DEBUG org.flywaydb.core.internal.resource.ResourceNameValidator -- Validating V1__Create_tables.sql
21:23:42.686 [pool-1-thread-1] DEBUG org.flywaydb.core.internal.resource.ResourceNameValidator -- Validating V2__Server_discovery.sql
21:23:42.686 [pool-1-thread-1] DEBUG org.flywaydb.core.internal.resource.ResourceNameValidator -- Validating V3__Jar_symbols.sql
21:23:42.759 [pool-1-thread-1] INFO org.flywaydb.core.FlywayExecutor -- Database: jdbc:h2:file:/home/ysyx/Project/chisel_gen/.metals/metals (H2 2.2)
21:23:42.759 [pool-1-thread-1] DEBUG org.flywaydb.core.FlywayExecutor -- Driver: H2 JDBC Driver 2.2.224 (2023-09-17)
21:23:42.759 [pool-1-thread-1] DEBUG org.flywaydb.core.FlywayExecutor -- DDL Transactions Supported: false
21:23:42.760 [pool-1-thread-1] DEBUG org.flywaydb.core.internal.schemahistory.SchemaHistoryFactory -- Schemas: 
21:23:42.760 [pool-1-thread-1] DEBUG org.flywaydb.core.internal.schemahistory.SchemaHistoryFactory -- Default schema: null
21:23:42.763 [pool-1-thread-1] WARN org.flywaydb.core.internal.database.base.Database -- Flyway upgrade recommended: H2 2.2.224 is newer than this version of Flyway and support has not been tested. The latest supported version of H2 is 2.2.220.
21:23:42.764 [pool-1-thread-1] DEBUG org.flywaydb.core.internal.callback.SqlScriptCallbackFactory -- Scanning for SQL callbacks ...
21:23:42.764 [pool-1-thread-1] DEBUG org.flywaydb.core.internal.scanner.Scanner -- Filtering out resource: db/migration/ (filename: )
21:23:42.770 [pool-1-thread-1] DEBUG org.flywaydb.core.internal.command.DbValidate -- Validating migrations ...
21:23:42.773 [pool-1-thread-1] DEBUG org.flywaydb.core.internal.scanner.Scanner -- Filtering out resource: db/migration/ (filename: )
21:23:42.777 [pool-1-thread-1] DEBUG org.flywaydb.core.internal.scanner.Scanner -- Filtering out resource: db/migration/ (filename: )
21:23:42.777 [pool-1-thread-1] DEBUG org.flywaydb.core.internal.scanner.Scanner -- Filtering out resource: db/migration/V4__Fingerprints.sql (filename: V4__Fingerprints.sql)
21:23:42.777 [pool-1-thread-1] DEBUG org.flywaydb.core.internal.scanner.Scanner -- Filtering out resource: db/migration/V1__Create_tables.sql (filename: V1__Create_tables.sql)
21:23:42.777 [pool-1-thread-1] DEBUG org.flywaydb.core.internal.scanner.Scanner -- Filtering out resource: db/migration/V2__Server_discovery.sql (filename: V2__Server_discovery.sql)
21:23:42.778 [pool-1-thread-1] DEBUG org.flywaydb.core.internal.scanner.Scanner -- Filtering out resource: db/migration/V3__Jar_symbols.sql (filename: V3__Jar_symbols.sql)
21:23:42.778 [pool-1-thread-1] DEBUG org.flywaydb.core.internal.scanner.Scanner -- Filtering out resource: db/migration/ (filename: )
21:23:42.778 [pool-1-thread-1] DEBUG org.flywaydb.core.internal.scanner.Scanner -- Filtering out resource: db/migration/V4__Fingerprints.sql (filename: V4__Fingerprints.sql)
21:23:42.778 [pool-1-thread-1] DEBUG org.flywaydb.core.internal.scanner.Scanner -- Filtering out resource: db/migration/V1__Create_tables.sql (filename: V1__Create_tables.sql)
21:23:42.778 [pool-1-thread-1] DEBUG org.flywaydb.core.internal.scanner.Scanner -- Filtering out resource: db/migration/V2__Server_discovery.sql (filename: V2__Server_discovery.sql)
21:23:42.778 [pool-1-thread-1] DEBUG org.flywaydb.core.internal.scanner.Scanner -- Filtering out resource: db/migration/V3__Jar_symbols.sql (filename: V3__Jar_symbols.sql)
21:23:42.788 [pool-1-thread-1] INFO org.flywaydb.core.internal.command.DbValidate -- Successfully validated 4 migrations (execution time 00:00.017s)
21:23:42.790 [pool-1-thread-1] DEBUG org.flywaydb.core.internal.command.DbSchemas -- Skipping creation of existing schema: "PUBLIC"
21:23:42.793 [pool-1-thread-1] INFO org.flywaydb.core.internal.command.DbMigrate -- Current version of schema "PUBLIC": 4
21:23:42.797 [pool-1-thread-1] INFO org.flywaydb.core.internal.command.DbMigrate -- Schema "PUBLIC" is up to date. No migration necessary.
21:23:42.805 [pool-1-thread-1] DEBUG org.flywaydb.core.FlywayExecutor -- Memory usage: 88 of 171M
2024.02.14 21:23:43 INFO  skipping build import with status 'Installed'
2024.02.14 21:23:43 INFO  Attempting to connect to the build server...
2024.02.14 21:23:43 INFO  Bloop uses /opt/jdk/jdk1.8.0_181 defined at /home/ysyx/.bloop/bloop.json
2024.02.14 21:23:43 INFO  tracing is disabled for protocol BSP, to enable tracing of incoming and outgoing JSON messages create an empty file at /home/ysyx/Project/chisel_gen/.metals/bsp.trace.json or /home/ysyx/.cache/metals/bsp.trace.json
2024.02.14 21:23:43 INFO  Attempting to connect to the build server...
2024.02.14 21:23:43 INFO  Bloop uses /opt/jdk/jdk1.8.0_181 defined at /home/ysyx/.bloop/bloop.json
2024.02.14 21:23:43 INFO  tracing is disabled for protocol BSP, to enable tracing of incoming and outgoing JSON messages create an empty file at /home/ysyx/Project/chisel_gen/project/.metals/bsp.trace.json or /home/ysyx/.cache/metals/bsp.trace.json
2024.02.14 21:23:43 INFO  time: Connected to build server in 0.77s
2024.02.14 21:23:43 INFO  Connected to Build server: Bloop v1.5.15
2024.02.14 21:23:43 INFO  time: Imported build in 0.11s
2024.02.14 21:23:45 INFO  no build target found for /home/ysyx/Project/chisel_gen/src/main/scala/csr.scala. Using presentation compiler with project's scala-library version: 3.3.1
2024.02.14 21:23:46 INFO  time: indexed workspace in 1.45s
2024.02.14 21:23:46 WARN  Bloop is running with 1.8.0_181 but your code requires 1.8.0_181 to compile, this might cause some compilation issues when using JDK API unsupported by the Bloop's current JVM version
Feb 14, 2024 9:23:48 PM org.eclipse.lsp4j.jsonrpc.services.GenericEndpoint notify
INFO: Unsupported notification method: $/setTrace
2024.02.14 21:23:48 WARN  Bloop is running with 1.8.0_181 but your code requires 1.8.0_181 to compile, this might cause some compilation issues when using JDK API unsupported by the Bloop's current JVM version
2024.02.14 21:24:25 WARN  Bloop is running with 1.8.0_181 but your code requires 1.8.0_181 to compile, this might cause some compilation issues when using JDK API unsupported by the Bloop's current JVM version
2024.02.14 21:24:25 INFO  compiling chisel_gen (1 scala source)
2024.02.14 21:24:28 INFO  time: compiled chisel_gen in 3.47s
2024.02.14 21:24:28 INFO  compiling chisel_gen (1 scala source)
2024.02.14 21:24:35 INFO  time: compiled chisel_gen in 6.66s
Feb 14, 2024 9:27:32 PM org.eclipse.lsp4j.jsonrpc.RemoteEndpoint handleCancellation
WARNING: Unmatched cancel notification for request id 281
2024.02.14 21:30:43 WARN  Bloop is running with 1.8.0_181 but your code requires 1.8.0_181 to compile, this might cause some compilation issues when using JDK API unsupported by the Bloop's current JVM version
2024.02.14 21:30:43 INFO  compiling chisel_gen (1 scala source)
2024.02.14 21:30:47 INFO  time: compiled chisel_gen in 3.73s
2024.02.14 21:31:31 WARN  Bloop is running with 1.8.0_181 but your code requires 1.8.0_181 to compile, this might cause some compilation issues when using JDK API unsupported by the Bloop's current JVM version
2024.02.14 21:31:31 INFO  compiling chisel_gen (1 scala source)
2024.02.14 21:31:33 INFO  time: compiled chisel_gen in 1.86s
2024.02.14 21:33:47 WARN  Bloop is running with 1.8.0_181 but your code requires 1.8.0_181 to compile, this might cause some compilation issues when using JDK API unsupported by the Bloop's current JVM version
2024.02.14 21:33:47 INFO  compiling chisel_gen (1 scala source)
2024.02.14 21:33:48 INFO  time: compiled chisel_gen in 1.45s
Feb 14, 2024 10:04:43 PM org.eclipse.lsp4j.jsonrpc.services.GenericEndpoint notify
INFO: Unsupported notification method: $/setTrace
2024.02.14 22:05:34 WARN  Bloop is running with 1.8.0_181 but your code requires 1.8.0_181 to compile, this might cause some compilation issues when using JDK API unsupported by the Bloop's current JVM version
2024.02.14 22:05:34 INFO  compiling chisel_gen (1 scala source)
2024.02.14 22:05:36 INFO  time: compiled chisel_gen in 1.85s
2024.02.14 22:52:23 WARN  Bloop is running with 1.8.0_181 but your code requires 1.8.0_181 to compile, this might cause some compilation issues when using JDK API unsupported by the Bloop's current JVM version
2024.02.14 22:52:30 WARN  Bloop is running with 1.8.0_181 but your code requires 1.8.0_181 to compile, this might cause some compilation issues when using JDK API unsupported by the Bloop's current JVM version
2024.02.14 22:54:23 INFO  Shutting down server
2024.02.14 22:54:23 INFO  shutting down Metals
2024.02.14 22:54:23 INFO  Shut down connection with build server.
2024.02.14 22:54:23 INFO  Shut down connection with build server.
2024.02.14 22:54:23 INFO  Exiting server
2024.02.19 21:46:15 INFO  Started: Metals version 1.2.2 in folders '/home/ysyx/Project/chisel_gen' for client Visual Studio Code 1.81.1.
21:46:15.368 [pool-1-thread-1] INFO org.flywaydb.core.internal.license.VersionPrinter -- Flyway Community Edition 9.22.3 by Redgate
21:46:15.371 [pool-1-thread-1] INFO org.flywaydb.core.internal.license.VersionPrinter -- See release notes here: https://rd.gt/416ObMi
21:46:15.371 [pool-1-thread-1] INFO org.flywaydb.core.internal.license.VersionPrinter -- 
21:46:15.374 [pool-1-thread-1] DEBUG org.flywaydb.core.internal.scanner.classpath.ClassPathScanner -- Scanning for classpath resources at 'classpath:db/callback' ...
21:46:15.374 [pool-1-thread-1] DEBUG org.flywaydb.core.internal.scanner.classpath.ClassPathScanner -- Determining location urls for classpath:db/callback using ClassLoader sun.misc.Launcher$AppClassLoader@5c647e05 ...
21:46:15.374 [pool-1-thread-1] DEBUG org.flywaydb.core.internal.scanner.classpath.ClassPathScanner -- Unable to resolve location classpath:db/callback.
21:46:15.375 [pool-1-thread-1] DEBUG org.flywaydb.core.internal.scanner.classpath.ClassPathScanner -- Scanning for classpath resources at 'classpath:db/migration' ...
21:46:15.375 [pool-1-thread-1] DEBUG org.flywaydb.core.internal.scanner.classpath.ClassPathScanner -- Determining location urls for classpath:db/migration using ClassLoader sun.misc.Launcher$AppClassLoader@5c647e05 ...
21:46:15.375 [pool-1-thread-1] DEBUG org.flywaydb.core.internal.scanner.classpath.ClassPathScanner -- Scanning URL: jar:file:/home/ysyx/.cache/coursier/v1/https/repo1.maven.org/maven2/org/scalameta/metals_2.13/1.2.2/metals_2.13-1.2.2.jar!/db/migration
21:46:15.377 [pool-1-thread-1] DEBUG org.flywaydb.core.internal.scanner.classpath.ClassPathScanner -- Found resource: db/migration/
21:46:15.378 [pool-1-thread-1] DEBUG org.flywaydb.core.internal.scanner.classpath.ClassPathScanner -- Found resource: db/migration/V1__Create_tables.sql
21:46:15.378 [pool-1-thread-1] DEBUG org.flywaydb.core.internal.scanner.classpath.ClassPathScanner -- Found resource: db/migration/V2__Server_discovery.sql
21:46:15.378 [pool-1-thread-1] DEBUG org.flywaydb.core.internal.scanner.classpath.ClassPathScanner -- Found resource: db/migration/V3__Jar_symbols.sql
21:46:15.378 [pool-1-thread-1] DEBUG org.flywaydb.core.internal.scanner.classpath.ClassPathScanner -- Found resource: db/migration/V4__Fingerprints.sql
21:46:15.378 [pool-1-thread-1] DEBUG org.flywaydb.core.internal.scanner.classpath.ClassPathScanner -- Scanning for classes at classpath:db/migration
21:46:15.380 [pool-1-thread-1] DEBUG org.flywaydb.core.internal.scanner.Scanner -- Filtering out resource: db/migration/ (filename: )
21:46:15.380 [pool-1-thread-1] DEBUG org.flywaydb.core.internal.resource.ResourceNameValidator -- Validating V2__Server_discovery.sql
21:46:15.381 [pool-1-thread-1] DEBUG org.flywaydb.core.internal.resource.ResourceNameValidator -- Validating V3__Jar_symbols.sql
21:46:15.381 [pool-1-thread-1] DEBUG org.flywaydb.core.internal.resource.ResourceNameValidator -- Validating V1__Create_tables.sql
21:46:15.381 [pool-1-thread-1] DEBUG org.flywaydb.core.internal.resource.ResourceNameValidator -- Validating V4__Fingerprints.sql
21:46:15.445 [pool-1-thread-1] INFO org.flywaydb.core.FlywayExecutor -- Database: jdbc:h2:file:/home/ysyx/Project/chisel_gen/.metals/metals (H2 2.2)
21:46:15.445 [pool-1-thread-1] DEBUG org.flywaydb.core.FlywayExecutor -- Driver: H2 JDBC Driver 2.2.224 (2023-09-17)
21:46:15.445 [pool-1-thread-1] DEBUG org.flywaydb.core.FlywayExecutor -- DDL Transactions Supported: false
21:46:15.446 [pool-1-thread-1] DEBUG org.flywaydb.core.internal.schemahistory.SchemaHistoryFactory -- Schemas: 
21:46:15.446 [pool-1-thread-1] DEBUG org.flywaydb.core.internal.schemahistory.SchemaHistoryFactory -- Default schema: null
21:46:15.450 [pool-1-thread-1] WARN org.flywaydb.core.internal.database.base.Database -- Flyway upgrade recommended: H2 2.2.224 is newer than this version of Flyway and support has not been tested. The latest supported version of H2 is 2.2.220.
21:46:15.450 [pool-1-thread-1] DEBUG org.flywaydb.core.internal.callback.SqlScriptCallbackFactory -- Scanning for SQL callbacks ...
21:46:15.450 [pool-1-thread-1] DEBUG org.flywaydb.core.internal.scanner.Scanner -- Filtering out resource: db/migration/ (filename: )
21:46:15.456 [pool-1-thread-1] DEBUG org.flywaydb.core.internal.command.DbValidate -- Validating migrations ...
21:46:15.459 [pool-1-thread-1] DEBUG org.flywaydb.core.internal.scanner.Scanner -- Filtering out resource: db/migration/ (filename: )
21:46:15.464 [pool-1-thread-1] DEBUG org.flywaydb.core.internal.scanner.Scanner -- Filtering out resource: db/migration/V2__Server_discovery.sql (filename: V2__Server_discovery.sql)
21:46:15.464 [pool-1-thread-1] DEBUG org.flywaydb.core.internal.scanner.Scanner -- Filtering out resource: db/migration/V3__Jar_symbols.sql (filename: V3__Jar_symbols.sql)
21:46:15.464 [pool-1-thread-1] DEBUG org.flywaydb.core.internal.scanner.Scanner -- Filtering out resource: db/migration/V1__Create_tables.sql (filename: V1__Create_tables.sql)
21:46:15.464 [pool-1-thread-1] DEBUG org.flywaydb.core.internal.scanner.Scanner -- Filtering out resource: db/migration/V4__Fingerprints.sql (filename: V4__Fingerprints.sql)
21:46:15.464 [pool-1-thread-1] DEBUG org.flywaydb.core.internal.scanner.Scanner -- Filtering out resource: db/migration/ (filename: )
21:46:15.464 [pool-1-thread-1] DEBUG org.flywaydb.core.internal.scanner.Scanner -- Filtering out resource: db/migration/V2__Server_discovery.sql (filename: V2__Server_discovery.sql)
21:46:15.465 [pool-1-thread-1] DEBUG org.flywaydb.core.internal.scanner.Scanner -- Filtering out resource: db/migration/V3__Jar_symbols.sql (filename: V3__Jar_symbols.sql)
21:46:15.465 [pool-1-thread-1] DEBUG org.flywaydb.core.internal.scanner.Scanner -- Filtering out resource: db/migration/V1__Create_tables.sql (filename: V1__Create_tables.sql)
21:46:15.465 [pool-1-thread-1] DEBUG org.flywaydb.core.internal.scanner.Scanner -- Filtering out resource: db/migration/V4__Fingerprints.sql (filename: V4__Fingerprints.sql)
21:46:15.465 [pool-1-thread-1] DEBUG org.flywaydb.core.internal.scanner.Scanner -- Filtering out resource: db/migration/ (filename: )
21:46:15.472 [pool-1-thread-1] INFO org.flywaydb.core.internal.command.DbValidate -- Successfully validated 4 migrations (execution time 00:00.015s)
21:46:15.474 [pool-1-thread-1] DEBUG org.flywaydb.core.internal.command.DbSchemas -- Skipping creation of existing schema: "PUBLIC"
21:46:15.477 [pool-1-thread-1] INFO org.flywaydb.core.internal.command.DbMigrate -- Current version of schema "PUBLIC": 4
21:46:15.480 [pool-1-thread-1] INFO org.flywaydb.core.internal.command.DbMigrate -- Schema "PUBLIC" is up to date. No migration necessary.
21:46:15.755 [pool-1-thread-1] DEBUG org.flywaydb.core.FlywayExecutor -- Memory usage: 133 of 199M
2024.02.19 21:46:16 INFO  Attempting to connect to the build server...
2024.02.19 21:46:16 INFO  skipping build import with status 'Installed'
2024.02.19 21:46:16 INFO  Bloop uses /opt/jdk/jdk1.8.0_181 defined at /home/ysyx/.bloop/bloop.json
2024.02.19 21:46:20 INFO  no build target found for /home/ysyx/Project/chisel_gen/src/main/scala/core.scala. Using presentation compiler with project's scala-library version: 3.3.1
2024.02.19 21:46:50 WARN  no build target for: /home/ysyx/Project/chisel_gen/src/main/scala/core.scala
2024.02.19 21:46:59 INFO  tracing is disabled for protocol BSP, to enable tracing of incoming and outgoing JSON messages create an empty file at /home/ysyx/Project/chisel_gen/.metals/bsp.trace.json or /home/ysyx/.cache/metals/bsp.trace.json
2024.02.19 21:46:59 INFO  Attempting to connect to the build server...
2024.02.19 21:46:59 INFO  Bloop uses /opt/jdk/jdk1.8.0_181 defined at /home/ysyx/.bloop/bloop.json
2024.02.19 21:46:59 INFO  tracing is disabled for protocol BSP, to enable tracing of incoming and outgoing JSON messages create an empty file at /home/ysyx/Project/chisel_gen/project/.metals/bsp.trace.json or /home/ysyx/.cache/metals/bsp.trace.json
2024.02.19 21:46:59 INFO  time: Connected to build server in 43s
2024.02.19 21:46:59 INFO  Connected to Build server: Bloop v1.5.15
2024.02.19 21:47:00 INFO  time: Imported build in 0.44s
2024.02.19 21:48:28 INFO  Failed to resolve mtags for 2.12.18
2024.02.19 21:48:28 ERROR Failed to fetch mtags for 2.12.18
Error downloading org.scalameta:mtags_2.12.18:1.2.2
  not found: /home/ysyx/.ivy2/local/org.scalameta/mtags_2.12.18/1.2.2/ivys/ivy.xml
  download error: Caught java.net.ConnectException (Connection refused (Connection refused)) while downloading https://repo1.maven.org/maven2/org/scalameta/mtags_2.12.18/1.2.2/mtags_2.12.18-1.2.2.pom
  not found: /home/ysyx/.ivy2/local/org.scalameta/mtags_2.12.18/1.2.2/ivys/ivy.xml
  download error: Caught java.net.ConnectException (Connection refused (Connection refused)) while downloading https://oss.sonatype.org/content/repositories/public/org/scalameta/mtags_2.12.18/1.2.2/mtags_2.12.18-1.2.2.pom
  not found: https://oss.sonatype.org/content/repositories/snapshots/org/scalameta/mtags_2.12.18/1.2.2/mtags_2.12.18-1.2.2.pom
2024.02.19 21:48:32 INFO  Failed to resolve mtags for 2.12.13
2024.02.19 21:48:32 ERROR Failed to fetch mtags for 2.12.13
Error downloading org.scalameta:mtags_2.12.13:1.2.2
  not found: /home/ysyx/.ivy2/local/org.scalameta/mtags_2.12.13/1.2.2/ivys/ivy.xml
  download error: Caught java.net.ConnectException (Connection refused (Connection refused)) while downloading https://repo1.maven.org/maven2/org/scalameta/mtags_2.12.13/1.2.2/mtags_2.12.13-1.2.2.pom
  not found: /home/ysyx/.ivy2/local/org.scalameta/mtags_2.12.13/1.2.2/ivys/ivy.xml
  download error: Caught java.net.ConnectException (Connection refused (Connection refused)) while downloading https://oss.sonatype.org/content/repositories/public/org/scalameta/mtags_2.12.13/1.2.2/mtags_2.12.13-1.2.2.pom
  not found: https://oss.sonatype.org/content/repositories/snapshots/org/scalameta/mtags_2.12.13/1.2.2/mtags_2.12.13-1.2.2.pom
2024.02.19 21:48:32 WARN  unsupported Scala 2.12.13
2024.02.19 21:50:00 INFO  Failed to resolve mtags for 2.12.13
2024.02.19 21:50:00 ERROR Failed to fetch mtags for 2.12.13
Error downloading org.scalameta:mtags_2.12.13:1.2.2
  not found: /home/ysyx/.ivy2/local/org.scalameta/mtags_2.12.13/1.2.2/ivys/ivy.xml
  download error: Caught java.net.ConnectException (Connection refused (Connection refused)) while downloading https://repo1.maven.org/maven2/org/scalameta/mtags_2.12.13/1.2.2/mtags_2.12.13-1.2.2.pom
  not found: /home/ysyx/.ivy2/local/org.scalameta/mtags_2.12.13/1.2.2/ivys/ivy.xml
  download error: Caught java.net.ConnectException (Connection refused (Connection refused)) while downloading https://oss.sonatype.org/content/repositories/public/org/scalameta/mtags_2.12.13/1.2.2/mtags_2.12.13-1.2.2.pom
  not found: https://oss.sonatype.org/content/repositories/snapshots/org/scalameta/mtags_2.12.13/1.2.2/mtags_2.12.13-1.2.2.pom
2024.02.19 21:50:03 INFO  Started: Metals version 1.2.2 in folders '/home/ysyx/Project/chisel_gen' for client Visual Studio Code 1.81.1.
21:50:03.997 [pool-1-thread-1] INFO org.flywaydb.core.internal.license.VersionPrinter -- Flyway Community Edition 9.22.3 by Redgate
21:50:03.999 [pool-1-thread-1] INFO org.flywaydb.core.internal.license.VersionPrinter -- See release notes here: https://rd.gt/416ObMi
21:50:04.000 [pool-1-thread-1] INFO org.flywaydb.core.internal.license.VersionPrinter -- 
21:50:04.002 [pool-1-thread-1] DEBUG org.flywaydb.core.internal.scanner.classpath.ClassPathScanner -- Scanning for classpath resources at 'classpath:db/callback' ...
21:50:04.002 [pool-1-thread-1] DEBUG org.flywaydb.core.internal.scanner.classpath.ClassPathScanner -- Determining location urls for classpath:db/callback using ClassLoader sun.misc.Launcher$AppClassLoader@5c647e05 ...
21:50:04.002 [pool-1-thread-1] DEBUG org.flywaydb.core.internal.scanner.classpath.ClassPathScanner -- Unable to resolve location classpath:db/callback.
21:50:04.002 [pool-1-thread-1] DEBUG org.flywaydb.core.internal.scanner.classpath.ClassPathScanner -- Scanning for classpath resources at 'classpath:db/migration' ...
21:50:04.002 [pool-1-thread-1] DEBUG org.flywaydb.core.internal.scanner.classpath.ClassPathScanner -- Determining location urls for classpath:db/migration using ClassLoader sun.misc.Launcher$AppClassLoader@5c647e05 ...
21:50:04.002 [pool-1-thread-1] DEBUG org.flywaydb.core.internal.scanner.classpath.ClassPathScanner -- Scanning URL: jar:file:/home/ysyx/.cache/coursier/v1/https/repo1.maven.org/maven2/org/scalameta/metals_2.13/1.2.2/metals_2.13-1.2.2.jar!/db/migration
21:50:04.006 [pool-1-thread-1] DEBUG org.flywaydb.core.internal.scanner.classpath.ClassPathScanner -- Found resource: db/migration/
21:50:04.006 [pool-1-thread-1] DEBUG org.flywaydb.core.internal.scanner.classpath.ClassPathScanner -- Found resource: db/migration/V1__Create_tables.sql
21:50:04.006 [pool-1-thread-1] DEBUG org.flywaydb.core.internal.scanner.classpath.ClassPathScanner -- Found resource: db/migration/V2__Server_discovery.sql
21:50:04.006 [pool-1-thread-1] DEBUG org.flywaydb.core.internal.scanner.classpath.ClassPathScanner -- Found resource: db/migration/V3__Jar_symbols.sql
21:50:04.006 [pool-1-thread-1] DEBUG org.flywaydb.core.internal.scanner.classpath.ClassPathScanner -- Found resource: db/migration/V4__Fingerprints.sql
21:50:04.006 [pool-1-thread-1] DEBUG org.flywaydb.core.internal.scanner.classpath.ClassPathScanner -- Scanning for classes at classpath:db/migration
21:50:04.008 [pool-1-thread-1] DEBUG org.flywaydb.core.internal.scanner.Scanner -- Filtering out resource: db/migration/ (filename: )
21:50:04.008 [pool-1-thread-1] DEBUG org.flywaydb.core.internal.resource.ResourceNameValidator -- Validating V2__Server_discovery.sql
21:50:04.009 [pool-1-thread-1] DEBUG org.flywaydb.core.internal.resource.ResourceNameValidator -- Validating V3__Jar_symbols.sql
21:50:04.009 [pool-1-thread-1] DEBUG org.flywaydb.core.internal.resource.ResourceNameValidator -- Validating V1__Create_tables.sql
21:50:04.009 [pool-1-thread-1] DEBUG org.flywaydb.core.internal.resource.ResourceNameValidator -- Validating V4__Fingerprints.sql
21:50:04.033 [pool-1-thread-1] INFO org.flywaydb.core.FlywayExecutor -- Database: jdbc:h2:file:/home/ysyx/Project/chisel_gen/.metals/metals (H2 2.2)
21:50:04.034 [pool-1-thread-1] DEBUG org.flywaydb.core.FlywayExecutor -- Driver: H2 JDBC Driver 2.2.224 (2023-09-17)
21:50:04.034 [pool-1-thread-1] DEBUG org.flywaydb.core.FlywayExecutor -- DDL Transactions Supported: false
21:50:04.034 [pool-1-thread-1] DEBUG org.flywaydb.core.internal.schemahistory.SchemaHistoryFactory -- Schemas: 
21:50:04.034 [pool-1-thread-1] DEBUG org.flywaydb.core.internal.schemahistory.SchemaHistoryFactory -- Default schema: null
21:50:04.040 [pool-1-thread-1] WARN org.flywaydb.core.internal.database.base.Database -- Flyway upgrade recommended: H2 2.2.224 is newer than this version of Flyway and support has not been tested. The latest supported version of H2 is 2.2.220.
21:50:04.041 [pool-1-thread-1] DEBUG org.flywaydb.core.internal.callback.SqlScriptCallbackFactory -- Scanning for SQL callbacks ...
21:50:04.041 [pool-1-thread-1] DEBUG org.flywaydb.core.internal.scanner.Scanner -- Filtering out resource: db/migration/ (filename: )
21:50:04.045 [pool-1-thread-1] DEBUG org.flywaydb.core.internal.command.DbValidate -- Validating migrations ...
21:50:04.048 [pool-1-thread-1] DEBUG org.flywaydb.core.internal.scanner.Scanner -- Filtering out resource: db/migration/ (filename: )
21:50:04.053 [pool-1-thread-1] DEBUG org.flywaydb.core.internal.scanner.Scanner -- Filtering out resource: db/migration/V2__Server_discovery.sql (filename: V2__Server_discovery.sql)
21:50:04.053 [pool-1-thread-1] DEBUG org.flywaydb.core.internal.scanner.Scanner -- Filtering out resource: db/migration/V3__Jar_symbols.sql (filename: V3__Jar_symbols.sql)
21:50:04.053 [pool-1-thread-1] DEBUG org.flywaydb.core.internal.scanner.Scanner -- Filtering out resource: db/migration/V1__Create_tables.sql (filename: V1__Create_tables.sql)
21:50:04.053 [pool-1-thread-1] DEBUG org.flywaydb.core.internal.scanner.Scanner -- Filtering out resource: db/migration/V4__Fingerprints.sql (filename: V4__Fingerprints.sql)
21:50:04.053 [pool-1-thread-1] DEBUG org.flywaydb.core.internal.scanner.Scanner -- Filtering out resource: db/migration/ (filename: )
21:50:04.054 [pool-1-thread-1] DEBUG org.flywaydb.core.internal.scanner.Scanner -- Filtering out resource: db/migration/V2__Server_discovery.sql (filename: V2__Server_discovery.sql)
21:50:04.054 [pool-1-thread-1] DEBUG org.flywaydb.core.internal.scanner.Scanner -- Filtering out resource: db/migration/V3__Jar_symbols.sql (filename: V3__Jar_symbols.sql)
21:50:04.054 [pool-1-thread-1] DEBUG org.flywaydb.core.internal.scanner.Scanner -- Filtering out resource: db/migration/V1__Create_tables.sql (filename: V1__Create_tables.sql)
21:50:04.055 [pool-1-thread-1] DEBUG org.flywaydb.core.internal.scanner.Scanner -- Filtering out resource: db/migration/V4__Fingerprints.sql (filename: V4__Fingerprints.sql)
21:50:04.055 [pool-1-thread-1] DEBUG org.flywaydb.core.internal.scanner.Scanner -- Filtering out resource: db/migration/ (filename: )
21:50:04.067 [pool-1-thread-1] INFO org.flywaydb.core.internal.command.DbValidate -- Successfully validated 4 migrations (execution time 00:00.020s)
21:50:04.069 [pool-1-thread-1] DEBUG org.flywaydb.core.internal.command.DbSchemas -- Skipping creation of existing schema: "PUBLIC"
21:50:04.083 [pool-1-thread-1] INFO org.flywaydb.core.internal.command.DbMigrate -- Current version of schema "PUBLIC": 4
21:50:04.087 [pool-1-thread-1] INFO org.flywaydb.core.internal.command.DbMigrate -- Schema "PUBLIC" is up to date. No migration necessary.
21:50:04.096 [pool-1-thread-1] DEBUG org.flywaydb.core.FlywayExecutor -- Memory usage: 69 of 178M
2024.02.19 21:50:04 INFO  Attempting to connect to the build server...
2024.02.19 21:50:04 INFO  skipping build import with status 'Started'
2024.02.19 21:50:04 INFO  Bloop uses /opt/jdk/jdk1.8.0_181 defined at /home/ysyx/.bloop/bloop.json
2024.02.19 21:50:04 INFO  tracing is disabled for protocol BSP, to enable tracing of incoming and outgoing JSON messages create an empty file at /home/ysyx/Project/chisel_gen/.metals/bsp.trace.json or /home/ysyx/.cache/metals/bsp.trace.json
2024.02.19 21:50:04 INFO  Attempting to connect to the build server...
2024.02.19 21:50:04 INFO  Bloop uses /opt/jdk/jdk1.8.0_181 defined at /home/ysyx/.bloop/bloop.json
2024.02.19 21:50:04 INFO  tracing is disabled for protocol BSP, to enable tracing of incoming and outgoing JSON messages create an empty file at /home/ysyx/Project/chisel_gen/project/.metals/bsp.trace.json or /home/ysyx/.cache/metals/bsp.trace.json
2024.02.19 21:50:04 INFO  time: Connected to build server in 0.34s
2024.02.19 21:50:04 INFO  Connected to Build server: Bloop v1.5.15
2024.02.19 21:50:06 INFO  no build target found for /home/ysyx/Project/chisel_gen/src/main/scala/core.scala. Using presentation compiler with project's scala-library version: 3.3.1
Feb 19, 2024 9:51:36 PM org.eclipse.lsp4j.jsonrpc.RemoteEndpoint handleCancellation
WARNING: Unmatched cancel notification for request id 129
Feb 19, 2024 9:51:36 PM org.eclipse.lsp4j.jsonrpc.RemoteEndpoint handleCancellation
WARNING: Unmatched cancel notification for request id 130
Feb 19, 2024 9:51:36 PM org.eclipse.lsp4j.jsonrpc.RemoteEndpoint handleCancellation
WARNING: Unmatched cancel notification for request id 136
Feb 19, 2024 9:51:36 PM org.eclipse.lsp4j.jsonrpc.services.GenericEndpoint notify
INFO: Unsupported notification method: $/setTrace
2024.02.19 21:51:36 INFO  Shutting down server
2024.02.19 21:51:36 INFO  shutting down Metals
2024.02.19 21:51:36 INFO  Shut down connection with build server.
21:51:36.530 [pool-1-thread-2] DEBUG org.flywaydb.core.internal.scanner.classpath.ClassPathScanner -- Scanning for classpath resources at 'classpath:db/callback' ...
2024.02.19 21:51:36 INFO  Shut down connection with build server.
21:51:36.531 [pool-1-thread-2] DEBUG org.flywaydb.core.internal.scanner.classpath.ClassPathScanner -- Determining location urls for classpath:db/callback using ClassLoader sun.misc.Launcher$AppClassLoader@5c647e05 ...
Feb 19, 2024 9:51:36 PM org.eclipse.lsp4j.jsonrpc.RemoteEndpoint notify
INFO: Failed to send notification message.
org.eclipse.lsp4j.jsonrpc.JsonRpcException: java.nio.channels.ClosedChannelException
	at org.eclipse.lsp4j.jsonrpc.json.StreamMessageConsumer.consume(StreamMessageConsumer.java:72)
	at scala.meta.internal.metals.RequestMonitorImpl$$anon$1.consume(ServerLivenessMonitor.scala:41)
	at org.eclipse.lsp4j.jsonrpc.RemoteEndpoint.notify(RemoteEndpoint.java:126)
	at org.eclipse.lsp4j.jsonrpc.RemoteEndpoint.sendCancelNotification(RemoteEndpoint.java:180)
	at org.eclipse.lsp4j.jsonrpc.RemoteEndpoint$1.cancel(RemoteEndpoint.java:150)
	at scala.meta.internal.metals.utils.FutureWithTimeout$$anon$1.$anonfun$cancel$1(FutureWithTimeout.scala:37)
	at scala.runtime.java8.JFunction0$mcZ$sp.apply(JFunction0$mcZ$sp.scala:17)
	at scala.util.Try$.apply(Try.scala:210)
	at scala.meta.internal.metals.utils.FutureWithTimeout$$anon$1.cancel(FutureWithTimeout.scala:37)
	at scala.meta.internal.metals.Cancelable$.$anonfun$cancelAll$1(Cancelable.scala:29)
	at scala.collection.immutable.List.foreach(List.scala:333)
	at scala.meta.internal.metals.Cancelable$.cancelAll(Cancelable.scala:28)
	at scala.meta.internal.metals.MutableCancelable.cancel(MutableCancelable.scala:25)
	at scala.meta.internal.metals.utils.RequestRegistry.cancel(RequestRegistry.scala:94)
	at scala.meta.internal.metals.BuildServerConnection.cancel(BuildServerConnection.scala:396)
	at scala.meta.internal.metals.BuildServerConnection.$anonfun$shutdown$1(BuildServerConnection.scala:171)
	at scala.meta.internal.metals.BuildServerConnection.$anonfun$shutdown$1$adapted(BuildServerConnection.scala:163)
	at scala.concurrent.impl.Promise$Transformation.run(Promise.scala:467)
	at java.util.concurrent.ThreadPoolExecutor.runWorker(ThreadPoolExecutor.java:1149)
	at java.util.concurrent.ThreadPoolExecutor$Worker.run(ThreadPoolExecutor.java:624)
	at java.lang.Thread.run(Thread.java:748)
Caused by: java.nio.channels.ClosedChannelException
	at sun.nio.ch.SinkChannelImpl.ensureOpen(SinkChannelImpl.java:154)
	at sun.nio.ch.SinkChannelImpl.write(SinkChannelImpl.java:158)
	at java.nio.channels.Channels.writeFullyImpl(Channels.java:78)
	at java.nio.channels.Channels.writeFully(Channels.java:98)
	at java.nio.channels.Channels.access$000(Channels.java:61)
	at java.nio.channels.Channels$1.write(Channels.java:174)
	at java.io.OutputStream.write(OutputStream.java:75)
	at java.nio.channels.Channels$1.write(Channels.java:155)
	at scala.meta.internal.metals.ClosableOutputStream.write(ClosableOutputStream.scala:26)
	at java.io.FilterOutputStream.write(FilterOutputStream.java:125)
	at java.io.FilterOutputStream.write(FilterOutputStream.java:97)
	at org.eclipse.lsp4j.jsonrpc.json.StreamMessageConsumer.consume(StreamMessageConsumer.java:67)
	... 20 more

2024.02.19 21:51:36 INFO  Cancelling compilation on Bloop server
2024.02.19 21:51:36 WARN  resetting database: /home/ysyx/Project/chisel_gen/.metals/metals.h2.db
2024.02.19 21:51:40 INFO  time: indexed workspace in 1m34s
2024.02.19 21:51:40 WARN  Bloop is running with 1.8.0_181 but your code requires 1.8.0_181 to compile, this might cause some compilation issues when using JDK API unsupported by the Bloop's current JVM version
2024.02.19 21:51:40 INFO  compiling chisel_gen (1 scala source)
2024.02.19 21:51:45 INFO  time: compiled chisel_gen in 4.76s
2024.02.19 21:51:45 WARN  Bloop is running with 1.8.0_181 but your code requires 1.8.0_181 to compile, this might cause some compilation issues when using JDK API unsupported by the Bloop's current JVM version
2024.02.20 00:14:11 INFO  Shutting down server
2024.02.20 00:14:11 INFO  shutting down Metals
2024.02.20 00:14:11 INFO  Shut down connection with build server.
2024.02.20 00:14:11 INFO  Shut down connection with build server.
2024.02.20 00:14:11 INFO  Exiting server
2024.02.20 18:30:58 INFO  Started: Metals version 1.2.2 in folders '/home/ysyx/Project/chisel_gen' for client Visual Studio Code 1.81.1.
18:30:59.020 [pool-1-thread-1] INFO org.flywaydb.core.internal.license.VersionPrinter -- Flyway Community Edition 9.22.3 by Redgate
18:30:59.024 [pool-1-thread-1] INFO org.flywaydb.core.internal.license.VersionPrinter -- See release notes here: https://rd.gt/416ObMi
18:30:59.024 [pool-1-thread-1] INFO org.flywaydb.core.internal.license.VersionPrinter -- 
18:30:59.028 [pool-1-thread-1] DEBUG org.flywaydb.core.internal.scanner.classpath.ClassPathScanner -- Scanning for classpath resources at 'classpath:db/callback' ...
18:30:59.028 [pool-1-thread-1] DEBUG org.flywaydb.core.internal.scanner.classpath.ClassPathScanner -- Determining location urls for classpath:db/callback using ClassLoader sun.misc.Launcher$AppClassLoader@5c647e05 ...
18:30:59.029 [pool-1-thread-1] DEBUG org.flywaydb.core.internal.scanner.classpath.ClassPathScanner -- Unable to resolve location classpath:db/callback.
18:30:59.029 [pool-1-thread-1] DEBUG org.flywaydb.core.internal.scanner.classpath.ClassPathScanner -- Scanning for classpath resources at 'classpath:db/migration' ...
18:30:59.029 [pool-1-thread-1] DEBUG org.flywaydb.core.internal.scanner.classpath.ClassPathScanner -- Determining location urls for classpath:db/migration using ClassLoader sun.misc.Launcher$AppClassLoader@5c647e05 ...
18:30:59.029 [pool-1-thread-1] DEBUG org.flywaydb.core.internal.scanner.classpath.ClassPathScanner -- Scanning URL: jar:file:/home/ysyx/.cache/coursier/v1/https/repo1.maven.org/maven2/org/scalameta/metals_2.13/1.2.2/metals_2.13-1.2.2.jar!/db/migration
18:30:59.046 [pool-1-thread-1] DEBUG org.flywaydb.core.internal.scanner.classpath.ClassPathScanner -- Found resource: db/migration/
18:30:59.046 [pool-1-thread-1] DEBUG org.flywaydb.core.internal.scanner.classpath.ClassPathScanner -- Found resource: db/migration/V1__Create_tables.sql
18:30:59.047 [pool-1-thread-1] DEBUG org.flywaydb.core.internal.scanner.classpath.ClassPathScanner -- Found resource: db/migration/V2__Server_discovery.sql
18:30:59.047 [pool-1-thread-1] DEBUG org.flywaydb.core.internal.scanner.classpath.ClassPathScanner -- Found resource: db/migration/V3__Jar_symbols.sql
18:30:59.047 [pool-1-thread-1] DEBUG org.flywaydb.core.internal.scanner.classpath.ClassPathScanner -- Found resource: db/migration/V4__Fingerprints.sql
18:30:59.047 [pool-1-thread-1] DEBUG org.flywaydb.core.internal.scanner.classpath.ClassPathScanner -- Scanning for classes at classpath:db/migration
18:30:59.050 [pool-1-thread-1] DEBUG org.flywaydb.core.internal.scanner.Scanner -- Filtering out resource: db/migration/ (filename: )
18:30:59.050 [pool-1-thread-1] DEBUG org.flywaydb.core.internal.resource.ResourceNameValidator -- Validating V2__Server_discovery.sql
18:30:59.051 [pool-1-thread-1] DEBUG org.flywaydb.core.internal.resource.ResourceNameValidator -- Validating V3__Jar_symbols.sql
18:30:59.051 [pool-1-thread-1] DEBUG org.flywaydb.core.internal.resource.ResourceNameValidator -- Validating V1__Create_tables.sql
18:30:59.051 [pool-1-thread-1] DEBUG org.flywaydb.core.internal.resource.ResourceNameValidator -- Validating V4__Fingerprints.sql
18:30:59.118 [pool-1-thread-1] INFO org.flywaydb.core.FlywayExecutor -- Database: jdbc:h2:file:/home/ysyx/Project/chisel_gen/.metals/metals (H2 2.2)
18:30:59.118 [pool-1-thread-1] DEBUG org.flywaydb.core.FlywayExecutor -- Driver: H2 JDBC Driver 2.2.224 (2023-09-17)
18:30:59.118 [pool-1-thread-1] DEBUG org.flywaydb.core.FlywayExecutor -- DDL Transactions Supported: false
18:30:59.119 [pool-1-thread-1] DEBUG org.flywaydb.core.internal.schemahistory.SchemaHistoryFactory -- Schemas: 
18:30:59.119 [pool-1-thread-1] DEBUG org.flywaydb.core.internal.schemahistory.SchemaHistoryFactory -- Default schema: null
18:30:59.123 [pool-1-thread-1] WARN org.flywaydb.core.internal.database.base.Database -- Flyway upgrade recommended: H2 2.2.224 is newer than this version of Flyway and support has not been tested. The latest supported version of H2 is 2.2.220.
18:30:59.124 [pool-1-thread-1] DEBUG org.flywaydb.core.internal.callback.SqlScriptCallbackFactory -- Scanning for SQL callbacks ...
18:30:59.125 [pool-1-thread-1] DEBUG org.flywaydb.core.internal.scanner.Scanner -- Filtering out resource: db/migration/ (filename: )
18:30:59.129 [pool-1-thread-1] DEBUG org.flywaydb.core.internal.command.DbValidate -- Validating migrations ...
18:30:59.132 [pool-1-thread-1] DEBUG org.flywaydb.core.internal.scanner.Scanner -- Filtering out resource: db/migration/ (filename: )
18:30:59.137 [pool-1-thread-1] DEBUG org.flywaydb.core.internal.scanner.Scanner -- Filtering out resource: db/migration/V2__Server_discovery.sql (filename: V2__Server_discovery.sql)
18:30:59.137 [pool-1-thread-1] DEBUG org.flywaydb.core.internal.scanner.Scanner -- Filtering out resource: db/migration/V3__Jar_symbols.sql (filename: V3__Jar_symbols.sql)
18:30:59.137 [pool-1-thread-1] DEBUG org.flywaydb.core.internal.scanner.Scanner -- Filtering out resource: db/migration/V1__Create_tables.sql (filename: V1__Create_tables.sql)
18:30:59.137 [pool-1-thread-1] DEBUG org.flywaydb.core.internal.scanner.Scanner -- Filtering out resource: db/migration/V4__Fingerprints.sql (filename: V4__Fingerprints.sql)
18:30:59.137 [pool-1-thread-1] DEBUG org.flywaydb.core.internal.scanner.Scanner -- Filtering out resource: db/migration/ (filename: )
18:30:59.137 [pool-1-thread-1] DEBUG org.flywaydb.core.internal.scanner.Scanner -- Filtering out resource: db/migration/V2__Server_discovery.sql (filename: V2__Server_discovery.sql)
18:30:59.137 [pool-1-thread-1] DEBUG org.flywaydb.core.internal.scanner.Scanner -- Filtering out resource: db/migration/V3__Jar_symbols.sql (filename: V3__Jar_symbols.sql)
18:30:59.137 [pool-1-thread-1] DEBUG org.flywaydb.core.internal.scanner.Scanner -- Filtering out resource: db/migration/V1__Create_tables.sql (filename: V1__Create_tables.sql)
18:30:59.137 [pool-1-thread-1] DEBUG org.flywaydb.core.internal.scanner.Scanner -- Filtering out resource: db/migration/V4__Fingerprints.sql (filename: V4__Fingerprints.sql)
18:30:59.137 [pool-1-thread-1] DEBUG org.flywaydb.core.internal.scanner.Scanner -- Filtering out resource: db/migration/ (filename: )
18:30:59.144 [pool-1-thread-1] INFO org.flywaydb.core.internal.command.DbValidate -- Successfully validated 4 migrations (execution time 00:00.014s)
18:30:59.145 [pool-1-thread-1] DEBUG org.flywaydb.core.internal.command.DbSchemas -- Skipping creation of existing schema: "PUBLIC"
18:30:59.148 [pool-1-thread-1] INFO org.flywaydb.core.internal.command.DbMigrate -- Current version of schema "PUBLIC": 4
18:30:59.152 [pool-1-thread-1] INFO org.flywaydb.core.internal.command.DbMigrate -- Schema "PUBLIC" is up to date. No migration necessary.
18:30:59.473 [pool-1-thread-1] DEBUG org.flywaydb.core.FlywayExecutor -- Memory usage: 71 of 162M
Feb 20, 2024 6:31:00 PM org.eclipse.lsp4j.jsonrpc.services.GenericEndpoint notify
INFO: Unsupported notification method: $/setTrace
2024.02.20 18:31:00 INFO  skipping build import with status 'Installed'
2024.02.20 18:31:00 INFO  Attempting to connect to the build server...
2024.02.20 18:31:00 INFO  Bloop uses /opt/jdk/jdk1.8.0_181 defined at /home/ysyx/.bloop/bloop.json
2024.02.20 18:31:04 INFO  no build target found for /home/ysyx/Project/chisel_gen/src/main/scala/core.scala. Using presentation compiler with project's scala-library version: 3.3.1
2024.02.20 18:31:22 INFO  tracing is disabled for protocol BSP, to enable tracing of incoming and outgoing JSON messages create an empty file at /home/ysyx/Project/chisel_gen/.metals/bsp.trace.json or /home/ysyx/.cache/metals/bsp.trace.json
2024.02.20 18:31:22 INFO  Attempting to connect to the build server...
2024.02.20 18:31:22 INFO  Bloop uses /opt/jdk/jdk1.8.0_181 defined at /home/ysyx/.bloop/bloop.json
2024.02.20 18:31:22 INFO  tracing is disabled for protocol BSP, to enable tracing of incoming and outgoing JSON messages create an empty file at /home/ysyx/Project/chisel_gen/project/.metals/bsp.trace.json or /home/ysyx/.cache/metals/bsp.trace.json
2024.02.20 18:31:22 INFO  time: Connected to build server in 22s
2024.02.20 18:31:22 INFO  Connected to Build server: Bloop v1.5.15
2024.02.20 18:31:23 INFO  time: Imported build in 0.2s
2024.02.20 18:31:24 INFO  time: indexed workspace in 1.25s
2024.02.20 18:31:28 WARN  Bloop is running with 1.8.0_181 but your code requires 1.8.0_181 to compile, this might cause some compilation issues when using JDK API unsupported by the Bloop's current JVM version
2024.02.20 18:31:28 WARN  Bloop is running with 1.8.0_181 but your code requires 1.8.0_181 to compile, this might cause some compilation issues when using JDK API unsupported by the Bloop's current JVM version
Feb 20, 2024 6:47:36 PM org.eclipse.lsp4j.jsonrpc.services.GenericEndpoint notify
INFO: Unsupported notification method: $/setTrace
2024.02.20 21:57:40 INFO  Shutting down server
2024.02.20 21:57:40 INFO  shutting down Metals
2024.02.20 21:57:41 INFO  Shut down connection with build server.
2024.02.20 21:57:41 INFO  Shut down connection with build server.
2024.02.22 21:10:42 INFO  Started: Metals version 1.2.2 in folders '/home/ysyx/Project/chisel_gen' for client Visual Studio Code 1.81.1.
21:10:42.841 [pool-1-thread-1] INFO org.flywaydb.core.internal.license.VersionPrinter -- Flyway Community Edition 9.22.3 by Redgate
21:10:42.844 [pool-1-thread-1] INFO org.flywaydb.core.internal.license.VersionPrinter -- See release notes here: https://rd.gt/416ObMi
21:10:42.844 [pool-1-thread-1] INFO org.flywaydb.core.internal.license.VersionPrinter -- 
21:10:42.845 [pool-1-thread-1] DEBUG org.flywaydb.core.internal.scanner.classpath.ClassPathScanner -- Scanning for classpath resources at 'classpath:db/callback' ...
21:10:42.845 [pool-1-thread-1] DEBUG org.flywaydb.core.internal.scanner.classpath.ClassPathScanner -- Determining location urls for classpath:db/callback using ClassLoader sun.misc.Launcher$AppClassLoader@5c647e05 ...
21:10:42.845 [pool-1-thread-1] DEBUG org.flywaydb.core.internal.scanner.classpath.ClassPathScanner -- Unable to resolve location classpath:db/callback.
21:10:42.845 [pool-1-thread-1] DEBUG org.flywaydb.core.internal.scanner.classpath.ClassPathScanner -- Scanning for classpath resources at 'classpath:db/migration' ...
21:10:42.845 [pool-1-thread-1] DEBUG org.flywaydb.core.internal.scanner.classpath.ClassPathScanner -- Determining location urls for classpath:db/migration using ClassLoader sun.misc.Launcher$AppClassLoader@5c647e05 ...
21:10:42.846 [pool-1-thread-1] DEBUG org.flywaydb.core.internal.scanner.classpath.ClassPathScanner -- Scanning URL: jar:file:/home/ysyx/.cache/coursier/v1/https/repo1.maven.org/maven2/org/scalameta/metals_2.13/1.2.2/metals_2.13-1.2.2.jar!/db/migration
21:10:42.847 [pool-1-thread-1] DEBUG org.flywaydb.core.internal.scanner.classpath.ClassPathScanner -- Found resource: db/migration/
21:10:42.847 [pool-1-thread-1] DEBUG org.flywaydb.core.internal.scanner.classpath.ClassPathScanner -- Found resource: db/migration/V1__Create_tables.sql
21:10:42.847 [pool-1-thread-1] DEBUG org.flywaydb.core.internal.scanner.classpath.ClassPathScanner -- Found resource: db/migration/V2__Server_discovery.sql
21:10:42.847 [pool-1-thread-1] DEBUG org.flywaydb.core.internal.scanner.classpath.ClassPathScanner -- Found resource: db/migration/V3__Jar_symbols.sql
21:10:42.848 [pool-1-thread-1] DEBUG org.flywaydb.core.internal.scanner.classpath.ClassPathScanner -- Found resource: db/migration/V4__Fingerprints.sql
21:10:42.848 [pool-1-thread-1] DEBUG org.flywaydb.core.internal.scanner.classpath.ClassPathScanner -- Scanning for classes at classpath:db/migration
21:10:42.849 [pool-1-thread-1] DEBUG org.flywaydb.core.internal.scanner.Scanner -- Filtering out resource: db/migration/ (filename: )
21:10:42.849 [pool-1-thread-1] DEBUG org.flywaydb.core.internal.resource.ResourceNameValidator -- Validating V2__Server_discovery.sql
21:10:42.850 [pool-1-thread-1] DEBUG org.flywaydb.core.internal.resource.ResourceNameValidator -- Validating V3__Jar_symbols.sql
21:10:42.850 [pool-1-thread-1] DEBUG org.flywaydb.core.internal.resource.ResourceNameValidator -- Validating V1__Create_tables.sql
21:10:42.850 [pool-1-thread-1] DEBUG org.flywaydb.core.internal.resource.ResourceNameValidator -- Validating V4__Fingerprints.sql
21:10:42.910 [pool-1-thread-1] INFO org.flywaydb.core.FlywayExecutor -- Database: jdbc:h2:file:/home/ysyx/Project/chisel_gen/.metals/metals (H2 2.2)
21:10:42.910 [pool-1-thread-1] DEBUG org.flywaydb.core.FlywayExecutor -- Driver: H2 JDBC Driver 2.2.224 (2023-09-17)
21:10:42.910 [pool-1-thread-1] DEBUG org.flywaydb.core.FlywayExecutor -- DDL Transactions Supported: false
21:10:42.911 [pool-1-thread-1] DEBUG org.flywaydb.core.internal.schemahistory.SchemaHistoryFactory -- Schemas: 
21:10:42.911 [pool-1-thread-1] DEBUG org.flywaydb.core.internal.schemahistory.SchemaHistoryFactory -- Default schema: null
21:10:42.913 [pool-1-thread-1] WARN org.flywaydb.core.internal.database.base.Database -- Flyway upgrade recommended: H2 2.2.224 is newer than this version of Flyway and support has not been tested. The latest supported version of H2 is 2.2.220.
21:10:42.914 [pool-1-thread-1] DEBUG org.flywaydb.core.internal.callback.SqlScriptCallbackFactory -- Scanning for SQL callbacks ...
21:10:42.914 [pool-1-thread-1] DEBUG org.flywaydb.core.internal.scanner.Scanner -- Filtering out resource: db/migration/ (filename: )
21:10:42.919 [pool-1-thread-1] DEBUG org.flywaydb.core.internal.command.DbValidate -- Validating migrations ...
21:10:42.921 [pool-1-thread-1] DEBUG org.flywaydb.core.internal.scanner.Scanner -- Filtering out resource: db/migration/ (filename: )
21:10:42.924 [pool-1-thread-1] DEBUG org.flywaydb.core.internal.scanner.Scanner -- Filtering out resource: db/migration/V2__Server_discovery.sql (filename: V2__Server_discovery.sql)
21:10:42.925 [pool-1-thread-1] DEBUG org.flywaydb.core.internal.scanner.Scanner -- Filtering out resource: db/migration/V3__Jar_symbols.sql (filename: V3__Jar_symbols.sql)
21:10:42.925 [pool-1-thread-1] DEBUG org.flywaydb.core.internal.scanner.Scanner -- Filtering out resource: db/migration/V1__Create_tables.sql (filename: V1__Create_tables.sql)
21:10:42.925 [pool-1-thread-1] DEBUG org.flywaydb.core.internal.scanner.Scanner -- Filtering out resource: db/migration/V4__Fingerprints.sql (filename: V4__Fingerprints.sql)
21:10:42.925 [pool-1-thread-1] DEBUG org.flywaydb.core.internal.scanner.Scanner -- Filtering out resource: db/migration/ (filename: )
21:10:42.925 [pool-1-thread-1] DEBUG org.flywaydb.core.internal.scanner.Scanner -- Filtering out resource: db/migration/V2__Server_discovery.sql (filename: V2__Server_discovery.sql)
21:10:42.925 [pool-1-thread-1] DEBUG org.flywaydb.core.internal.scanner.Scanner -- Filtering out resource: db/migration/V3__Jar_symbols.sql (filename: V3__Jar_symbols.sql)
21:10:42.925 [pool-1-thread-1] DEBUG org.flywaydb.core.internal.scanner.Scanner -- Filtering out resource: db/migration/V1__Create_tables.sql (filename: V1__Create_tables.sql)
21:10:42.925 [pool-1-thread-1] DEBUG org.flywaydb.core.internal.scanner.Scanner -- Filtering out resource: db/migration/V4__Fingerprints.sql (filename: V4__Fingerprints.sql)
21:10:42.925 [pool-1-thread-1] DEBUG org.flywaydb.core.internal.scanner.Scanner -- Filtering out resource: db/migration/ (filename: )
21:10:42.932 [pool-1-thread-1] INFO org.flywaydb.core.internal.command.DbValidate -- Successfully validated 4 migrations (execution time 00:00.012s)
21:10:42.933 [pool-1-thread-1] DEBUG org.flywaydb.core.internal.command.DbSchemas -- Skipping creation of existing schema: "PUBLIC"
21:10:42.936 [pool-1-thread-1] INFO org.flywaydb.core.internal.command.DbMigrate -- Current version of schema "PUBLIC": 4
21:10:42.938 [pool-1-thread-1] INFO org.flywaydb.core.internal.command.DbMigrate -- Schema "PUBLIC" is up to date. No migration necessary.
21:10:43.239 [pool-1-thread-1] DEBUG org.flywaydb.core.FlywayExecutor -- Memory usage: 105 of 195M
2024.02.22 21:10:43 INFO  Attempting to connect to the build server...
2024.02.22 21:10:43 INFO  skipping build import with status 'Installed'
2024.02.22 21:10:43 INFO  Bloop uses /opt/jdk/jdk1.8.0_181 defined at /home/ysyx/.bloop/bloop.json
2024.02.22 21:10:46 INFO  no build target found for /home/ysyx/Project/chisel_gen/src/main/scala/core.scala. Using presentation compiler with project's scala-library version: 3.3.1
2024.02.22 21:11:06 INFO  tracing is disabled for protocol BSP, to enable tracing of incoming and outgoing JSON messages create an empty file at /home/ysyx/Project/chisel_gen/.metals/bsp.trace.json or /home/ysyx/.cache/metals/bsp.trace.json
2024.02.22 21:11:18 WARN  Stopped configuration of Scala SemanticDB in 2.12.13 projects: Error downloading org.scalameta:semanticdb-scalac_2.12.13:4.8.15
  not found: /home/ysyx/.ivy2/local/org.scalameta/semanticdb-scalac_2.12.13/4.8.15/ivys/ivy.xml
  not found: https://repo1.maven.org/maven2/org/scalameta/semanticdb-scalac_2.12.13/4.8.15/semanticdb-scalac_2.12.13-4.8.15.pom
After retry no existing semanticdb version found for scala version 2.12.13
2024.02.22 21:11:18 INFO  Attempting to connect to the build server...
2024.02.22 21:11:18 INFO  Bloop uses /opt/jdk/jdk1.8.0_181 defined at /home/ysyx/.bloop/bloop.json
2024.02.22 21:11:18 INFO  tracing is disabled for protocol BSP, to enable tracing of incoming and outgoing JSON messages create an empty file at /home/ysyx/Project/chisel_gen/project/.metals/bsp.trace.json or /home/ysyx/.cache/metals/bsp.trace.json
2024.02.22 21:11:18 INFO  time: Connected to build server in 34s
2024.02.22 21:11:18 INFO  Connected to Build server: Bloop v1.5.15
2024.02.22 21:11:18 INFO  time: Imported build in 0.19s
2024.02.22 21:11:19 INFO  time: indexed workspace in 1.12s
2024.02.22 21:11:20 WARN  Bloop is running with 1.8.0_181 but your code requires 1.8.0_181 to compile, this might cause some compilation issues when using JDK API unsupported by the Bloop's current JVM version
2024.02.22 21:11:20 INFO  compiling chisel_gen (17 scala sources)
2024.02.22 21:11:33 INFO  time: compiled chisel_gen in 11s
2024.02.22 21:11:33 WARN  Bloop is running with 1.8.0_181 but your code requires 1.8.0_181 to compile, this might cause some compilation issues when using JDK API unsupported by the Bloop's current JVM version
2024.02.22 21:11:33 WARN  Bloop is running with 1.8.0_181 but your code requires 1.8.0_181 to compile, this might cause some compilation issues when using JDK API unsupported by the Bloop's current JVM version
2024.02.22 21:43:42 WARN  Bloop is running with 1.8.0_181 but your code requires 1.8.0_181 to compile, this might cause some compilation issues when using JDK API unsupported by the Bloop's current JVM version
2024.02.22 21:43:42 INFO  compiling chisel_gen (1 scala source)
2024.02.22 21:43:42 INFO  time: compiled chisel_gen in 0.64s
2024.02.22 21:47:13 WARN  Bloop is running with 1.8.0_181 but your code requires 1.8.0_181 to compile, this might cause some compilation issues when using JDK API unsupported by the Bloop's current JVM version
2024.02.22 21:47:13 INFO  compiling chisel_gen (1 scala source)
2024.02.22 21:47:13 INFO  time: compiled chisel_gen in 0.71s
2024.02.22 21:48:31 WARN  Bloop is running with 1.8.0_181 but your code requires 1.8.0_181 to compile, this might cause some compilation issues when using JDK API unsupported by the Bloop's current JVM version
2024.02.22 21:48:31 INFO  compiling chisel_gen (1 scala source)
2024.02.22 21:48:31 INFO  time: compiled chisel_gen in 0.93s
2024.02.22 21:53:58 WARN  Bloop is running with 1.8.0_181 but your code requires 1.8.0_181 to compile, this might cause some compilation issues when using JDK API unsupported by the Bloop's current JVM version
2024.02.22 21:53:58 INFO  compiling chisel_gen (1 scala source)
2024.02.22 21:53:58 INFO  time: compiled chisel_gen in 0.49s
2024.02.22 21:55:04 WARN  Bloop is running with 1.8.0_181 but your code requires 1.8.0_181 to compile, this might cause some compilation issues when using JDK API unsupported by the Bloop's current JVM version
2024.02.22 21:55:04 INFO  compiling chisel_gen (1 scala source)
2024.02.22 21:55:04 INFO  time: compiled chisel_gen in 0.47s
Feb 22, 2024 10:00:21 PM org.eclipse.lsp4j.jsonrpc.RemoteEndpoint handleCancellation
WARNING: Unmatched cancel notification for request id 284
2024.02.22 22:00:44 INFO  Shutting down server
2024.02.22 22:00:44 INFO  shutting down Metals
2024.02.22 22:00:44 INFO  Shut down connection with build server.
2024.02.22 22:00:44 INFO  Shut down connection with build server.
2024.02.22 22:00:44 INFO  Exiting server
2024.02.22 22:00:51 INFO  Started: Metals version 1.2.2 in folders '/home/ysyx/Project/chisel_gen' for client Visual Studio Code 1.81.1.
22:00:52.117 [pool-1-thread-1] INFO org.flywaydb.core.internal.license.VersionPrinter -- Flyway Community Edition 9.22.3 by Redgate
22:00:52.119 [pool-1-thread-1] INFO org.flywaydb.core.internal.license.VersionPrinter -- See release notes here: https://rd.gt/416ObMi
22:00:52.119 [pool-1-thread-1] INFO org.flywaydb.core.internal.license.VersionPrinter -- 
22:00:52.122 [pool-1-thread-1] DEBUG org.flywaydb.core.internal.scanner.classpath.ClassPathScanner -- Scanning for classpath resources at 'classpath:db/callback' ...
22:00:52.122 [pool-1-thread-1] DEBUG org.flywaydb.core.internal.scanner.classpath.ClassPathScanner -- Determining location urls for classpath:db/callback using ClassLoader sun.misc.Launcher$AppClassLoader@5c647e05 ...
22:00:52.122 [pool-1-thread-1] DEBUG org.flywaydb.core.internal.scanner.classpath.ClassPathScanner -- Unable to resolve location classpath:db/callback.
22:00:52.122 [pool-1-thread-1] DEBUG org.flywaydb.core.internal.scanner.classpath.ClassPathScanner -- Scanning for classpath resources at 'classpath:db/migration' ...
22:00:52.122 [pool-1-thread-1] DEBUG org.flywaydb.core.internal.scanner.classpath.ClassPathScanner -- Determining location urls for classpath:db/migration using ClassLoader sun.misc.Launcher$AppClassLoader@5c647e05 ...
22:00:52.122 [pool-1-thread-1] DEBUG org.flywaydb.core.internal.scanner.classpath.ClassPathScanner -- Scanning URL: jar:file:/home/ysyx/.cache/coursier/v1/https/repo1.maven.org/maven2/org/scalameta/metals_2.13/1.2.2/metals_2.13-1.2.2.jar!/db/migration
22:00:52.123 [pool-1-thread-1] DEBUG org.flywaydb.core.internal.scanner.classpath.ClassPathScanner -- Found resource: db/migration/
22:00:52.124 [pool-1-thread-1] DEBUG org.flywaydb.core.internal.scanner.classpath.ClassPathScanner -- Found resource: db/migration/V1__Create_tables.sql
22:00:52.124 [pool-1-thread-1] DEBUG org.flywaydb.core.internal.scanner.classpath.ClassPathScanner -- Found resource: db/migration/V2__Server_discovery.sql
22:00:52.124 [pool-1-thread-1] DEBUG org.flywaydb.core.internal.scanner.classpath.ClassPathScanner -- Found resource: db/migration/V3__Jar_symbols.sql
22:00:52.124 [pool-1-thread-1] DEBUG org.flywaydb.core.internal.scanner.classpath.ClassPathScanner -- Found resource: db/migration/V4__Fingerprints.sql
22:00:52.124 [pool-1-thread-1] DEBUG org.flywaydb.core.internal.scanner.classpath.ClassPathScanner -- Scanning for classes at classpath:db/migration
22:00:52.125 [pool-1-thread-1] DEBUG org.flywaydb.core.internal.scanner.Scanner -- Filtering out resource: db/migration/ (filename: )
22:00:52.125 [pool-1-thread-1] DEBUG org.flywaydb.core.internal.resource.ResourceNameValidator -- Validating V2__Server_discovery.sql
22:00:52.126 [pool-1-thread-1] DEBUG org.flywaydb.core.internal.resource.ResourceNameValidator -- Validating V3__Jar_symbols.sql
22:00:52.126 [pool-1-thread-1] DEBUG org.flywaydb.core.internal.resource.ResourceNameValidator -- Validating V1__Create_tables.sql
22:00:52.126 [pool-1-thread-1] DEBUG org.flywaydb.core.internal.resource.ResourceNameValidator -- Validating V4__Fingerprints.sql
22:00:52.189 [pool-1-thread-1] INFO org.flywaydb.core.FlywayExecutor -- Database: jdbc:h2:file:/home/ysyx/Project/chisel_gen/.metals/metals (H2 2.2)
22:00:52.189 [pool-1-thread-1] DEBUG org.flywaydb.core.FlywayExecutor -- Driver: H2 JDBC Driver 2.2.224 (2023-09-17)
22:00:52.189 [pool-1-thread-1] DEBUG org.flywaydb.core.FlywayExecutor -- DDL Transactions Supported: false
22:00:52.190 [pool-1-thread-1] DEBUG org.flywaydb.core.internal.schemahistory.SchemaHistoryFactory -- Schemas: 
22:00:52.190 [pool-1-thread-1] DEBUG org.flywaydb.core.internal.schemahistory.SchemaHistoryFactory -- Default schema: null
22:00:52.193 [pool-1-thread-1] WARN org.flywaydb.core.internal.database.base.Database -- Flyway upgrade recommended: H2 2.2.224 is newer than this version of Flyway and support has not been tested. The latest supported version of H2 is 2.2.220.
22:00:52.193 [pool-1-thread-1] DEBUG org.flywaydb.core.internal.callback.SqlScriptCallbackFactory -- Scanning for SQL callbacks ...
22:00:52.193 [pool-1-thread-1] DEBUG org.flywaydb.core.internal.scanner.Scanner -- Filtering out resource: db/migration/ (filename: )
22:00:52.198 [pool-1-thread-1] DEBUG org.flywaydb.core.internal.command.DbValidate -- Validating migrations ...
22:00:52.201 [pool-1-thread-1] DEBUG org.flywaydb.core.internal.scanner.Scanner -- Filtering out resource: db/migration/ (filename: )
22:00:52.206 [pool-1-thread-1] DEBUG org.flywaydb.core.internal.scanner.Scanner -- Filtering out resource: db/migration/V2__Server_discovery.sql (filename: V2__Server_discovery.sql)
22:00:52.206 [pool-1-thread-1] DEBUG org.flywaydb.core.internal.scanner.Scanner -- Filtering out resource: db/migration/V3__Jar_symbols.sql (filename: V3__Jar_symbols.sql)
22:00:52.206 [pool-1-thread-1] DEBUG org.flywaydb.core.internal.scanner.Scanner -- Filtering out resource: db/migration/V1__Create_tables.sql (filename: V1__Create_tables.sql)
22:00:52.206 [pool-1-thread-1] DEBUG org.flywaydb.core.internal.scanner.Scanner -- Filtering out resource: db/migration/V4__Fingerprints.sql (filename: V4__Fingerprints.sql)
22:00:52.206 [pool-1-thread-1] DEBUG org.flywaydb.core.internal.scanner.Scanner -- Filtering out resource: db/migration/ (filename: )
22:00:52.206 [pool-1-thread-1] DEBUG org.flywaydb.core.internal.scanner.Scanner -- Filtering out resource: db/migration/V2__Server_discovery.sql (filename: V2__Server_discovery.sql)
22:00:52.206 [pool-1-thread-1] DEBUG org.flywaydb.core.internal.scanner.Scanner -- Filtering out resource: db/migration/V3__Jar_symbols.sql (filename: V3__Jar_symbols.sql)
22:00:52.206 [pool-1-thread-1] DEBUG org.flywaydb.core.internal.scanner.Scanner -- Filtering out resource: db/migration/V1__Create_tables.sql (filename: V1__Create_tables.sql)
22:00:52.207 [pool-1-thread-1] DEBUG org.flywaydb.core.internal.scanner.Scanner -- Filtering out resource: db/migration/V4__Fingerprints.sql (filename: V4__Fingerprints.sql)
22:00:52.207 [pool-1-thread-1] DEBUG org.flywaydb.core.internal.scanner.Scanner -- Filtering out resource: db/migration/ (filename: )
22:00:52.214 [pool-1-thread-1] INFO org.flywaydb.core.internal.command.DbValidate -- Successfully validated 4 migrations (execution time 00:00.015s)
22:00:52.215 [pool-1-thread-1] DEBUG org.flywaydb.core.internal.command.DbSchemas -- Skipping creation of existing schema: "PUBLIC"
22:00:52.218 [pool-1-thread-1] INFO org.flywaydb.core.internal.command.DbMigrate -- Current version of schema "PUBLIC": 4
22:00:52.220 [pool-1-thread-1] INFO org.flywaydb.core.internal.command.DbMigrate -- Schema "PUBLIC" is up to date. No migration necessary.
22:00:52.470 [pool-1-thread-1] DEBUG org.flywaydb.core.FlywayExecutor -- Memory usage: 83 of 201M
2024.02.22 22:00:53 INFO  skipping build import with status 'Installed'
2024.02.22 22:00:53 INFO  Attempting to connect to the build server...
2024.02.22 22:00:53 INFO  Bloop uses /opt/jdk/jdk1.8.0_181 defined at /home/ysyx/.bloop/bloop.json
2024.02.22 22:00:53 INFO  tracing is disabled for protocol BSP, to enable tracing of incoming and outgoing JSON messages create an empty file at /home/ysyx/Project/chisel_gen/.metals/bsp.trace.json or /home/ysyx/.cache/metals/bsp.trace.json
2024.02.22 22:00:54 INFO  no build target found for /home/ysyx/Project/chisel_gen/src/main/scala/core.scala. Using presentation compiler with project's scala-library version: 3.3.1
2024.02.22 22:01:09 INFO  Attempting to connect to the build server...
2024.02.22 22:01:09 INFO  Bloop uses /opt/jdk/jdk1.8.0_181 defined at /home/ysyx/.bloop/bloop.json
2024.02.22 22:01:09 INFO  tracing is disabled for protocol BSP, to enable tracing of incoming and outgoing JSON messages create an empty file at /home/ysyx/Project/chisel_gen/project/.metals/bsp.trace.json or /home/ysyx/.cache/metals/bsp.trace.json
2024.02.22 22:01:09 INFO  time: Connected to build server in 16s
2024.02.22 22:01:09 INFO  Connected to Build server: Bloop v1.5.15
2024.02.22 22:01:10 INFO  time: indexed workspace in 0.95s
2024.02.22 22:01:10 WARN  Bloop is running with 1.8.0_181 but your code requires 1.8.0_181 to compile, this might cause some compilation issues when using JDK API unsupported by the Bloop's current JVM version
2024.02.22 22:01:10 INFO  compiling chisel_gen (17 scala sources)
2024.02.22 22:01:15 INFO  time: compiled chisel_gen in 5.32s
2024.02.22 22:01:15 WARN  Bloop is running with 1.8.0_181 but your code requires 1.8.0_181 to compile, this might cause some compilation issues when using JDK API unsupported by the Bloop's current JVM version
2024.02.22 22:02:08 WARN  Bloop is running with 1.8.0_181 but your code requires 1.8.0_181 to compile, this might cause some compilation issues when using JDK API unsupported by the Bloop's current JVM version
2024.02.22 22:02:08 INFO  compiling chisel_gen (1 scala source)
2024.02.22 22:02:08 INFO  time: compiled chisel_gen in 0.84s
Feb 22, 2024 10:02:48 PM org.eclipse.lsp4j.jsonrpc.services.GenericEndpoint notify
INFO: Unsupported notification method: $/setTrace
